{"/home/viper/Projects/atrifex/forge_atrifex_backend/src/app.js": {"path":"/home/viper/Projects/atrifex/forge_atrifex_backend/src/app.js","statementMap":{"0":{"start":{"line":31,"column":0},"end":{"line":31,"column":16}},"1":{"start":{"line":32,"column":0},"end":{"line":32,"column":14}},"2":{"start":{"line":34,"column":12},"end":{"line":34,"column":21}},"3":{"start":{"line":36,"column":0},"end":{"line":36,"column":18}},"4":{"start":{"line":37,"column":0},"end":{"line":37,"column":29}},"5":{"start":{"line":38,"column":0},"end":{"line":38,"column":23}},"6":{"start":{"line":39,"column":0},"end":{"line":39,"column":34}},"7":{"start":{"line":40,"column":0},"end":{"line":45,"column":2}},"8":{"start":{"line":47,"column":0},"end":{"line":47,"column":40}},"9":{"start":{"line":48,"column":0},"end":{"line":48,"column":62}},"10":{"start":{"line":49,"column":0},"end":{"line":49,"column":24}},"11":{"start":{"line":51,"column":0},"end":{"line":51,"column":86}},"12":{"start":{"line":52,"column":0},"end":{"line":54,"column":3}},"13":{"start":{"line":53,"column":2},"end":{"line":53,"column":24}},"14":{"start":{"line":56,"column":0},"end":{"line":62,"column":3}},"15":{"start":{"line":57,"column":2},"end":{"line":61,"column":5}},"16":{"start":{"line":64,"column":0},"end":{"line":64,"column":37}},"17":{"start":{"line":66,"column":0},"end":{"line":72,"column":1}},"18":{"start":{"line":67,"column":2},"end":{"line":67,"column":47}},"19":{"start":{"line":68,"column":2},"end":{"line":68,"column":50}},"20":{"start":{"line":69,"column":2},"end":{"line":69,"column":36}},"21":{"start":{"line":70,"column":2},"end":{"line":70,"column":44}},"22":{"start":{"line":71,"column":2},"end":{"line":71,"column":41}},"23":{"start":{"line":74,"column":0},"end":{"line":74,"column":33}},"24":{"start":{"line":75,"column":0},"end":{"line":75,"column":34}},"25":{"start":{"line":76,"column":0},"end":{"line":76,"column":34}},"26":{"start":{"line":77,"column":0},"end":{"line":77,"column":40}},"27":{"start":{"line":78,"column":0},"end":{"line":78,"column":34}},"28":{"start":{"line":79,"column":0},"end":{"line":79,"column":50}},"29":{"start":{"line":80,"column":0},"end":{"line":80,"column":41}},"30":{"start":{"line":81,"column":0},"end":{"line":81,"column":43}},"31":{"start":{"line":82,"column":0},"end":{"line":82,"column":38}},"32":{"start":{"line":83,"column":0},"end":{"line":83,"column":29}},"33":{"start":{"line":84,"column":0},"end":{"line":84,"column":37}},"34":{"start":{"line":86,"column":0},"end":{"line":91,"column":3}},"35":{"start":{"line":87,"column":2},"end":{"line":90,"column":5}},"36":{"start":{"line":93,"column":0},"end":{"line":93,"column":25}}},"fnMap":{"0":{"name":"(anonymous_0)","decl":{"start":{"line":52,"column":26},"end":{"line":52,"column":27}},"loc":{"start":{"line":52,"column":40},"end":{"line":54,"column":1}},"line":52},"1":{"name":"(anonymous_1)","decl":{"start":{"line":56,"column":13},"end":{"line":56,"column":14}},"loc":{"start":{"line":56,"column":27},"end":{"line":62,"column":1}},"line":56},"2":{"name":"(anonymous_2)","decl":{"start":{"line":86,"column":8},"end":{"line":86,"column":9}},"loc":{"start":{"line":86,"column":22},"end":{"line":91,"column":1}},"line":86}},"branchMap":{"0":{"loc":{"start":{"line":42,"column":12},"end":{"line":42,"column":61}},"type":"binary-expr","locations":[{"start":{"line":42,"column":12},"end":{"line":42,"column":34}},{"start":{"line":42,"column":38},"end":{"line":42,"column":61}}],"line":42},"1":{"loc":{"start":{"line":66,"column":0},"end":{"line":72,"column":1}},"type":"if","locations":[{"start":{"line":66,"column":0},"end":{"line":72,"column":1}},{"start":{},"end":{}}],"line":66}},"s":{"0":12,"1":12,"2":12,"3":12,"4":12,"5":12,"6":12,"7":12,"8":12,"9":12,"10":12,"11":12,"12":12,"13":0,"14":12,"15":0,"16":12,"17":12,"18":0,"19":0,"20":0,"21":0,"22":0,"23":12,"24":12,"25":12,"26":12,"27":12,"28":12,"29":12,"30":12,"31":12,"32":12,"33":12,"34":12,"35":0,"36":12},"f":{"0":0,"1":0,"2":0},"b":{"0":[12,0],"1":[0,12]},"_coverageSchema":"1a1c01bbd47fc00a2c39e90264f33305004495a9","hash":"96c201fb4997de8323eb3ef7d21e8a6bfad6caac"}
,"/home/viper/Projects/atrifex/forge_atrifex_backend/src/db.js": {"path":"/home/viper/Projects/atrifex/forge_atrifex_backend/src/db.js","statementMap":{"0":{"start":{"line":4,"column":0},"end":{"line":4,"column":16}},"1":{"start":{"line":6,"column":17},"end":{"line":6,"column":19}},"2":{"start":{"line":8,"column":20},"end":{"line":13,"column":2}}},"fnMap":{},"branchMap":{},"s":{"0":0,"1":0,"2":0},"f":{},"b":{}}
,"/home/viper/Projects/atrifex/forge_atrifex_backend/src/server.js": {"path":"/home/viper/Projects/atrifex/forge_atrifex_backend/src/server.js","statementMap":{"0":{"start":{"line":5,"column":13},"end":{"line":5,"column":37}},"1":{"start":{"line":7,"column":15},"end":{"line":9,"column":2}},"2":{"start":{"line":8,"column":2},"end":{"line":8,"column":48}},"3":{"start":{"line":11,"column":0},"end":{"line":11,"column":61}}},"fnMap":{"0":{"name":"(anonymous_0)","decl":{"start":{"line":7,"column":32},"end":{"line":7,"column":33}},"loc":{"start":{"line":7,"column":38},"end":{"line":9,"column":1}},"line":7}},"branchMap":{"0":{"loc":{"start":{"line":5,"column":13},"end":{"line":5,"column":37}},"type":"binary-expr","locations":[{"start":{"line":5,"column":13},"end":{"line":5,"column":29}},{"start":{"line":5,"column":33},"end":{"line":5,"column":37}}],"line":5}},"s":{"0":0,"1":0,"2":0,"3":0},"f":{"0":0},"b":{"0":[0,0]}}
,"/home/viper/Projects/atrifex/forge_atrifex_backend/src/config/env.js": {"path":"/home/viper/Projects/atrifex/forge_atrifex_backend/src/config/env.js","statementMap":{"0":{"start":{"line":3,"column":20},"end":{"line":12,"column":1}},"1":{"start":{"line":14,"column":27},"end":{"line":20,"column":1}},"2":{"start":{"line":15,"column":18},"end":{"line":15,"column":64}},"3":{"start":{"line":15,"column":46},"end":{"line":15,"column":63}},"4":{"start":{"line":17,"column":2},"end":{"line":19,"column":3}},"5":{"start":{"line":18,"column":4},"end":{"line":18,"column":85}}},"fnMap":{"0":{"name":"(anonymous_0)","decl":{"start":{"line":14,"column":27},"end":{"line":14,"column":28}},"loc":{"start":{"line":14,"column":33},"end":{"line":20,"column":1}},"line":14},"1":{"name":"(anonymous_1)","decl":{"start":{"line":15,"column":37},"end":{"line":15,"column":38}},"loc":{"start":{"line":15,"column":46},"end":{"line":15,"column":63}},"line":15}},"branchMap":{"0":{"loc":{"start":{"line":17,"column":2},"end":{"line":19,"column":3}},"type":"if","locations":[{"start":{"line":17,"column":2},"end":{"line":19,"column":3}},{"start":{},"end":{}}],"line":17}},"s":{"0":12,"1":12,"2":12,"3":96,"4":12,"5":0},"f":{"0":12,"1":96},"b":{"0":[0,12]},"_coverageSchema":"1a1c01bbd47fc00a2c39e90264f33305004495a9","hash":"b2f2b64f027ad1a6cf17cebffae33483be164771"}
,"/home/viper/Projects/atrifex/forge_atrifex_backend/src/config/logger.js": {"path":"/home/viper/Projects/atrifex/forge_atrifex_backend/src/config/logger.js","statementMap":{"0":{"start":{"line":3,"column":20},"end":{"line":15,"column":1}},"1":{"start":{"line":17,"column":15},"end":{"line":29,"column":2}}},"fnMap":{},"branchMap":{"0":{"loc":{"start":{"line":18,"column":9},"end":{"line":18,"column":87}},"type":"binary-expr","locations":[{"start":{"line":18,"column":9},"end":{"line":18,"column":30}},{"start":{"line":18,"column":35},"end":{"line":18,"column":86}}],"line":18},"1":{"loc":{"start":{"line":18,"column":35},"end":{"line":18,"column":86}},"type":"cond-expr","locations":[{"start":{"line":18,"column":69},"end":{"line":18,"column":77}},{"start":{"line":18,"column":80},"end":{"line":18,"column":86}}],"line":18},"2":{"loc":{"start":{"line":20,"column":17},"end":{"line":20,"column":54}},"type":"binary-expr","locations":[{"start":{"line":20,"column":17},"end":{"line":20,"column":37}},{"start":{"line":20,"column":41},"end":{"line":20,"column":54}}],"line":20}},"s":{"0":14,"1":14},"f":{},"b":{"0":[14,14],"1":[14,0],"2":[14,0]},"_coverageSchema":"1a1c01bbd47fc00a2c39e90264f33305004495a9","hash":"06fcdabdaeb1edfc6ed4fa2d65a22695194d7f21"}
,"/home/viper/Projects/atrifex/forge_atrifex_backend/src/config/prisma.js": {"path":"/home/viper/Projects/atrifex/forge_atrifex_backend/src/config/prisma.js","statementMap":{"0":{"start":{"line":7,"column":0},"end":{"line":9,"column":1}},"1":{"start":{"line":8,"column":2},"end":{"line":8,"column":52}},"2":{"start":{"line":11,"column":16},"end":{"line":13,"column":2}},"3":{"start":{"line":15,"column":24},"end":{"line":15,"column":34}},"4":{"start":{"line":18,"column":2},"end":{"line":26,"column":4}},"5":{"start":{"line":28,"column":0},"end":{"line":53,"column":1}},"6":{"start":{"line":29,"column":2},"end":{"line":41,"column":5}},"7":{"start":{"line":30,"column":4},"end":{"line":30,"column":64}},"8":{"start":{"line":32,"column":4},"end":{"line":40,"column":5}},"9":{"start":{"line":33,"column":6},"end":{"line":39,"column":8}},"10":{"start":{"line":43,"column":2},"end":{"line":45,"column":5}},"11":{"start":{"line":44,"column":4},"end":{"line":44,"column":89}},"12":{"start":{"line":47,"column":2},"end":{"line":49,"column":5}},"13":{"start":{"line":48,"column":4},"end":{"line":48,"column":90}},"14":{"start":{"line":52,"column":2},"end":{"line":52,"column":58}},"15":{"start":{"line":55,"column":0},"end":{"line":57,"column":1}},"16":{"start":{"line":56,"column":2},"end":{"line":56,"column":34}}},"fnMap":{"0":{"name":"(anonymous_0)","decl":{"start":{"line":29,"column":22},"end":{"line":29,"column":23}},"loc":{"start":{"line":29,"column":33},"end":{"line":41,"column":3}},"line":29},"1":{"name":"(anonymous_1)","decl":{"start":{"line":43,"column":22},"end":{"line":43,"column":23}},"loc":{"start":{"line":43,"column":33},"end":{"line":45,"column":3}},"line":43},"2":{"name":"(anonymous_2)","decl":{"start":{"line":47,"column":21},"end":{"line":47,"column":22}},"loc":{"start":{"line":47,"column":32},"end":{"line":49,"column":3}},"line":47}},"branchMap":{"0":{"loc":{"start":{"line":7,"column":0},"end":{"line":9,"column":1}},"type":"if","locations":[{"start":{"line":7,"column":0},"end":{"line":9,"column":1}},{"start":{},"end":{}}],"line":7},"1":{"loc":{"start":{"line":18,"column":2},"end":{"line":26,"column":4}},"type":"binary-expr","locations":[{"start":{"line":18,"column":2},"end":{"line":18,"column":24}},{"start":{"line":19,"column":2},"end":{"line":26,"column":4}}],"line":18},"2":{"loc":{"start":{"line":28,"column":0},"end":{"line":53,"column":1}},"type":"if","locations":[{"start":{"line":28,"column":0},"end":{"line":53,"column":1}},{"start":{},"end":{}}],"line":28},"3":{"loc":{"start":{"line":32,"column":4},"end":{"line":40,"column":5}},"type":"if","locations":[{"start":{"line":32,"column":4},"end":{"line":40,"column":5}},{"start":{},"end":{}}],"line":32},"4":{"loc":{"start":{"line":55,"column":0},"end":{"line":57,"column":1}},"type":"if","locations":[{"start":{"line":55,"column":0},"end":{"line":57,"column":1}},{"start":{},"end":{}}],"line":55}},"s":{"0":12,"1":0,"2":12,"3":12,"4":12,"5":12,"6":12,"7":0,"8":0,"9":0,"10":12,"11":81,"12":12,"13":0,"14":12,"15":12,"16":12},"f":{"0":0,"1":81,"2":0},"b":{"0":[0,12],"1":[12,12],"2":[12,0],"3":[0,0],"4":[12,0]},"_coverageSchema":"1a1c01bbd47fc00a2c39e90264f33305004495a9","hash":"aaa656d2d4bd234ac531299568ac1b8ea9f858a2"}
,"/home/viper/Projects/atrifex/forge_atrifex_backend/src/config/swagger.js": {"path":"/home/viper/Projects/atrifex/forge_atrifex_backend/src/config/swagger.js","statementMap":{"0":{"start":{"line":3,"column":23},"end":{"line":3,"column":43}},"1":{"start":{"line":5,"column":25},"end":{"line":8,"column":1}},"2":{"start":{"line":10,"column":18},"end":{"line":16,"column":2}},"3":{"start":{"line":10,"column":42},"end":{"line":16,"column":1}},"4":{"start":{"line":18,"column":24},"end":{"line":35,"column":2}},"5":{"start":{"line":18,"column":77},"end":{"line":35,"column":1}},"6":{"start":{"line":37,"column":22},"end":{"line":43,"column":1}},"7":{"start":{"line":45,"column":27},"end":{"line":57,"column":2}},"8":{"start":{"line":45,"column":122},"end":{"line":57,"column":1}},"9":{"start":{"line":59,"column":17},"end":{"line":67,"column":2}},"10":{"start":{"line":59,"column":42},"end":{"line":67,"column":1}},"11":{"start":{"line":70,"column":26},"end":{"line":1073,"column":1}},"12":{"start":{"line":1075,"column":27},"end":{"line":1078,"column":2}},"13":{"start":{"line":1080,"column":32},"end":{"line":1083,"column":1}}},"fnMap":{"0":{"name":"(anonymous_0)","decl":{"start":{"line":10,"column":18},"end":{"line":10,"column":19}},"loc":{"start":{"line":10,"column":42},"end":{"line":16,"column":1}},"line":10},"1":{"name":"(anonymous_1)","decl":{"start":{"line":18,"column":24},"end":{"line":18,"column":25}},"loc":{"start":{"line":18,"column":77},"end":{"line":35,"column":1}},"line":18},"2":{"name":"(anonymous_2)","decl":{"start":{"line":45,"column":27},"end":{"line":45,"column":28}},"loc":{"start":{"line":45,"column":122},"end":{"line":57,"column":1}},"line":45},"3":{"name":"(anonymous_3)","decl":{"start":{"line":59,"column":17},"end":{"line":59,"column":18}},"loc":{"start":{"line":59,"column":42},"end":{"line":67,"column":1}},"line":59}},"branchMap":{"0":{"loc":{"start":{"line":18,"column":36},"end":{"line":18,"column":71}},"type":"default-arg","locations":[{"start":{"line":18,"column":50},"end":{"line":18,"column":71}}],"line":18},"1":{"loc":{"start":{"line":45,"column":71},"end":{"line":45,"column":86}},"type":"default-arg","locations":[{"start":{"line":45,"column":84},"end":{"line":45,"column":86}}],"line":45},"2":{"loc":{"start":{"line":45,"column":100},"end":{"line":45,"column":114}},"type":"default-arg","locations":[{"start":{"line":45,"column":112},"end":{"line":45,"column":114}}],"line":45},"3":{"loc":{"start":{"line":51,"column":6},"end":{"line":51,"column":40}},"type":"cond-expr","locations":[{"start":{"line":51,"column":20},"end":{"line":51,"column":35}},{"start":{"line":51,"column":38},"end":{"line":51,"column":40}}],"line":51},"4":{"loc":{"start":{"line":53,"column":25},"end":{"line":53,"column":57}},"type":"binary-expr","locations":[{"start":{"line":53,"column":25},"end":{"line":53,"column":35}},{"start":{"line":53,"column":39},"end":{"line":53,"column":57}}],"line":53},"5":{"loc":{"start":{"line":64,"column":10},"end":{"line":64,"column":36}},"type":"cond-expr","locations":[{"start":{"line":64,"column":20},"end":{"line":64,"column":31}},{"start":{"line":64,"column":34},"end":{"line":64,"column":36}}],"line":64}},"s":{"0":13,"1":13,"2":13,"3":442,"4":13,"5":858,"6":13,"7":13,"8":780,"9":13,"10":195,"11":13,"12":13,"13":13},"f":{"0":442,"1":858,"2":780,"3":195},"b":{"0":[780],"1":[260],"2":[728],"3":[169,611],"4":[780,0],"5":[195,0]},"_coverageSchema":"1a1c01bbd47fc00a2c39e90264f33305004495a9","hash":"8cfe5f759f8f0753d2780c188358632201c7bdf2"}
,"/home/viper/Projects/atrifex/forge_atrifex_backend/src/controllers/activity.controller.js": {"path":"/home/viper/Projects/atrifex/forge_atrifex_backend/src/controllers/activity.controller.js","statementMap":{"0":{"start":{"line":6,"column":18},"end":{"line":6,"column":94}},"1":{"start":{"line":7,"column":20},"end":{"line":18,"column":2}},"2":{"start":{"line":20,"column":19},"end":{"line":33,"column":1}},"3":{"start":{"line":35,"column":24},"end":{"line":45,"column":1}},"4":{"start":{"line":47,"column":20},"end":{"line":47,"column":72}},"5":{"start":{"line":47,"column":28},"end":{"line":47,"column":72}},"6":{"start":{"line":49,"column":24},"end":{"line":58,"column":1}},"7":{"start":{"line":50,"column":15},"end":{"line":50,"column":63}},"8":{"start":{"line":51,"column":16},"end":{"line":51,"column":81}},"9":{"start":{"line":53,"column":2},"end":{"line":57,"column":4}},"10":{"start":{"line":60,"column":18},"end":{"line":72,"column":1}},"11":{"start":{"line":61,"column":2},"end":{"line":63,"column":3}},"12":{"start":{"line":62,"column":4},"end":{"line":62,"column":16}},"13":{"start":{"line":65,"column":15},"end":{"line":65,"column":30}},"14":{"start":{"line":67,"column":2},"end":{"line":69,"column":3}},"15":{"start":{"line":68,"column":4},"end":{"line":68,"column":65}},"16":{"start":{"line":71,"column":2},"end":{"line":71,"column":14}},"17":{"start":{"line":74,"column":28},"end":{"line":86,"column":1}},"18":{"start":{"line":75,"column":2},"end":{"line":77,"column":3}},"19":{"start":{"line":76,"column":4},"end":{"line":76,"column":16}},"20":{"start":{"line":79,"column":21},"end":{"line":79,"column":60}},"21":{"start":{"line":81,"column":2},"end":{"line":83,"column":3}},"22":{"start":{"line":82,"column":4},"end":{"line":82,"column":50}},"23":{"start":{"line":85,"column":2},"end":{"line":85,"column":20}},"24":{"start":{"line":88,"column":29},"end":{"line":181,"column":1}},"25":{"start":{"line":89,"column":2},"end":{"line":95,"column":3}},"26":{"start":{"line":90,"column":4},"end":{"line":94,"column":6}},"27":{"start":{"line":97,"column":2},"end":{"line":137,"column":3}},"28":{"start":{"line":98,"column":18},"end":{"line":107,"column":6}},"29":{"start":{"line":108,"column":20},"end":{"line":108,"column":48}},"30":{"start":{"line":108,"column":40},"end":{"line":108,"column":47}},"31":{"start":{"line":109,"column":21},"end":{"line":119,"column":6}},"32":{"start":{"line":120,"column":23},"end":{"line":120,"column":60}},"33":{"start":{"line":120,"column":49},"end":{"line":120,"column":59}},"34":{"start":{"line":121,"column":18},"end":{"line":130,"column":6}},"35":{"start":{"line":132,"column":4},"end":{"line":136,"column":6}},"36":{"start":{"line":135,"column":35},"end":{"line":135,"column":42}},"37":{"start":{"line":139,"column":22},"end":{"line":150,"column":4}},"38":{"start":{"line":151,"column":18},"end":{"line":151,"column":68}},"39":{"start":{"line":151,"column":50},"end":{"line":151,"column":67}},"40":{"start":{"line":152,"column":19},"end":{"line":162,"column":4}},"41":{"start":{"line":163,"column":21},"end":{"line":163,"column":58}},"42":{"start":{"line":163,"column":47},"end":{"line":163,"column":57}},"43":{"start":{"line":164,"column":16},"end":{"line":174,"column":4}},"44":{"start":{"line":176,"column":2},"end":{"line":180,"column":4}},"45":{"start":{"line":179,"column":33},"end":{"line":179,"column":40}},"46":{"start":{"line":183,"column":34},"end":{"line":232,"column":1}},"47":{"start":{"line":184,"column":20},"end":{"line":187,"column":3}},"48":{"start":{"line":189,"column":2},"end":{"line":191,"column":3}},"49":{"start":{"line":190,"column":4},"end":{"line":190,"column":21}},"50":{"start":{"line":193,"column":16},"end":{"line":193,"column":48}},"51":{"start":{"line":194,"column":29},"end":{"line":198,"column":3}},"52":{"start":{"line":200,"column":2},"end":{"line":207,"column":3}},"53":{"start":{"line":201,"column":4},"end":{"line":206,"column":7}},"54":{"start":{"line":209,"column":2},"end":{"line":216,"column":3}},"55":{"start":{"line":210,"column":4},"end":{"line":215,"column":7}},"56":{"start":{"line":218,"column":2},"end":{"line":225,"column":3}},"57":{"start":{"line":219,"column":4},"end":{"line":224,"column":7}},"58":{"start":{"line":227,"column":2},"end":{"line":231,"column":4}},"59":{"start":{"line":234,"column":29},"end":{"line":278,"column":1}},"60":{"start":{"line":235,"column":21},"end":{"line":235,"column":58}},"61":{"start":{"line":236,"column":20},"end":{"line":236,"column":77}},"62":{"start":{"line":237,"column":18},"end":{"line":237,"column":69}},"63":{"start":{"line":239,"column":2},"end":{"line":241,"column":3}},"64":{"start":{"line":240,"column":4},"end":{"line":240,"column":34}},"65":{"start":{"line":243,"column":2},"end":{"line":249,"column":3}},"66":{"start":{"line":244,"column":4},"end":{"line":246,"column":5}},"67":{"start":{"line":245,"column":6},"end":{"line":245,"column":48}},"68":{"start":{"line":248,"column":4},"end":{"line":248,"column":33}},"69":{"start":{"line":251,"column":2},"end":{"line":258,"column":3}},"70":{"start":{"line":252,"column":4},"end":{"line":254,"column":5}},"71":{"start":{"line":253,"column":6},"end":{"line":253,"column":51}},"72":{"start":{"line":256,"column":4},"end":{"line":256,"column":33}},"73":{"start":{"line":257,"column":4},"end":{"line":257,"column":37}},"74":{"start":{"line":260,"column":2},"end":{"line":267,"column":3}},"75":{"start":{"line":261,"column":4},"end":{"line":263,"column":5}},"76":{"start":{"line":262,"column":6},"end":{"line":262,"column":48}},"77":{"start":{"line":265,"column":4},"end":{"line":265,"column":30}},"78":{"start":{"line":266,"column":4},"end":{"line":266,"column":34}},"79":{"start":{"line":269,"column":2},"end":{"line":275,"column":3}},"80":{"start":{"line":271,"column":4},"end":{"line":274,"column":6}},"81":{"start":{"line":277,"column":2},"end":{"line":277,"column":15}},"82":{"start":{"line":280,"column":23},"end":{"line":290,"column":2}},"83":{"start":{"line":280,"column":38},"end":{"line":290,"column":1}},"84":{"start":{"line":292,"column":35},"end":{"line":320,"column":1}},"85":{"start":{"line":293,"column":2},"end":{"line":295,"column":3}},"86":{"start":{"line":294,"column":4},"end":{"line":294,"column":46}},"87":{"start":{"line":297,"column":15},"end":{"line":315,"column":4}},"88":{"start":{"line":317,"column":2},"end":{"line":319,"column":3}},"89":{"start":{"line":318,"column":4},"end":{"line":318,"column":46}},"90":{"start":{"line":322,"column":38},"end":{"line":358,"column":1}},"91":{"start":{"line":323,"column":2},"end":{"line":325,"column":3}},"92":{"start":{"line":324,"column":4},"end":{"line":324,"column":49}},"93":{"start":{"line":327,"column":18},"end":{"line":353,"column":4}},"94":{"start":{"line":355,"column":2},"end":{"line":357,"column":3}},"95":{"start":{"line":356,"column":4},"end":{"line":356,"column":49}},"96":{"start":{"line":360,"column":31},"end":{"line":410,"column":1}},"97":{"start":{"line":361,"column":19},"end":{"line":368,"column":4}},"98":{"start":{"line":369,"column":21},"end":{"line":369,"column":58}},"99":{"start":{"line":369,"column":47},"end":{"line":369,"column":57}},"100":{"start":{"line":370,"column":16},"end":{"line":379,"column":4}},"101":{"start":{"line":380,"column":18},"end":{"line":380,"column":46}},"102":{"start":{"line":380,"column":38},"end":{"line":380,"column":45}},"103":{"start":{"line":381,"column":23},"end":{"line":386,"column":3}},"104":{"start":{"line":388,"column":2},"end":{"line":395,"column":3}},"105":{"start":{"line":389,"column":4},"end":{"line":394,"column":7}},"106":{"start":{"line":397,"column":2},"end":{"line":404,"column":3}},"107":{"start":{"line":398,"column":4},"end":{"line":403,"column":7}},"108":{"start":{"line":406,"column":2},"end":{"line":409,"column":4}},"109":{"start":{"line":412,"column":34},"end":{"line":442,"column":1}},"110":{"start":{"line":413,"column":16},"end":{"line":420,"column":4}},"111":{"start":{"line":421,"column":18},"end":{"line":421,"column":46}},"112":{"start":{"line":421,"column":38},"end":{"line":421,"column":45}},"113":{"start":{"line":422,"column":23},"end":{"line":427,"column":3}},"114":{"start":{"line":429,"column":2},"end":{"line":436,"column":3}},"115":{"start":{"line":430,"column":4},"end":{"line":435,"column":7}},"116":{"start":{"line":438,"column":2},"end":{"line":441,"column":4}},"117":{"start":{"line":444,"column":31},"end":{"line":473,"column":2}},"118":{"start":{"line":445,"column":32},"end":{"line":445,"column":80}},"119":{"start":{"line":446,"column":16},"end":{"line":446,"column":90}},"120":{"start":{"line":448,"column":30},"end":{"line":459,"column":4}},"121":{"start":{"line":461,"column":2},"end":{"line":472,"column":4}},"122":{"start":{"line":475,"column":31},"end":{"line":493,"column":2}},"123":{"start":{"line":476,"column":2},"end":{"line":478,"column":3}},"124":{"start":{"line":477,"column":4},"end":{"line":477,"column":51}},"125":{"start":{"line":480,"column":19},"end":{"line":486,"column":4}},"126":{"start":{"line":488,"column":2},"end":{"line":490,"column":3}},"127":{"start":{"line":489,"column":4},"end":{"line":489,"column":50}},"128":{"start":{"line":492,"column":2},"end":{"line":492,"column":100}},"129":{"start":{"line":495,"column":31},"end":{"line":529,"column":2}},"130":{"start":{"line":496,"column":32},"end":{"line":496,"column":80}},"131":{"start":{"line":498,"column":2},"end":{"line":498,"column":64}},"132":{"start":{"line":500,"column":16},"end":{"line":502,"column":3}},"133":{"start":{"line":504,"column":30},"end":{"line":515,"column":4}},"134":{"start":{"line":517,"column":2},"end":{"line":528,"column":4}},"135":{"start":{"line":531,"column":34},"end":{"line":565,"column":2}},"136":{"start":{"line":532,"column":32},"end":{"line":532,"column":80}},"137":{"start":{"line":534,"column":2},"end":{"line":534,"column":70}},"138":{"start":{"line":536,"column":16},"end":{"line":538,"column":3}},"139":{"start":{"line":540,"column":30},"end":{"line":551,"column":4}},"140":{"start":{"line":553,"column":2},"end":{"line":564,"column":4}}},"fnMap":{"0":{"name":"(anonymous_0)","decl":{"start":{"line":47,"column":20},"end":{"line":47,"column":21}},"loc":{"start":{"line":47,"column":28},"end":{"line":47,"column":72}},"line":47},"1":{"name":"(anonymous_1)","decl":{"start":{"line":49,"column":24},"end":{"line":49,"column":25}},"loc":{"start":{"line":49,"column":51},"end":{"line":58,"column":1}},"line":49},"2":{"name":"(anonymous_2)","decl":{"start":{"line":60,"column":18},"end":{"line":60,"column":19}},"loc":{"start":{"line":60,"column":40},"end":{"line":72,"column":1}},"line":60},"3":{"name":"(anonymous_3)","decl":{"start":{"line":74,"column":28},"end":{"line":74,"column":29}},"loc":{"start":{"line":74,"column":44},"end":{"line":86,"column":1}},"line":74},"4":{"name":"(anonymous_4)","decl":{"start":{"line":88,"column":29},"end":{"line":88,"column":30}},"loc":{"start":{"line":88,"column":45},"end":{"line":181,"column":1}},"line":88},"5":{"name":"(anonymous_5)","decl":{"start":{"line":108,"column":30},"end":{"line":108,"column":31}},"loc":{"start":{"line":108,"column":40},"end":{"line":108,"column":47}},"line":108},"6":{"name":"(anonymous_6)","decl":{"start":{"line":120,"column":36},"end":{"line":120,"column":37}},"loc":{"start":{"line":120,"column":49},"end":{"line":120,"column":59}},"line":120},"7":{"name":"(anonymous_7)","decl":{"start":{"line":135,"column":25},"end":{"line":135,"column":26}},"loc":{"start":{"line":135,"column":35},"end":{"line":135,"column":42}},"line":135},"8":{"name":"(anonymous_8)","decl":{"start":{"line":151,"column":34},"end":{"line":151,"column":35}},"loc":{"start":{"line":151,"column":50},"end":{"line":151,"column":67}},"line":151},"9":{"name":"(anonymous_9)","decl":{"start":{"line":163,"column":34},"end":{"line":163,"column":35}},"loc":{"start":{"line":163,"column":47},"end":{"line":163,"column":57}},"line":163},"10":{"name":"(anonymous_10)","decl":{"start":{"line":179,"column":23},"end":{"line":179,"column":24}},"loc":{"start":{"line":179,"column":33},"end":{"line":179,"column":40}},"line":179},"11":{"name":"(anonymous_11)","decl":{"start":{"line":183,"column":34},"end":{"line":183,"column":35}},"loc":{"start":{"line":183,"column":50},"end":{"line":232,"column":1}},"line":183},"12":{"name":"(anonymous_12)","decl":{"start":{"line":234,"column":29},"end":{"line":234,"column":30}},"loc":{"start":{"line":234,"column":47},"end":{"line":278,"column":1}},"line":234},"13":{"name":"(anonymous_13)","decl":{"start":{"line":280,"column":23},"end":{"line":280,"column":24}},"loc":{"start":{"line":280,"column":38},"end":{"line":290,"column":1}},"line":280},"14":{"name":"(anonymous_14)","decl":{"start":{"line":292,"column":35},"end":{"line":292,"column":36}},"loc":{"start":{"line":292,"column":59},"end":{"line":320,"column":1}},"line":292},"15":{"name":"(anonymous_15)","decl":{"start":{"line":322,"column":38},"end":{"line":322,"column":39}},"loc":{"start":{"line":322,"column":65},"end":{"line":358,"column":1}},"line":322},"16":{"name":"(anonymous_16)","decl":{"start":{"line":360,"column":31},"end":{"line":360,"column":32}},"loc":{"start":{"line":360,"column":49},"end":{"line":410,"column":1}},"line":360},"17":{"name":"(anonymous_17)","decl":{"start":{"line":369,"column":34},"end":{"line":369,"column":35}},"loc":{"start":{"line":369,"column":47},"end":{"line":369,"column":57}},"line":369},"18":{"name":"(anonymous_18)","decl":{"start":{"line":380,"column":28},"end":{"line":380,"column":29}},"loc":{"start":{"line":380,"column":38},"end":{"line":380,"column":45}},"line":380},"19":{"name":"(anonymous_19)","decl":{"start":{"line":412,"column":34},"end":{"line":412,"column":35}},"loc":{"start":{"line":412,"column":55},"end":{"line":442,"column":1}},"line":412},"20":{"name":"(anonymous_20)","decl":{"start":{"line":421,"column":28},"end":{"line":421,"column":29}},"loc":{"start":{"line":421,"column":38},"end":{"line":421,"column":45}},"line":421},"21":{"name":"(anonymous_21)","decl":{"start":{"line":444,"column":44},"end":{"line":444,"column":45}},"loc":{"start":{"line":444,"column":64},"end":{"line":473,"column":1}},"line":444},"22":{"name":"(anonymous_22)","decl":{"start":{"line":475,"column":44},"end":{"line":475,"column":45}},"loc":{"start":{"line":475,"column":64},"end":{"line":493,"column":1}},"line":475},"23":{"name":"(anonymous_23)","decl":{"start":{"line":495,"column":44},"end":{"line":495,"column":45}},"loc":{"start":{"line":495,"column":64},"end":{"line":529,"column":1}},"line":495},"24":{"name":"(anonymous_24)","decl":{"start":{"line":531,"column":47},"end":{"line":531,"column":48}},"loc":{"start":{"line":531,"column":67},"end":{"line":565,"column":1}},"line":531}},"branchMap":{"0":{"loc":{"start":{"line":47,"column":28},"end":{"line":47,"column":72}},"type":"binary-expr","locations":[{"start":{"line":47,"column":28},"end":{"line":47,"column":50}},{"start":{"line":47,"column":54},"end":{"line":47,"column":72}}],"line":47},"1":{"loc":{"start":{"line":50,"column":24},"end":{"line":50,"column":59}},"type":"binary-expr","locations":[{"start":{"line":50,"column":24},"end":{"line":50,"column":54}},{"start":{"line":50,"column":58},"end":{"line":50,"column":59}}],"line":50},"2":{"loc":{"start":{"line":51,"column":34},"end":{"line":51,"column":71}},"type":"binary-expr","locations":[{"start":{"line":51,"column":34},"end":{"line":51,"column":65}},{"start":{"line":51,"column":69},"end":{"line":51,"column":71}}],"line":51},"3":{"loc":{"start":{"line":61,"column":2},"end":{"line":63,"column":3}},"type":"if","locations":[{"start":{"line":61,"column":2},"end":{"line":63,"column":3}},{"start":{},"end":{}}],"line":61},"4":{"loc":{"start":{"line":67,"column":2},"end":{"line":69,"column":3}},"type":"if","locations":[{"start":{"line":67,"column":2},"end":{"line":69,"column":3}},{"start":{},"end":{}}],"line":67},"5":{"loc":{"start":{"line":75,"column":2},"end":{"line":77,"column":3}},"type":"if","locations":[{"start":{"line":75,"column":2},"end":{"line":77,"column":3}},{"start":{},"end":{}}],"line":75},"6":{"loc":{"start":{"line":81,"column":2},"end":{"line":83,"column":3}},"type":"if","locations":[{"start":{"line":81,"column":2},"end":{"line":83,"column":3}},{"start":{},"end":{}}],"line":81},"7":{"loc":{"start":{"line":89,"column":2},"end":{"line":95,"column":3}},"type":"if","locations":[{"start":{"line":89,"column":2},"end":{"line":95,"column":3}},{"start":{},"end":{}}],"line":89},"8":{"loc":{"start":{"line":97,"column":2},"end":{"line":137,"column":3}},"type":"if","locations":[{"start":{"line":97,"column":2},"end":{"line":137,"column":3}},{"start":{},"end":{}}],"line":97},"9":{"loc":{"start":{"line":189,"column":2},"end":{"line":191,"column":3}},"type":"if","locations":[{"start":{"line":189,"column":2},"end":{"line":191,"column":3}},{"start":{},"end":{}}],"line":189},"10":{"loc":{"start":{"line":200,"column":2},"end":{"line":207,"column":3}},"type":"if","locations":[{"start":{"line":200,"column":2},"end":{"line":207,"column":3}},{"start":{},"end":{}}],"line":200},"11":{"loc":{"start":{"line":209,"column":2},"end":{"line":216,"column":3}},"type":"if","locations":[{"start":{"line":209,"column":2},"end":{"line":216,"column":3}},{"start":{},"end":{}}],"line":209},"12":{"loc":{"start":{"line":218,"column":2},"end":{"line":225,"column":3}},"type":"if","locations":[{"start":{"line":218,"column":2},"end":{"line":225,"column":3}},{"start":{},"end":{}}],"line":218},"13":{"loc":{"start":{"line":236,"column":30},"end":{"line":236,"column":63}},"type":"binary-expr","locations":[{"start":{"line":236,"column":30},"end":{"line":236,"column":45}},{"start":{"line":236,"column":49},"end":{"line":236,"column":63}}],"line":236},"14":{"loc":{"start":{"line":237,"column":28},"end":{"line":237,"column":57}},"type":"binary-expr","locations":[{"start":{"line":237,"column":28},"end":{"line":237,"column":41}},{"start":{"line":237,"column":45},"end":{"line":237,"column":57}}],"line":237},"15":{"loc":{"start":{"line":239,"column":2},"end":{"line":241,"column":3}},"type":"if","locations":[{"start":{"line":239,"column":2},"end":{"line":241,"column":3}},{"start":{},"end":{}}],"line":239},"16":{"loc":{"start":{"line":243,"column":2},"end":{"line":249,"column":3}},"type":"if","locations":[{"start":{"line":243,"column":2},"end":{"line":249,"column":3}},{"start":{},"end":{}}],"line":243},"17":{"loc":{"start":{"line":244,"column":4},"end":{"line":246,"column":5}},"type":"if","locations":[{"start":{"line":244,"column":4},"end":{"line":246,"column":5}},{"start":{},"end":{}}],"line":244},"18":{"loc":{"start":{"line":251,"column":2},"end":{"line":258,"column":3}},"type":"if","locations":[{"start":{"line":251,"column":2},"end":{"line":258,"column":3}},{"start":{},"end":{}}],"line":251},"19":{"loc":{"start":{"line":252,"column":4},"end":{"line":254,"column":5}},"type":"if","locations":[{"start":{"line":252,"column":4},"end":{"line":254,"column":5}},{"start":{},"end":{}}],"line":252},"20":{"loc":{"start":{"line":260,"column":2},"end":{"line":267,"column":3}},"type":"if","locations":[{"start":{"line":260,"column":2},"end":{"line":267,"column":3}},{"start":{},"end":{}}],"line":260},"21":{"loc":{"start":{"line":261,"column":4},"end":{"line":263,"column":5}},"type":"if","locations":[{"start":{"line":261,"column":4},"end":{"line":263,"column":5}},{"start":{},"end":{}}],"line":261},"22":{"loc":{"start":{"line":269,"column":2},"end":{"line":275,"column":3}},"type":"if","locations":[{"start":{"line":269,"column":2},"end":{"line":275,"column":3}},{"start":{},"end":{}}],"line":269},"23":{"loc":{"start":{"line":269,"column":6},"end":{"line":269,"column":26}},"type":"binary-expr","locations":[{"start":{"line":269,"column":6},"end":{"line":269,"column":15}},{"start":{"line":269,"column":19},"end":{"line":269,"column":26}}],"line":269},"24":{"loc":{"start":{"line":272,"column":10},"end":{"line":272,"column":45}},"type":"cond-expr","locations":[{"start":{"line":272,"column":22},"end":{"line":272,"column":40}},{"start":{"line":272,"column":43},"end":{"line":272,"column":45}}],"line":272},"25":{"loc":{"start":{"line":273,"column":10},"end":{"line":273,"column":41}},"type":"cond-expr","locations":[{"start":{"line":273,"column":20},"end":{"line":273,"column":36}},{"start":{"line":273,"column":39},"end":{"line":273,"column":41}}],"line":273},"26":{"loc":{"start":{"line":293,"column":2},"end":{"line":295,"column":3}},"type":"if","locations":[{"start":{"line":293,"column":2},"end":{"line":295,"column":3}},{"start":{},"end":{}}],"line":293},"27":{"loc":{"start":{"line":301,"column":10},"end":{"line":301,"column":62}},"type":"cond-expr","locations":[{"start":{"line":301,"column":38},"end":{"line":301,"column":57}},{"start":{"line":301,"column":60},"end":{"line":301,"column":62}}],"line":301},"28":{"loc":{"start":{"line":302,"column":10},"end":{"line":310,"column":12}},"type":"cond-expr","locations":[{"start":{"line":303,"column":10},"end":{"line":309,"column":11}},{"start":{"line":310,"column":10},"end":{"line":310,"column":12}}],"line":302},"29":{"loc":{"start":{"line":317,"column":2},"end":{"line":319,"column":3}},"type":"if","locations":[{"start":{"line":317,"column":2},"end":{"line":319,"column":3}},{"start":{},"end":{}}],"line":317},"30":{"loc":{"start":{"line":323,"column":2},"end":{"line":325,"column":3}},"type":"if","locations":[{"start":{"line":323,"column":2},"end":{"line":325,"column":3}},{"start":{},"end":{}}],"line":323},"31":{"loc":{"start":{"line":331,"column":10},"end":{"line":337,"column":12}},"type":"cond-expr","locations":[{"start":{"line":332,"column":10},"end":{"line":336,"column":11}},{"start":{"line":337,"column":10},"end":{"line":337,"column":12}}],"line":331},"32":{"loc":{"start":{"line":338,"column":10},"end":{"line":348,"column":12}},"type":"cond-expr","locations":[{"start":{"line":339,"column":10},"end":{"line":347,"column":11}},{"start":{"line":348,"column":10},"end":{"line":348,"column":12}}],"line":338},"33":{"loc":{"start":{"line":355,"column":2},"end":{"line":357,"column":3}},"type":"if","locations":[{"start":{"line":355,"column":2},"end":{"line":357,"column":3}},{"start":{},"end":{}}],"line":355},"34":{"loc":{"start":{"line":388,"column":2},"end":{"line":395,"column":3}},"type":"if","locations":[{"start":{"line":388,"column":2},"end":{"line":395,"column":3}},{"start":{},"end":{}}],"line":388},"35":{"loc":{"start":{"line":397,"column":2},"end":{"line":404,"column":3}},"type":"if","locations":[{"start":{"line":397,"column":2},"end":{"line":404,"column":3}},{"start":{},"end":{}}],"line":397},"36":{"loc":{"start":{"line":429,"column":2},"end":{"line":436,"column":3}},"type":"if","locations":[{"start":{"line":429,"column":2},"end":{"line":436,"column":3}},{"start":{},"end":{}}],"line":429},"37":{"loc":{"start":{"line":476,"column":2},"end":{"line":478,"column":3}},"type":"if","locations":[{"start":{"line":476,"column":2},"end":{"line":478,"column":3}},{"start":{},"end":{}}],"line":476},"38":{"loc":{"start":{"line":488,"column":2},"end":{"line":490,"column":3}},"type":"if","locations":[{"start":{"line":488,"column":2},"end":{"line":490,"column":3}},{"start":{},"end":{}}],"line":488}},"s":{"0":12,"1":12,"2":12,"3":12,"4":12,"5":0,"6":12,"7":0,"8":0,"9":0,"10":12,"11":0,"12":0,"13":0,"14":0,"15":0,"16":0,"17":12,"18":0,"19":0,"20":0,"21":0,"22":0,"23":0,"24":12,"25":0,"26":0,"27":0,"28":0,"29":0,"30":0,"31":0,"32":0,"33":0,"34":0,"35":0,"36":0,"37":0,"38":0,"39":0,"40":0,"41":0,"42":0,"43":0,"44":0,"45":0,"46":12,"47":0,"48":0,"49":0,"50":0,"51":0,"52":0,"53":0,"54":0,"55":0,"56":0,"57":0,"58":0,"59":12,"60":0,"61":0,"62":0,"63":0,"64":0,"65":0,"66":0,"67":0,"68":0,"69":0,"70":0,"71":0,"72":0,"73":0,"74":0,"75":0,"76":0,"77":0,"78":0,"79":0,"80":0,"81":0,"82":12,"83":0,"84":12,"85":0,"86":0,"87":0,"88":0,"89":0,"90":12,"91":0,"92":0,"93":0,"94":0,"95":0,"96":12,"97":0,"98":0,"99":0,"100":0,"101":0,"102":0,"103":0,"104":0,"105":0,"106":0,"107":0,"108":0,"109":12,"110":0,"111":0,"112":0,"113":0,"114":0,"115":0,"116":0,"117":12,"118":0,"119":0,"120":0,"121":0,"122":12,"123":0,"124":0,"125":0,"126":0,"127":0,"128":0,"129":12,"130":0,"131":0,"132":0,"133":0,"134":0,"135":12,"136":0,"137":0,"138":0,"139":0,"140":0},"f":{"0":0,"1":0,"2":0,"3":0,"4":0,"5":0,"6":0,"7":0,"8":0,"9":0,"10":0,"11":0,"12":0,"13":0,"14":0,"15":0,"16":0,"17":0,"18":0,"19":0,"20":0,"21":0,"22":0,"23":0,"24":0},"b":{"0":[0,0],"1":[0,0],"2":[0,0],"3":[0,0],"4":[0,0],"5":[0,0],"6":[0,0],"7":[0,0],"8":[0,0],"9":[0,0],"10":[0,0],"11":[0,0],"12":[0,0],"13":[0,0],"14":[0,0],"15":[0,0],"16":[0,0],"17":[0,0],"18":[0,0],"19":[0,0],"20":[0,0],"21":[0,0],"22":[0,0],"23":[0,0],"24":[0,0],"25":[0,0],"26":[0,0],"27":[0,0],"28":[0,0],"29":[0,0],"30":[0,0],"31":[0,0],"32":[0,0],"33":[0,0],"34":[0,0],"35":[0,0],"36":[0,0],"37":[0,0],"38":[0,0]},"_coverageSchema":"1a1c01bbd47fc00a2c39e90264f33305004495a9","hash":"dcfb75fc05b595733aecc18ec5a3d25415b0578c"}
,"/home/viper/Projects/atrifex/forge_atrifex_backend/src/controllers/ai.controller.js": {"path":"/home/viper/Projects/atrifex/forge_atrifex_backend/src/controllers/ai.controller.js","statementMap":{"0":{"start":{"line":11,"column":31},"end":{"line":18,"column":2}},"1":{"start":{"line":12,"column":2},"end":{"line":17,"column":4}},"2":{"start":{"line":20,"column":28},"end":{"line":27,"column":2}},"3":{"start":{"line":21,"column":2},"end":{"line":26,"column":4}},"4":{"start":{"line":29,"column":28},"end":{"line":36,"column":2}},"5":{"start":{"line":30,"column":2},"end":{"line":35,"column":4}},"6":{"start":{"line":38,"column":31},"end":{"line":45,"column":2}},"7":{"start":{"line":39,"column":2},"end":{"line":44,"column":4}},"8":{"start":{"line":47,"column":32},"end":{"line":54,"column":2}},"9":{"start":{"line":48,"column":2},"end":{"line":53,"column":4}}},"fnMap":{"0":{"name":"(anonymous_0)","decl":{"start":{"line":11,"column":44},"end":{"line":11,"column":45}},"loc":{"start":{"line":11,"column":64},"end":{"line":18,"column":1}},"line":11},"1":{"name":"(anonymous_1)","decl":{"start":{"line":20,"column":41},"end":{"line":20,"column":42}},"loc":{"start":{"line":20,"column":61},"end":{"line":27,"column":1}},"line":20},"2":{"name":"(anonymous_2)","decl":{"start":{"line":29,"column":41},"end":{"line":29,"column":42}},"loc":{"start":{"line":29,"column":61},"end":{"line":36,"column":1}},"line":29},"3":{"name":"(anonymous_3)","decl":{"start":{"line":38,"column":44},"end":{"line":38,"column":45}},"loc":{"start":{"line":38,"column":64},"end":{"line":45,"column":1}},"line":38},"4":{"name":"(anonymous_4)","decl":{"start":{"line":47,"column":45},"end":{"line":47,"column":46}},"loc":{"start":{"line":47,"column":65},"end":{"line":54,"column":1}},"line":47}},"branchMap":{},"s":{"0":12,"1":0,"2":12,"3":0,"4":12,"5":0,"6":12,"7":0,"8":12,"9":0},"f":{"0":0,"1":0,"2":0,"3":0,"4":0},"b":{},"_coverageSchema":"1a1c01bbd47fc00a2c39e90264f33305004495a9","hash":"82225178d8929556dae94287799a3799dadcff75"}
,"/home/viper/Projects/atrifex/forge_atrifex_backend/src/controllers/auth.controller.js": {"path":"/home/viper/Projects/atrifex/forge_atrifex_backend/src/controllers/auth.controller.js","statementMap":{"0":{"start":{"line":7,"column":19},"end":{"line":7,"column":65}},"1":{"start":{"line":9,"column":24},"end":{"line":122,"column":1}},"2":{"start":{"line":10,"column":2},"end":{"line":121,"column":3}},"3":{"start":{"line":20,"column":8},"end":{"line":20,"column":16}},"4":{"start":{"line":22,"column":4},"end":{"line":27,"column":5}},"5":{"start":{"line":23,"column":6},"end":{"line":26,"column":9}},"6":{"start":{"line":29,"column":4},"end":{"line":34,"column":5}},"7":{"start":{"line":30,"column":6},"end":{"line":33,"column":9}},"8":{"start":{"line":36,"column":28},"end":{"line":36,"column":54}},"9":{"start":{"line":38,"column":25},"end":{"line":40,"column":6}},"10":{"start":{"line":42,"column":4},"end":{"line":47,"column":5}},"11":{"start":{"line":43,"column":6},"end":{"line":46,"column":9}},"12":{"start":{"line":49,"column":39},"end":{"line":49,"column":63}},"13":{"start":{"line":51,"column":4},"end":{"line":57,"column":5}},"14":{"start":{"line":53,"column":6},"end":{"line":56,"column":9}},"15":{"start":{"line":59,"column":33},"end":{"line":61,"column":6}},"16":{"start":{"line":63,"column":4},"end":{"line":69,"column":5}},"17":{"start":{"line":65,"column":6},"end":{"line":68,"column":9}},"18":{"start":{"line":71,"column":25},"end":{"line":71,"column":79}},"19":{"start":{"line":72,"column":25},"end":{"line":72,"column":56}},"20":{"start":{"line":74,"column":17},"end":{"line":95,"column":6}},"21":{"start":{"line":76,"column":8},"end":{"line":79,"column":11}},"22":{"start":{"line":81,"column":6},"end":{"line":94,"column":9}},"23":{"start":{"line":97,"column":21},"end":{"line":97,"column":41}},"24":{"start":{"line":98,"column":18},"end":{"line":98,"column":41}},"25":{"start":{"line":100,"column":4},"end":{"line":111,"column":7}},"26":{"start":{"line":113,"column":4},"end":{"line":118,"column":5}},"27":{"start":{"line":114,"column":6},"end":{"line":117,"column":9}},"28":{"start":{"line":120,"column":4},"end":{"line":120,"column":23}},"29":{"start":{"line":124,"column":21},"end":{"line":190,"column":1}},"30":{"start":{"line":125,"column":2},"end":{"line":189,"column":3}},"31":{"start":{"line":126,"column":32},"end":{"line":126,"column":40}},"32":{"start":{"line":128,"column":4},"end":{"line":133,"column":5}},"33":{"start":{"line":129,"column":6},"end":{"line":132,"column":9}},"34":{"start":{"line":135,"column":17},"end":{"line":147,"column":6}},"35":{"start":{"line":149,"column":4},"end":{"line":154,"column":5}},"36":{"start":{"line":150,"column":6},"end":{"line":153,"column":9}},"37":{"start":{"line":156,"column":4},"end":{"line":161,"column":5}},"38":{"start":{"line":157,"column":6},"end":{"line":160,"column":9}},"39":{"start":{"line":163,"column":28},"end":{"line":163,"column":77}},"40":{"start":{"line":165,"column":4},"end":{"line":170,"column":5}},"41":{"start":{"line":166,"column":6},"end":{"line":169,"column":9}},"42":{"start":{"line":172,"column":21},"end":{"line":172,"column":41}},"43":{"start":{"line":173,"column":18},"end":{"line":173,"column":41}},"44":{"start":{"line":175,"column":4},"end":{"line":186,"column":7}},"45":{"start":{"line":188,"column":4},"end":{"line":188,"column":23}},"46":{"start":{"line":192,"column":18},"end":{"line":208,"column":1}},"47":{"start":{"line":193,"column":15},"end":{"line":197,"column":4}},"48":{"start":{"line":199,"column":2},"end":{"line":207,"column":5}},"49":{"start":{"line":210,"column":22},"end":{"line":216,"column":1}},"50":{"start":{"line":211,"column":2},"end":{"line":215,"column":5}}},"fnMap":{"0":{"name":"(anonymous_0)","decl":{"start":{"line":9,"column":24},"end":{"line":9,"column":25}},"loc":{"start":{"line":9,"column":50},"end":{"line":122,"column":1}},"line":9},"1":{"name":"(anonymous_1)","decl":{"start":{"line":74,"column":43},"end":{"line":74,"column":44}},"loc":{"start":{"line":74,"column":57},"end":{"line":95,"column":5}},"line":74},"2":{"name":"(anonymous_2)","decl":{"start":{"line":124,"column":21},"end":{"line":124,"column":22}},"loc":{"start":{"line":124,"column":47},"end":{"line":190,"column":1}},"line":124},"3":{"name":"(anonymous_3)","decl":{"start":{"line":192,"column":18},"end":{"line":192,"column":19}},"loc":{"start":{"line":192,"column":38},"end":{"line":208,"column":1}},"line":192},"4":{"name":"(anonymous_4)","decl":{"start":{"line":210,"column":22},"end":{"line":210,"column":23}},"loc":{"start":{"line":210,"column":42},"end":{"line":216,"column":1}},"line":210}},"branchMap":{"0":{"loc":{"start":{"line":15,"column":6},"end":{"line":15,"column":26}},"type":"default-arg","locations":[{"start":{"line":15,"column":13},"end":{"line":15,"column":26}}],"line":15},"1":{"loc":{"start":{"line":22,"column":4},"end":{"line":27,"column":5}},"type":"if","locations":[{"start":{"line":22,"column":4},"end":{"line":27,"column":5}},{"start":{},"end":{}}],"line":22},"2":{"loc":{"start":{"line":22,"column":8},"end":{"line":22,"column":40}},"type":"binary-expr","locations":[{"start":{"line":22,"column":8},"end":{"line":22,"column":17}},{"start":{"line":22,"column":21},"end":{"line":22,"column":27}},{"start":{"line":22,"column":31},"end":{"line":22,"column":40}}],"line":22},"3":{"loc":{"start":{"line":29,"column":4},"end":{"line":34,"column":5}},"type":"if","locations":[{"start":{"line":29,"column":4},"end":{"line":34,"column":5}},{"start":{},"end":{}}],"line":29},"4":{"loc":{"start":{"line":42,"column":4},"end":{"line":47,"column":5}},"type":"if","locations":[{"start":{"line":42,"column":4},"end":{"line":47,"column":5}},{"start":{},"end":{}}],"line":42},"5":{"loc":{"start":{"line":51,"column":4},"end":{"line":57,"column":5}},"type":"if","locations":[{"start":{"line":51,"column":4},"end":{"line":57,"column":5}},{"start":{},"end":{}}],"line":51},"6":{"loc":{"start":{"line":63,"column":4},"end":{"line":69,"column":5}},"type":"if","locations":[{"start":{"line":63,"column":4},"end":{"line":69,"column":5}},{"start":{},"end":{}}],"line":63},"7":{"loc":{"start":{"line":63,"column":8},"end":{"line":63,"column":48}},"type":"binary-expr","locations":[{"start":{"line":63,"column":8},"end":{"line":63,"column":28}},{"start":{"line":63,"column":32},"end":{"line":63,"column":48}}],"line":63},"8":{"loc":{"start":{"line":71,"column":25},"end":{"line":71,"column":79}},"type":"cond-expr","locations":[{"start":{"line":71,"column":48},"end":{"line":71,"column":69}},{"start":{"line":71,"column":72},"end":{"line":71,"column":79}}],"line":71},"9":{"loc":{"start":{"line":71,"column":48},"end":{"line":71,"column":69}},"type":"binary-expr","locations":[{"start":{"line":71,"column":48},"end":{"line":71,"column":52}},{"start":{"line":71,"column":56},"end":{"line":71,"column":69}}],"line":71},"10":{"loc":{"start":{"line":76,"column":8},"end":{"line":79,"column":11}},"type":"binary-expr","locations":[{"start":{"line":76,"column":8},"end":{"line":76,"column":28}},{"start":{"line":77,"column":9},"end":{"line":79,"column":10}}],"line":76},"11":{"loc":{"start":{"line":88,"column":26},"end":{"line":88,"column":56}},"type":"binary-expr","locations":[{"start":{"line":88,"column":26},"end":{"line":88,"column":48}},{"start":{"line":88,"column":52},"end":{"line":88,"column":56}}],"line":88},"12":{"loc":{"start":{"line":89,"column":17},"end":{"line":89,"column":38}},"type":"binary-expr","locations":[{"start":{"line":89,"column":17},"end":{"line":89,"column":30}},{"start":{"line":89,"column":34},"end":{"line":89,"column":38}}],"line":89},"13":{"loc":{"start":{"line":90,"column":20},"end":{"line":90,"column":44}},"type":"binary-expr","locations":[{"start":{"line":90,"column":20},"end":{"line":90,"column":36}},{"start":{"line":90,"column":40},"end":{"line":90,"column":44}}],"line":90},"14":{"loc":{"start":{"line":113,"column":4},"end":{"line":118,"column":5}},"type":"if","locations":[{"start":{"line":113,"column":4},"end":{"line":118,"column":5}},{"start":{},"end":{}}],"line":113},"15":{"loc":{"start":{"line":128,"column":4},"end":{"line":133,"column":5}},"type":"if","locations":[{"start":{"line":128,"column":4},"end":{"line":133,"column":5}},{"start":{},"end":{}}],"line":128},"16":{"loc":{"start":{"line":128,"column":8},"end":{"line":128,"column":27}},"type":"binary-expr","locations":[{"start":{"line":128,"column":8},"end":{"line":128,"column":14}},{"start":{"line":128,"column":18},"end":{"line":128,"column":27}}],"line":128},"17":{"loc":{"start":{"line":149,"column":4},"end":{"line":154,"column":5}},"type":"if","locations":[{"start":{"line":149,"column":4},"end":{"line":154,"column":5}},{"start":{},"end":{}}],"line":149},"18":{"loc":{"start":{"line":156,"column":4},"end":{"line":161,"column":5}},"type":"if","locations":[{"start":{"line":156,"column":4},"end":{"line":161,"column":5}},{"start":{},"end":{}}],"line":156},"19":{"loc":{"start":{"line":165,"column":4},"end":{"line":170,"column":5}},"type":"if","locations":[{"start":{"line":165,"column":4},"end":{"line":170,"column":5}},{"start":{},"end":{}}],"line":165}},"s":{"0":12,"1":12,"2":0,"3":0,"4":0,"5":0,"6":0,"7":0,"8":0,"9":0,"10":0,"11":0,"12":0,"13":0,"14":0,"15":0,"16":0,"17":0,"18":0,"19":0,"20":0,"21":0,"22":0,"23":0,"24":0,"25":0,"26":0,"27":0,"28":0,"29":12,"30":0,"31":0,"32":0,"33":0,"34":0,"35":0,"36":0,"37":0,"38":0,"39":0,"40":0,"41":0,"42":0,"43":0,"44":0,"45":0,"46":12,"47":0,"48":0,"49":12,"50":0},"f":{"0":0,"1":0,"2":0,"3":0,"4":0},"b":{"0":[0],"1":[0,0],"2":[0,0,0],"3":[0,0],"4":[0,0],"5":[0,0],"6":[0,0],"7":[0,0],"8":[0,0],"9":[0,0],"10":[0,0],"11":[0,0],"12":[0,0],"13":[0,0],"14":[0,0],"15":[0,0],"16":[0,0],"17":[0,0],"18":[0,0],"19":[0,0]},"_coverageSchema":"1a1c01bbd47fc00a2c39e90264f33305004495a9","hash":"e494cc33e74383ebff9a2de241d7294ca511d9fc"}
,"/home/viper/Projects/atrifex/forge_atrifex_backend/src/controllers/dashboard.controller.js": {"path":"/home/viper/Projects/atrifex/forge_atrifex_backend/src/controllers/dashboard.controller.js","statementMap":{"0":{"start":{"line":15,"column":37},"end":{"line":17,"column":2}},"1":{"start":{"line":16,"column":2},"end":{"line":16,"column":114}},"2":{"start":{"line":19,"column":35},"end":{"line":21,"column":2}},"3":{"start":{"line":20,"column":2},"end":{"line":20,"column":113}},"4":{"start":{"line":23,"column":42},"end":{"line":30,"column":2}},"5":{"start":{"line":24,"column":2},"end":{"line":29,"column":4}},"6":{"start":{"line":32,"column":40},"end":{"line":39,"column":2}},"7":{"start":{"line":33,"column":2},"end":{"line":38,"column":4}},"8":{"start":{"line":41,"column":33},"end":{"line":43,"column":2}},"9":{"start":{"line":42,"column":2},"end":{"line":42,"column":110}},"10":{"start":{"line":45,"column":30},"end":{"line":47,"column":2}},"11":{"start":{"line":46,"column":2},"end":{"line":46,"column":104}},"12":{"start":{"line":49,"column":38},"end":{"line":51,"column":2}},"13":{"start":{"line":50,"column":2},"end":{"line":50,"column":116}},"14":{"start":{"line":53,"column":30},"end":{"line":55,"column":2}},"15":{"start":{"line":54,"column":2},"end":{"line":54,"column":108}},"16":{"start":{"line":57,"column":33},"end":{"line":59,"column":2}},"17":{"start":{"line":58,"column":2},"end":{"line":58,"column":114}}},"fnMap":{"0":{"name":"(anonymous_0)","decl":{"start":{"line":15,"column":50},"end":{"line":15,"column":51}},"loc":{"start":{"line":15,"column":70},"end":{"line":17,"column":1}},"line":15},"1":{"name":"(anonymous_1)","decl":{"start":{"line":19,"column":48},"end":{"line":19,"column":49}},"loc":{"start":{"line":19,"column":68},"end":{"line":21,"column":1}},"line":19},"2":{"name":"(anonymous_2)","decl":{"start":{"line":23,"column":55},"end":{"line":23,"column":56}},"loc":{"start":{"line":23,"column":75},"end":{"line":30,"column":1}},"line":23},"3":{"name":"(anonymous_3)","decl":{"start":{"line":32,"column":53},"end":{"line":32,"column":54}},"loc":{"start":{"line":32,"column":73},"end":{"line":39,"column":1}},"line":32},"4":{"name":"(anonymous_4)","decl":{"start":{"line":41,"column":46},"end":{"line":41,"column":47}},"loc":{"start":{"line":41,"column":66},"end":{"line":43,"column":1}},"line":41},"5":{"name":"(anonymous_5)","decl":{"start":{"line":45,"column":43},"end":{"line":45,"column":44}},"loc":{"start":{"line":45,"column":63},"end":{"line":47,"column":1}},"line":45},"6":{"name":"(anonymous_6)","decl":{"start":{"line":49,"column":51},"end":{"line":49,"column":52}},"loc":{"start":{"line":49,"column":71},"end":{"line":51,"column":1}},"line":49},"7":{"name":"(anonymous_7)","decl":{"start":{"line":53,"column":43},"end":{"line":53,"column":44}},"loc":{"start":{"line":53,"column":63},"end":{"line":55,"column":1}},"line":53},"8":{"name":"(anonymous_8)","decl":{"start":{"line":57,"column":46},"end":{"line":57,"column":47}},"loc":{"start":{"line":57,"column":66},"end":{"line":59,"column":1}},"line":57}},"branchMap":{},"s":{"0":12,"1":0,"2":12,"3":0,"4":12,"5":0,"6":12,"7":0,"8":12,"9":0,"10":12,"11":0,"12":12,"13":0,"14":12,"15":0,"16":12,"17":0},"f":{"0":0,"1":0,"2":0,"3":0,"4":0,"5":0,"6":0,"7":0,"8":0},"b":{},"_coverageSchema":"1a1c01bbd47fc00a2c39e90264f33305004495a9","hash":"be2b0d500c4c5e857fd08b430520bb8cd45a1d3a"}
,"/home/viper/Projects/atrifex/forge_atrifex_backend/src/controllers/github.controller.js": {"path":"/home/viper/Projects/atrifex/forge_atrifex_backend/src/controllers/github.controller.js","statementMap":{"0":{"start":{"line":15,"column":29},"end":{"line":19,"column":2}},"1":{"start":{"line":16,"column":26},"end":{"line":16,"column":55}},"2":{"start":{"line":18,"column":2},"end":{"line":18,"column":35}},"3":{"start":{"line":21,"column":30},"end":{"line":31,"column":2}},"4":{"start":{"line":22,"column":2},"end":{"line":30,"column":4}},"5":{"start":{"line":33,"column":31},"end":{"line":35,"column":2}},"6":{"start":{"line":34,"column":2},"end":{"line":34,"column":114}},"7":{"start":{"line":37,"column":33},"end":{"line":44,"column":2}},"8":{"start":{"line":38,"column":2},"end":{"line":43,"column":4}},"9":{"start":{"line":46,"column":34},"end":{"line":53,"column":2}},"10":{"start":{"line":47,"column":2},"end":{"line":52,"column":4}},"11":{"start":{"line":55,"column":31},"end":{"line":62,"column":2}},"12":{"start":{"line":56,"column":2},"end":{"line":61,"column":4}},"13":{"start":{"line":64,"column":36},"end":{"line":71,"column":2}},"14":{"start":{"line":65,"column":2},"end":{"line":70,"column":4}},"15":{"start":{"line":73,"column":30},"end":{"line":80,"column":2}},"16":{"start":{"line":74,"column":2},"end":{"line":79,"column":4}},"17":{"start":{"line":82,"column":36},"end":{"line":89,"column":2}},"18":{"start":{"line":83,"column":2},"end":{"line":88,"column":4}}},"fnMap":{"0":{"name":"(anonymous_0)","decl":{"start":{"line":15,"column":42},"end":{"line":15,"column":43}},"loc":{"start":{"line":15,"column":62},"end":{"line":19,"column":1}},"line":15},"1":{"name":"(anonymous_1)","decl":{"start":{"line":21,"column":43},"end":{"line":21,"column":44}},"loc":{"start":{"line":21,"column":63},"end":{"line":31,"column":1}},"line":21},"2":{"name":"(anonymous_2)","decl":{"start":{"line":33,"column":44},"end":{"line":33,"column":45}},"loc":{"start":{"line":33,"column":64},"end":{"line":35,"column":1}},"line":33},"3":{"name":"(anonymous_3)","decl":{"start":{"line":37,"column":46},"end":{"line":37,"column":47}},"loc":{"start":{"line":37,"column":66},"end":{"line":44,"column":1}},"line":37},"4":{"name":"(anonymous_4)","decl":{"start":{"line":46,"column":47},"end":{"line":46,"column":48}},"loc":{"start":{"line":46,"column":67},"end":{"line":53,"column":1}},"line":46},"5":{"name":"(anonymous_5)","decl":{"start":{"line":55,"column":44},"end":{"line":55,"column":45}},"loc":{"start":{"line":55,"column":64},"end":{"line":62,"column":1}},"line":55},"6":{"name":"(anonymous_6)","decl":{"start":{"line":64,"column":49},"end":{"line":64,"column":50}},"loc":{"start":{"line":64,"column":69},"end":{"line":71,"column":1}},"line":64},"7":{"name":"(anonymous_7)","decl":{"start":{"line":73,"column":43},"end":{"line":73,"column":44}},"loc":{"start":{"line":73,"column":63},"end":{"line":80,"column":1}},"line":73},"8":{"name":"(anonymous_8)","decl":{"start":{"line":82,"column":49},"end":{"line":82,"column":50}},"loc":{"start":{"line":82,"column":69},"end":{"line":89,"column":1}},"line":82}},"branchMap":{},"s":{"0":12,"1":0,"2":0,"3":12,"4":0,"5":12,"6":0,"7":12,"8":0,"9":12,"10":0,"11":12,"12":0,"13":12,"14":0,"15":12,"16":0,"17":12,"18":0},"f":{"0":0,"1":0,"2":0,"3":0,"4":0,"5":0,"6":0,"7":0,"8":0},"b":{},"_coverageSchema":"1a1c01bbd47fc00a2c39e90264f33305004495a9","hash":"9ece1831af78222fcf9358f1ff6ebe42c74d82b8"}
,"/home/viper/Projects/atrifex/forge_atrifex_backend/src/controllers/health.controller.js": {"path":"/home/viper/Projects/atrifex/forge_atrifex_backend/src/controllers/health.controller.js","statementMap":{"0":{"start":{"line":4,"column":24},"end":{"line":4,"column":61}},"1":{"start":{"line":4,"column":38},"end":{"line":4,"column":61}},"2":{"start":{"line":6,"column":25},"end":{"line":9,"column":2}},"3":{"start":{"line":7,"column":17},"end":{"line":7,"column":37}},"4":{"start":{"line":8,"column":2},"end":{"line":8,"column":57}}},"fnMap":{"0":{"name":"(anonymous_0)","decl":{"start":{"line":4,"column":24},"end":{"line":4,"column":25}},"loc":{"start":{"line":4,"column":38},"end":{"line":4,"column":61}},"line":4},"1":{"name":"(anonymous_1)","decl":{"start":{"line":6,"column":38},"end":{"line":6,"column":39}},"loc":{"start":{"line":6,"column":58},"end":{"line":9,"column":1}},"line":6}},"branchMap":{},"s":{"0":12,"1":0,"2":12,"3":0,"4":0},"f":{"0":0,"1":0},"b":{},"_coverageSchema":"1a1c01bbd47fc00a2c39e90264f33305004495a9","hash":"1b6350bc5cd280b440ba4bd0a696e873c092a8f6"}
,"/home/viper/Projects/atrifex/forge_atrifex_backend/src/controllers/notification.controller.js": {"path":"/home/viper/Projects/atrifex/forge_atrifex_backend/src/controllers/notification.controller.js","statementMap":{"0":{"start":{"line":6,"column":18},"end":{"line":6,"column":94}},"1":{"start":{"line":8,"column":20},"end":{"line":8,"column":72}},"2":{"start":{"line":8,"column":28},"end":{"line":8,"column":72}},"3":{"start":{"line":10,"column":24},"end":{"line":19,"column":1}},"4":{"start":{"line":11,"column":15},"end":{"line":11,"column":63}},"5":{"start":{"line":12,"column":16},"end":{"line":12,"column":81}},"6":{"start":{"line":14,"column":2},"end":{"line":18,"column":4}},"7":{"start":{"line":21,"column":24},"end":{"line":35,"column":1}},"8":{"start":{"line":22,"column":2},"end":{"line":24,"column":3}},"9":{"start":{"line":23,"column":4},"end":{"line":23,"column":16}},"10":{"start":{"line":26,"column":2},"end":{"line":28,"column":3}},"11":{"start":{"line":27,"column":4},"end":{"line":27,"column":16}},"12":{"start":{"line":30,"column":2},"end":{"line":32,"column":3}},"13":{"start":{"line":31,"column":4},"end":{"line":31,"column":17}},"14":{"start":{"line":34,"column":2},"end":{"line":34,"column":56}},"15":{"start":{"line":37,"column":27},"end":{"line":44,"column":2}},"16":{"start":{"line":37,"column":46},"end":{"line":44,"column":1}},"17":{"start":{"line":46,"column":32},"end":{"line":100,"column":2}},"18":{"start":{"line":47,"column":32},"end":{"line":47,"column":80}},"19":{"start":{"line":48,"column":21},"end":{"line":48,"column":52}},"20":{"start":{"line":49,"column":17},"end":{"line":49,"column":41}},"21":{"start":{"line":50,"column":16},"end":{"line":53,"column":3}},"22":{"start":{"line":55,"column":2},"end":{"line":57,"column":3}},"23":{"start":{"line":56,"column":4},"end":{"line":56,"column":30}},"24":{"start":{"line":59,"column":2},"end":{"line":74,"column":3}},"25":{"start":{"line":60,"column":4},"end":{"line":73,"column":6}},"26":{"start":{"line":76,"column":33},"end":{"line":86,"column":4}},"27":{"start":{"line":88,"column":2},"end":{"line":99,"column":4}},"28":{"start":{"line":102,"column":42},"end":{"line":112,"column":2}},"29":{"start":{"line":103,"column":16},"end":{"line":109,"column":4}},"30":{"start":{"line":111,"column":2},"end":{"line":111,"column":94}},"31":{"start":{"line":114,"column":36},"end":{"line":141,"column":2}},"32":{"start":{"line":115,"column":2},"end":{"line":117,"column":3}},"33":{"start":{"line":116,"column":4},"end":{"line":116,"column":55}},"34":{"start":{"line":119,"column":23},"end":{"line":125,"column":4}},"35":{"start":{"line":127,"column":2},"end":{"line":129,"column":3}},"36":{"start":{"line":128,"column":4},"end":{"line":128,"column":54}},"37":{"start":{"line":131,"column":30},"end":{"line":138,"column":4}},"38":{"start":{"line":140,"column":2},"end":{"line":140,"column":103}},"39":{"start":{"line":143,"column":40},"end":{"line":156,"column":2}},"40":{"start":{"line":144,"column":17},"end":{"line":153,"column":4}},"41":{"start":{"line":155,"column":2},"end":{"line":155,"column":99}}},"fnMap":{"0":{"name":"(anonymous_0)","decl":{"start":{"line":8,"column":20},"end":{"line":8,"column":21}},"loc":{"start":{"line":8,"column":28},"end":{"line":8,"column":72}},"line":8},"1":{"name":"(anonymous_1)","decl":{"start":{"line":10,"column":24},"end":{"line":10,"column":25}},"loc":{"start":{"line":10,"column":51},"end":{"line":19,"column":1}},"line":10},"2":{"name":"(anonymous_2)","decl":{"start":{"line":21,"column":24},"end":{"line":21,"column":25}},"loc":{"start":{"line":21,"column":34},"end":{"line":35,"column":1}},"line":21},"3":{"name":"(anonymous_3)","decl":{"start":{"line":37,"column":27},"end":{"line":37,"column":28}},"loc":{"start":{"line":37,"column":46},"end":{"line":44,"column":1}},"line":37},"4":{"name":"(anonymous_4)","decl":{"start":{"line":46,"column":45},"end":{"line":46,"column":46}},"loc":{"start":{"line":46,"column":65},"end":{"line":100,"column":1}},"line":46},"5":{"name":"(anonymous_5)","decl":{"start":{"line":102,"column":55},"end":{"line":102,"column":56}},"loc":{"start":{"line":102,"column":75},"end":{"line":112,"column":1}},"line":102},"6":{"name":"(anonymous_6)","decl":{"start":{"line":114,"column":49},"end":{"line":114,"column":50}},"loc":{"start":{"line":114,"column":69},"end":{"line":141,"column":1}},"line":114},"7":{"name":"(anonymous_7)","decl":{"start":{"line":143,"column":53},"end":{"line":143,"column":54}},"loc":{"start":{"line":143,"column":73},"end":{"line":156,"column":1}},"line":143}},"branchMap":{"0":{"loc":{"start":{"line":8,"column":28},"end":{"line":8,"column":72}},"type":"binary-expr","locations":[{"start":{"line":8,"column":28},"end":{"line":8,"column":50}},{"start":{"line":8,"column":54},"end":{"line":8,"column":72}}],"line":8},"1":{"loc":{"start":{"line":11,"column":24},"end":{"line":11,"column":59}},"type":"binary-expr","locations":[{"start":{"line":11,"column":24},"end":{"line":11,"column":54}},{"start":{"line":11,"column":58},"end":{"line":11,"column":59}}],"line":11},"2":{"loc":{"start":{"line":12,"column":34},"end":{"line":12,"column":71}},"type":"binary-expr","locations":[{"start":{"line":12,"column":34},"end":{"line":12,"column":65}},{"start":{"line":12,"column":69},"end":{"line":12,"column":71}}],"line":12},"3":{"loc":{"start":{"line":22,"column":2},"end":{"line":24,"column":3}},"type":"if","locations":[{"start":{"line":22,"column":2},"end":{"line":24,"column":3}},{"start":{},"end":{}}],"line":22},"4":{"loc":{"start":{"line":26,"column":2},"end":{"line":28,"column":3}},"type":"if","locations":[{"start":{"line":26,"column":2},"end":{"line":28,"column":3}},{"start":{},"end":{}}],"line":26},"5":{"loc":{"start":{"line":26,"column":6},"end":{"line":26,"column":38}},"type":"binary-expr","locations":[{"start":{"line":26,"column":6},"end":{"line":26,"column":21}},{"start":{"line":26,"column":25},"end":{"line":26,"column":38}}],"line":26},"6":{"loc":{"start":{"line":30,"column":2},"end":{"line":32,"column":3}},"type":"if","locations":[{"start":{"line":30,"column":2},"end":{"line":32,"column":3}},{"start":{},"end":{}}],"line":30},"7":{"loc":{"start":{"line":30,"column":6},"end":{"line":30,"column":40}},"type":"binary-expr","locations":[{"start":{"line":30,"column":6},"end":{"line":30,"column":22}},{"start":{"line":30,"column":26},"end":{"line":30,"column":40}}],"line":30},"8":{"loc":{"start":{"line":55,"column":2},"end":{"line":57,"column":3}},"type":"if","locations":[{"start":{"line":55,"column":2},"end":{"line":57,"column":3}},{"start":{},"end":{}}],"line":55},"9":{"loc":{"start":{"line":59,"column":2},"end":{"line":74,"column":3}},"type":"if","locations":[{"start":{"line":59,"column":2},"end":{"line":74,"column":3}},{"start":{},"end":{}}],"line":59},"10":{"loc":{"start":{"line":115,"column":2},"end":{"line":117,"column":3}},"type":"if","locations":[{"start":{"line":115,"column":2},"end":{"line":117,"column":3}},{"start":{},"end":{}}],"line":115},"11":{"loc":{"start":{"line":127,"column":2},"end":{"line":129,"column":3}},"type":"if","locations":[{"start":{"line":127,"column":2},"end":{"line":129,"column":3}},{"start":{},"end":{}}],"line":127}},"s":{"0":12,"1":12,"2":0,"3":12,"4":0,"5":0,"6":0,"7":12,"8":0,"9":0,"10":0,"11":0,"12":0,"13":0,"14":0,"15":12,"16":0,"17":12,"18":0,"19":0,"20":0,"21":0,"22":0,"23":0,"24":0,"25":0,"26":0,"27":0,"28":12,"29":0,"30":0,"31":12,"32":0,"33":0,"34":0,"35":0,"36":0,"37":0,"38":0,"39":12,"40":0,"41":0},"f":{"0":0,"1":0,"2":0,"3":0,"4":0,"5":0,"6":0,"7":0},"b":{"0":[0,0],"1":[0,0],"2":[0,0],"3":[0,0],"4":[0,0],"5":[0,0],"6":[0,0],"7":[0,0],"8":[0,0],"9":[0,0],"10":[0,0],"11":[0,0]},"_coverageSchema":"1a1c01bbd47fc00a2c39e90264f33305004495a9","hash":"6af018757a97b590503cf2c929c2d59dc32105f6"}
,"/home/viper/Projects/atrifex/forge_atrifex_backend/src/controllers/project.controller.js": {"path":"/home/viper/Projects/atrifex/forge_atrifex_backend/src/controllers/project.controller.js","statementMap":{"0":{"start":{"line":8,"column":18},"end":{"line":8,"column":94}},"1":{"start":{"line":9,"column":24},"end":{"line":9,"column":96}},"2":{"start":{"line":10,"column":22},"end":{"line":13,"column":1}},"3":{"start":{"line":14,"column":27},"end":{"line":14,"column":74}},"4":{"start":{"line":16,"column":19},"end":{"line":29,"column":1}},"5":{"start":{"line":31,"column":19},"end":{"line":42,"column":1}},"6":{"start":{"line":44,"column":27},"end":{"line":48,"column":1}},"7":{"start":{"line":50,"column":29},"end":{"line":70,"column":1}},"8":{"start":{"line":72,"column":26},"end":{"line":78,"column":1}},"9":{"start":{"line":80,"column":20},"end":{"line":80,"column":72}},"10":{"start":{"line":80,"column":28},"end":{"line":80,"column":72}},"11":{"start":{"line":82,"column":24},"end":{"line":91,"column":1}},"12":{"start":{"line":83,"column":15},"end":{"line":83,"column":63}},"13":{"start":{"line":84,"column":16},"end":{"line":84,"column":81}},"14":{"start":{"line":86,"column":2},"end":{"line":90,"column":4}},"15":{"start":{"line":93,"column":24},"end":{"line":106,"column":1}},"16":{"start":{"line":94,"column":2},"end":{"line":96,"column":3}},"17":{"start":{"line":95,"column":4},"end":{"line":95,"column":16}},"18":{"start":{"line":98,"column":21},"end":{"line":98,"column":56}},"19":{"start":{"line":99,"column":23},"end":{"line":99,"column":62}},"20":{"start":{"line":101,"column":2},"end":{"line":103,"column":3}},"21":{"start":{"line":102,"column":4},"end":{"line":102,"column":54}},"22":{"start":{"line":105,"column":2},"end":{"line":105,"column":22}},"23":{"start":{"line":108,"column":22},"end":{"line":124,"column":1}},"24":{"start":{"line":109,"column":2},"end":{"line":111,"column":3}},"25":{"start":{"line":110,"column":4},"end":{"line":110,"column":21}},"26":{"start":{"line":113,"column":2},"end":{"line":115,"column":3}},"27":{"start":{"line":114,"column":4},"end":{"line":114,"column":56}},"28":{"start":{"line":117,"column":21},"end":{"line":117,"column":39}},"29":{"start":{"line":119,"column":2},"end":{"line":121,"column":3}},"30":{"start":{"line":120,"column":4},"end":{"line":120,"column":65}},"31":{"start":{"line":123,"column":2},"end":{"line":123,"column":20}},"32":{"start":{"line":126,"column":30},"end":{"line":143,"column":1}},"33":{"start":{"line":127,"column":2},"end":{"line":129,"column":3}},"34":{"start":{"line":128,"column":4},"end":{"line":128,"column":16}},"35":{"start":{"line":131,"column":2},"end":{"line":142,"column":3}},"36":{"start":{"line":132,"column":16},"end":{"line":132,"column":38}},"37":{"start":{"line":134,"column":4},"end":{"line":136,"column":5}},"38":{"start":{"line":135,"column":6},"end":{"line":135,"column":46}},"39":{"start":{"line":138,"column":4},"end":{"line":138,"column":26}},"40":{"start":{"line":141,"column":4},"end":{"line":141,"column":79}},"41":{"start":{"line":145,"column":32},"end":{"line":170,"column":1}},"42":{"start":{"line":146,"column":16},"end":{"line":149,"column":3}},"43":{"start":{"line":151,"column":2},"end":{"line":156,"column":3}},"44":{"start":{"line":153,"column":4},"end":{"line":155,"column":6}},"45":{"start":{"line":158,"column":2},"end":{"line":167,"column":3}},"46":{"start":{"line":160,"column":4},"end":{"line":166,"column":6}},"47":{"start":{"line":169,"column":2},"end":{"line":169,"column":15}},"48":{"start":{"line":172,"column":25},"end":{"line":201,"column":1}},"49":{"start":{"line":173,"column":24},"end":{"line":173,"column":38}},"50":{"start":{"line":175,"column":2},"end":{"line":177,"column":3}},"51":{"start":{"line":176,"column":4},"end":{"line":176,"column":14}},"52":{"start":{"line":179,"column":2},"end":{"line":200,"column":4}},"53":{"start":{"line":203,"column":36},"end":{"line":227,"column":1}},"54":{"start":{"line":204,"column":2},"end":{"line":206,"column":3}},"55":{"start":{"line":205,"column":4},"end":{"line":205,"column":16}},"56":{"start":{"line":208,"column":2},"end":{"line":210,"column":3}},"57":{"start":{"line":209,"column":4},"end":{"line":209,"column":46}},"58":{"start":{"line":212,"column":15},"end":{"line":219,"column":4}},"59":{"start":{"line":221,"column":2},"end":{"line":224,"column":3}},"60":{"start":{"line":223,"column":4},"end":{"line":223,"column":46}},"61":{"start":{"line":226,"column":2},"end":{"line":226,"column":14}},"62":{"start":{"line":229,"column":27},"end":{"line":258,"column":1}},"63":{"start":{"line":230,"column":2},"end":{"line":232,"column":3}},"64":{"start":{"line":231,"column":4},"end":{"line":231,"column":46}},"65":{"start":{"line":234,"column":15},"end":{"line":252,"column":4}},"66":{"start":{"line":254,"column":2},"end":{"line":257,"column":3}},"67":{"start":{"line":256,"column":4},"end":{"line":256,"column":46}},"68":{"start":{"line":260,"column":33},"end":{"line":273,"column":1}},"69":{"start":{"line":261,"column":26},"end":{"line":268,"column":4}},"70":{"start":{"line":270,"column":2},"end":{"line":272,"column":3}},"71":{"start":{"line":271,"column":4},"end":{"line":271,"column":81}},"72":{"start":{"line":275,"column":38},"end":{"line":299,"column":1}},"73":{"start":{"line":280,"column":2},"end":{"line":283,"column":3}},"74":{"start":{"line":282,"column":4},"end":{"line":282,"column":50}},"75":{"start":{"line":285,"column":18},"end":{"line":292,"column":4}},"76":{"start":{"line":294,"column":2},"end":{"line":296,"column":3}},"77":{"start":{"line":295,"column":4},"end":{"line":295,"column":49}},"78":{"start":{"line":298,"column":2},"end":{"line":298,"column":17}},"79":{"start":{"line":301,"column":33},"end":{"line":312,"column":1}},"80":{"start":{"line":302,"column":2},"end":{"line":304,"column":3}},"81":{"start":{"line":303,"column":4},"end":{"line":303,"column":11}},"82":{"start":{"line":306,"column":30},"end":{"line":306,"column":68}},"83":{"start":{"line":308,"column":2},"end":{"line":311,"column":3}},"84":{"start":{"line":310,"column":4},"end":{"line":310,"column":99}},"85":{"start":{"line":314,"column":22},"end":{"line":326,"column":2}},"86":{"start":{"line":314,"column":36},"end":{"line":326,"column":1}},"87":{"start":{"line":328,"column":28},"end":{"line":333,"column":2}},"88":{"start":{"line":328,"column":42},"end":{"line":333,"column":1}},"89":{"start":{"line":335,"column":27},"end":{"line":382,"column":2}},"90":{"start":{"line":336,"column":32},"end":{"line":336,"column":80}},"91":{"start":{"line":337,"column":16},"end":{"line":340,"column":3}},"92":{"start":{"line":342,"column":17},"end":{"line":342,"column":50}},"93":{"start":{"line":344,"column":2},"end":{"line":346,"column":3}},"94":{"start":{"line":345,"column":4},"end":{"line":345,"column":26}},"95":{"start":{"line":348,"column":2},"end":{"line":355,"column":3}},"96":{"start":{"line":349,"column":4},"end":{"line":351,"column":5}},"97":{"start":{"line":350,"column":6},"end":{"line":350,"column":48}},"98":{"start":{"line":354,"column":4},"end":{"line":354,"column":44}},"99":{"start":{"line":357,"column":28},"end":{"line":368,"column":4}},"100":{"start":{"line":370,"column":2},"end":{"line":381,"column":4}},"101":{"start":{"line":384,"column":30},"end":{"line":402,"column":2}},"102":{"start":{"line":385,"column":2},"end":{"line":387,"column":3}},"103":{"start":{"line":386,"column":4},"end":{"line":386,"column":50}},"104":{"start":{"line":389,"column":18},"end":{"line":395,"column":4}},"105":{"start":{"line":397,"column":2},"end":{"line":399,"column":3}},"106":{"start":{"line":398,"column":4},"end":{"line":398,"column":49}},"107":{"start":{"line":401,"column":2},"end":{"line":401,"column":93}},"108":{"start":{"line":404,"column":29},"end":{"line":487,"column":2}},"109":{"start":{"line":405,"column":66},"end":{"line":405,"column":74}},"110":{"start":{"line":406,"column":23},"end":{"line":406,"column":36}},"111":{"start":{"line":407,"column":29},"end":{"line":407,"column":48}},"112":{"start":{"line":408,"column":25},"end":{"line":408,"column":48}},"113":{"start":{"line":409,"column":34},"end":{"line":409,"column":70}},"114":{"start":{"line":411,"column":2},"end":{"line":413,"column":3}},"115":{"start":{"line":412,"column":4},"end":{"line":412,"column":49}},"116":{"start":{"line":415,"column":2},"end":{"line":417,"column":3}},"117":{"start":{"line":416,"column":4},"end":{"line":416,"column":55}},"118":{"start":{"line":419,"column":2},"end":{"line":422,"column":5}},"119":{"start":{"line":423,"column":15},"end":{"line":423,"column":81}},"120":{"start":{"line":425,"column":18},"end":{"line":479,"column":4}},"121":{"start":{"line":426,"column":27},"end":{"line":439,"column":6}},"122":{"start":{"line":441,"column":4},"end":{"line":452,"column":7}},"123":{"start":{"line":454,"column":4},"end":{"line":476,"column":5}},"124":{"start":{"line":455,"column":6},"end":{"line":467,"column":9}},"125":{"start":{"line":470,"column":6},"end":{"line":475,"column":9}},"126":{"start":{"line":478,"column":4},"end":{"line":478,"column":26}},"127":{"start":{"line":481,"column":2},"end":{"line":486,"column":4}},"128":{"start":{"line":489,"column":29},"end":{"line":598,"column":2}},"129":{"start":{"line":490,"column":18},"end":{"line":497,"column":4}},"130":{"start":{"line":498,"column":89},"end":{"line":498,"column":97}},"131":{"start":{"line":499,"column":15},"end":{"line":499,"column":17}},"132":{"start":{"line":500,"column":19},"end":{"line":500,"column":21}},"133":{"start":{"line":502,"column":2},"end":{"line":515,"column":3}},"134":{"start":{"line":503,"column":25},"end":{"line":503,"column":38}},"135":{"start":{"line":505,"column":4},"end":{"line":507,"column":5}},"136":{"start":{"line":506,"column":6},"end":{"line":506,"column":55}},"137":{"start":{"line":509,"column":4},"end":{"line":513,"column":7}},"138":{"start":{"line":514,"column":4},"end":{"line":514,"column":30}},"139":{"start":{"line":517,"column":2},"end":{"line":525,"column":3}},"140":{"start":{"line":518,"column":31},"end":{"line":518,"column":50}},"141":{"start":{"line":520,"column":4},"end":{"line":522,"column":5}},"142":{"start":{"line":521,"column":6},"end":{"line":521,"column":61}},"143":{"start":{"line":524,"column":4},"end":{"line":524,"column":42}},"144":{"start":{"line":527,"column":2},"end":{"line":529,"column":3}},"145":{"start":{"line":528,"column":4},"end":{"line":528,"column":62}},"146":{"start":{"line":531,"column":2},"end":{"line":533,"column":3}},"147":{"start":{"line":532,"column":4},"end":{"line":532,"column":44}},"148":{"start":{"line":535,"column":2},"end":{"line":541,"column":3}},"149":{"start":{"line":536,"column":23},"end":{"line":536,"column":46}},"150":{"start":{"line":537,"column":4},"end":{"line":537,"column":57}},"151":{"start":{"line":538,"column":4},"end":{"line":538,"column":29}},"152":{"start":{"line":539,"column":4},"end":{"line":539,"column":40}},"153":{"start":{"line":540,"column":4},"end":{"line":540,"column":36}},"154":{"start":{"line":543,"column":2},"end":{"line":551,"column":3}},"155":{"start":{"line":544,"column":31},"end":{"line":544,"column":47}},"156":{"start":{"line":546,"column":4},"end":{"line":548,"column":5}},"157":{"start":{"line":547,"column":6},"end":{"line":547,"column":79}},"158":{"start":{"line":550,"column":4},"end":{"line":550,"column":39}},"159":{"start":{"line":553,"column":2},"end":{"line":561,"column":3}},"160":{"start":{"line":554,"column":34},"end":{"line":554,"column":53}},"161":{"start":{"line":556,"column":4},"end":{"line":558,"column":5}},"162":{"start":{"line":557,"column":6},"end":{"line":557,"column":82}},"163":{"start":{"line":560,"column":4},"end":{"line":560,"column":45}},"164":{"start":{"line":563,"column":2},"end":{"line":565,"column":3}},"165":{"start":{"line":564,"column":4},"end":{"line":564,"column":67}},"166":{"start":{"line":567,"column":25},"end":{"line":590,"column":4}},"167":{"start":{"line":568,"column":25},"end":{"line":573,"column":6}},"168":{"start":{"line":575,"column":4},"end":{"line":587,"column":7}},"169":{"start":{"line":589,"column":4},"end":{"line":589,"column":24}},"170":{"start":{"line":592,"column":2},"end":{"line":597,"column":4}},"171":{"start":{"line":600,"column":29},"end":{"line":651,"column":2}},"172":{"start":{"line":601,"column":18},"end":{"line":608,"column":4}},"173":{"start":{"line":610,"column":2},"end":{"line":613,"column":3}},"174":{"start":{"line":612,"column":4},"end":{"line":612,"column":65}},"175":{"start":{"line":615,"column":27},"end":{"line":622,"column":4}},"176":{"start":{"line":624,"column":2},"end":{"line":627,"column":3}},"177":{"start":{"line":626,"column":4},"end":{"line":626,"column":82}},"178":{"start":{"line":629,"column":2},"end":{"line":648,"column":5}},"179":{"start":{"line":630,"column":4},"end":{"line":634,"column":7}},"180":{"start":{"line":636,"column":4},"end":{"line":647,"column":7}},"181":{"start":{"line":650,"column":2},"end":{"line"
[...]
130,"column":2},"end":{"line":132,"column":3}},{"start":{},"end":{}}],"line":130},"20":{"loc":{"start":{"line":130,"column":6},"end":{"line":130,"column":102}},"type":"binary-expr","locations":[{"start":{"line":130,"column":6},"end":{"line":130,"column":22}},{"start":{"line":130,"column":26},"end":{"line":130,"column":43}},{"start":{"line":130,"column":47},"end":{"line":130,"column":64}},{"start":{"line":130,"column":69},"end":{"line":130,"column":78}},{"start":{"line":130,"column":82},"end":{"line":130,"column":101}}],"line":130},"21":{"loc":{"start":{"line":134,"column":2},"end":{"line":136,"column":3}},"type":"if","locations":[{"start":{"line":134,"column":2},"end":{"line":136,"column":3}},{"start":{},"end":{}}],"line":134},"22":{"loc":{"start":{"line":134,"column":6},"end":{"line":134,"column":102}},"type":"binary-expr","locations":[{"start":{"line":134,"column":6},"end":{"line":134,"column":22}},{"start":{"line":134,"column":26},"end":{"line":134,"column":43}},{"start":{"line":134,"column":47},"end":{"line":134,"column":64}},{"start":{"line":134,"column":69},"end":{"line":134,"column":78}},{"start":{"line":134,"column":82},"end":{"line":134,"column":101}}],"line":134},"23":{"loc":{"start":{"line":138,"column":2},"end":{"line":140,"column":3}},"type":"if","locations":[{"start":{"line":138,"column":2},"end":{"line":140,"column":3}},{"start":{},"end":{}}],"line":138},"24":{"loc":{"start":{"line":138,"column":6},"end":{"line":138,"column":77}},"type":"binary-expr","locations":[{"start":{"line":138,"column":6},"end":{"line":138,"column":22}},{"start":{"line":138,"column":26},"end":{"line":138,"column":43}},{"start":{"line":138,"column":47},"end":{"line":138,"column":64}},{"start":{"line":138,"column":68},"end":{"line":138,"column":77}}],"line":138},"25":{"loc":{"start":{"line":154,"column":2},"end":{"line":156,"column":3}},"type":"if","locations":[{"start":{"line":154,"column":2},"end":{"line":156,"column":3}},{"start":{},"end":{}}],"line":154},"26":{"loc":{"start":{"line":158,"column":2},"end":{"line":160,"column":3}},"type":"if","locations":[{"start":{"line":158,"column":2},"end":{"line":160,"column":3}},{"start":{},"end":{}}],"line":158},"27":{"loc":{"start":{"line":162,"column":2},"end":{"line":164,"column":3}},"type":"if","locations":[{"start":{"line":162,"column":2},"end":{"line":164,"column":3}},{"start":{},"end":{}}],"line":162},"28":{"loc":{"start":{"line":162,"column":6},"end":{"line":162,"column":71}},"type":"binary-expr","locations":[{"start":{"line":162,"column":6},"end":{"line":162,"column":39}},{"start":{"line":162,"column":43},"end":{"line":162,"column":71}}],"line":162},"29":{"loc":{"start":{"line":166,"column":2},"end":{"line":168,"column":3}},"type":"if","locations":[{"start":{"line":166,"column":2},"end":{"line":168,"column":3}},{"start":{},"end":{}}],"line":166},"30":{"loc":{"start":{"line":166,"column":6},"end":{"line":166,"column":88}},"type":"binary-expr","locations":[{"start":{"line":166,"column":6},"end":{"line":166,"column":43}},{"start":{"line":166,"column":47},"end":{"line":166,"column":88}}],"line":166}},"s":{"0":12,"1":0,"2":12,"3":12,"4":12,"5":12,"6":12,"7":0,"8":12,"9":0,"10":12,"11":0,"12":0,"13":0,"14":12,"15":0,"16":0,"17":0,"18":0,"19":12,"20":0,"21":0,"22":0,"23":12,"24":0,"25":0,"26":0,"27":12,"28":0,"29":0,"30":0,"31":0,"32":0,"33":0,"34":12,"35":0,"36":0,"37":0,"38":12,"39":0,"40":0,"41":0,"42":12,"43":0,"44":0,"45":0,"46":0,"47":0,"48":0,"49":12,"50":0,"51":0,"52":0,"53":0,"54":0,"55":12,"56":0,"57":0,"58":0,"59":0,"60":0,"61":12,"62":0,"63":0,"64":0,"65":0,"66":12,"67":0,"68":0,"69":0,"70":0,"71":0,"72":0,"73":0,"74":0,"75":0,"76":12,"77":0,"78":12,"79":0,"80":0,"81":0,"82":0,"83":0,"84":0,"85":0,"86":0,"87":0,"88":0},"f":{"0":0,"1":0,"2":0,"3":0,"4":0,"5":0,"6":0,"7":0,"8":0,"9":0,"10":0,"11":0,"12":0,"13":0,"14":0,"15":0,"16":0,"17":0,"18":0,"19":0,"20":0,"21":0,"22":0,"23":0,"24":0},"b":{"0":[0],"1":[0],"2":[0],"3":[0,0,0],"4":[0],"5":[0,0,0],"6":[0,0],"7":[0,0],"8":[0],"9":[0],"10":[0],"11":[0],"12":[0],"13":[0],"14":[0],"15":[0,0],"16":[0,0],"17":[0,0],"18":[0,0],"19":[0,0],"20":[0,0,0,0,0],"21":[0,0],"22":[0,0,0,0,0],"23":[0,0],"24":[0,0,0,0],"25":[0,0],"26":[0,0],"27":[0,0],"28":[0,0],"29":[0,0],"30":[0,0]},"_coverageSchema":"1a1c01bbd47fc00a2c39e90264f33305004495a9","hash":"c70b2c37d1e3138a0154deb05828a663ed4853ec"}
,"/home/viper/Projects/atrifex/forge_atrifex_backend/src/utils/requestContext.js": {"path":"/home/viper/Projects/atrifex/forge_atrifex_backend/src/utils/requestContext.js","statementMap":{"0":{"start":{"line":3,"column":23},"end":{"line":3,"column":46}},"1":{"start":{"line":5,"column":37},"end":{"line":5,"column":97}},"2":{"start":{"line":5,"column":60},"end":{"line":5,"column":97}},"3":{"start":{"line":7,"column":33},"end":{"line":7,"column":70}},"4":{"start":{"line":7,"column":39},"end":{"line":7,"column":70}},"5":{"start":{"line":9,"column":28},"end":{"line":9,"column":63}},"6":{"start":{"line":9,"column":34},"end":{"line":9,"column":63}},"7":{"start":{"line":11,"column":36},"end":{"line":14,"column":1}},"8":{"start":{"line":12,"column":18},"end":{"line":12,"column":37}},"9":{"start":{"line":13,"column":2},"end":{"line":13,"column":67}}},"fnMap":{"0":{"name":"(anonymous_0)","decl":{"start":{"line":5,"column":37},"end":{"line":5,"column":38}},"loc":{"start":{"line":5,"column":60},"end":{"line":5,"column":97}},"line":5},"1":{"name":"(anonymous_1)","decl":{"start":{"line":7,"column":33},"end":{"line":7,"column":34}},"loc":{"start":{"line":7,"column":39},"end":{"line":7,"column":70}},"line":7},"2":{"name":"(anonymous_2)","decl":{"start":{"line":9,"column":28},"end":{"line":9,"column":29}},"loc":{"start":{"line":9,"column":34},"end":{"line":9,"column":63}},"line":9},"3":{"name":"(anonymous_3)","decl":{"start":{"line":11,"column":36},"end":{"line":11,"column":37}},"loc":{"start":{"line":11,"column":42},"end":{"line":14,"column":1}},"line":11}},"branchMap":{"0":{"loc":{"start":{"line":7,"column":39},"end":{"line":7,"column":70}},"type":"binary-expr","locations":[{"start":{"line":7,"column":39},"end":{"line":7,"column":64}},{"start":{"line":7,"column":68},"end":{"line":7,"column":70}}],"line":7},"1":{"loc":{"start":{"line":13,"column":9},"end":{"line":13,"column":66}},"type":"cond-expr","locations":[{"start":{"line":13,"column":29},"end":{"line":13,"column":61}},{"start":{"line":13,"column":64},"end":{"line":13,"column":66}}],"line":13}},"s":{"0":13,"1":13,"2":1,"3":13,"4":1,"5":13,"6":1,"7":13,"8":0,"9":0},"f":{"0":1,"1":1,"2":1,"3":0},"b":{"0":[1,0],"1":[0,0]},"_coverageSchema":"1a1c01bbd47fc00a2c39e90264f33305004495a9","hash":"1855f035e318594db9a9002eadb2c9f1579e9de1"}
,"/home/viper/Projects/atrifex/forge_atrifex_backend/src/utils/safeUser.js": {"path":"/home/viper/Projects/atrifex/forge_atrifex_backend/src/utils/safeUser.js","statementMap":{"0":{"start":{"line":1,"column":30},"end":{"line":20,"column":1}},"1":{"start":{"line":22,"column":30},"end":{"line":36,"column":2}},"2":{"start":{"line":22,"column":41},"end":{"line":36,"column":1}}},"fnMap":{"0":{"name":"(anonymous_0)","decl":{"start":{"line":22,"column":30},"end":{"line":22,"column":31}},"loc":{"start":{"line":22,"column":41},"end":{"line":36,"column":1}},"line":22}},"branchMap":{"0":{"loc":{"start":{"line":35,"column":6},"end":{"line":35,"column":66}},"type":"cond-expr","locations":[{"start":{"line":35,"column":26},"end":{"line":35,"column":61}},{"start":{"line":35,"column":64},"end":{"line":35,"column":66}}],"line":35}},"s":{"0":12,"1":12,"2":0},"f":{"0":0},"b":{"0":[0,0]},"_coverageSchema":"1a1c01bbd47fc00a2c39e90264f33305004495a9","hash":"d84b7c739b6401d725b09b0e99e231a04d44dd62"}
,"/home/viper/Projects/atrifex/forge_atrifex_backend/src/validators/ai.validator.js": {"path":"/home/viper/Projects/atrifex/forge_atrifex_backend/src/validators/ai.validator.js","statementMap":{"0":{"start":{"line":3,"column":31},"end":{"line":5,"column":1}},"1":{"start":{"line":7,"column":28},"end":{"line":9,"column":1}},"2":{"start":{"line":11,"column":38},"end":{"line":13,"column":1}}},"fnMap":{},"branchMap":{},"s":{"0":12,"1":12,"2":12},"f":{},"b":{},"_coverageSchema":"1a1c01bbd47fc00a2c39e90264f33305004495a9","hash":"8464252d47fe130bedd18602b1f6029d8341c831"}
,"/home/viper/Projects/atrifex/forge_atrifex_backend/src/validators/auth.validator.js": {"path":"/home/viper/Projects/atrifex/forge_atrifex_backend/src/validators/auth.validator.js","statementMap":{"0":{"start":{"line":4,"column":30},"end":{"line":15,"column":1}},"1":{"start":{"line":17,"column":27},"end":{"line":22,"column":1}}},"fnMap":{},"branchMap":{},"s":{"0":12,"1":12},"f":{},"b":{},"_coverageSchema":"1a1c01bbd47fc00a2c39e90264f33305004495a9","hash":"847dbee1a8f79fde4f2e24a9f99c914b1df3fbb1"}
,"/home/viper/Projects/atrifex/forge_atrifex_backend/src/validators/common.validator.js": {"path":"/home/viper/Projects/atrifex/forge_atrifex_backend/src/validators/common.validator.js","statementMap":{"0":{"start":{"line":3,"column":26},"end":{"line":3,"column":64}},"1":{"start":{"line":5,"column":27},"end":{"line":5,"column":98}},"2":{"start":{"line":7,"column":30},"end":{"line":7,"column":98}},"3":{"start":{"line":9,"column":29},"end":{"line":14,"column":63}},"4":{"start":{"line":10,"column":2},"end":{"line":14,"column":63}},"5":{"start":{"line":16,"column":37},"end":{"line":21,"column":15}},"6":{"start":{"line":17,"column":2},"end":{"line":21,"column":15}},"7":{"start":{"line":23,"column":37},"end":{"line":29,"column":56}},"8":{"start":{"line":24,"column":2},"end":{"line":29,"column":56}},"9":{"start":{"line":29,"column":27},"end":{"line":29,"column":54}},"10":{"start":{"line":31,"column":26},"end":{"line":35,"column":84}},"11":{"start":{"line":35,"column":21},"end":{"line":35,"column":61}},"12":{"start":{"line":37,"column":34},"end":{"line":37,"column":55}},"13":{"start":{"line":39,"column":37},"end":{"line":42,"column":2}},"14":{"start":{"line":44,"column":33},"end":{"line":46,"column":2}},"15":{"start":{"line":48,"column":29},"end":{"line":50,"column":2}},"16":{"start":{"line":52,"column":36},"end":{"line":54,"column":2}},"17":{"start":{"line":56,"column":33},"end":{"line":58,"column":2}},"18":{"start":{"line":60,"column":35},"end":{"line":62,"column":2}},"19":{"start":{"line":64,"column":30},"end":{"line":64,"column":75}},"20":{"start":{"line":66,"column":35},"end":{"line":66,"column":106}},"21":{"start":{"line":68,"column":32},"end":{"line":68,"column":113}},"22":{"start":{"line":70,"column":34},"end":{"line":70,"column":77}},"23":{"start":{"line":72,"column":29},"end":{"line":73,"column":74}},"24":{"start":{"line":73,"column":2},"end":{"line":73,"column":74}},"25":{"start":{"line":75,"column":31},"end":{"line":79,"column":4}},"26":{"start":{"line":76,"column":2},"end":{"line":79,"column":4}},"27":{"start":{"line":76,"column":27},"end":{"line":76,"column":84}},"28":{"start":{"line":76,"column":64},"end":{"line":76,"column":83}}},"fnMap":{"0":{"name":"(anonymous_0)","decl":{"start":{"line":9,"column":29},"end":{"line":9,"column":30}},"loc":{"start":{"line":10,"column":2},"end":{"line":14,"column":63}},"line":10},"1":{"name":"(anonymous_1)","decl":{"start":{"line":16,"column":37},"end":{"line":16,"column":38}},"loc":{"start":{"line":17,"column":2},"end":{"line":21,"column":15}},"line":17},"2":{"name":"(anonymous_2)","decl":{"start":{"line":23,"column":37},"end":{"line":23,"column":38}},"loc":{"start":{"line":24,"column":2},"end":{"line":29,"column":56}},"line":24},"3":{"name":"(anonymous_3)","decl":{"start":{"line":29,"column":15},"end":{"line":29,"column":16}},"loc":{"start":{"line":29,"column":27},"end":{"line":29,"column":54}},"line":29},"4":{"name":"(anonymous_4)","decl":{"start":{"line":35,"column":10},"end":{"line":35,"column":11}},"loc":{"start":{"line":35,"column":21},"end":{"line":35,"column":61}},"line":35},"5":{"name":"(anonymous_5)","decl":{"start":{"line":72,"column":29},"end":{"line":72,"column":30}},"loc":{"start":{"line":73,"column":2},"end":{"line":73,"column":74}},"line":73},"6":{"name":"(anonymous_6)","decl":{"start":{"line":75,"column":31},"end":{"line":75,"column":32}},"loc":{"start":{"line":76,"column":2},"end":{"line":79,"column":4}},"line":76},"7":{"name":"(anonymous_7)","decl":{"start":{"line":76,"column":16},"end":{"line":76,"column":17}},"loc":{"start":{"line":76,"column":27},"end":{"line":76,"column":84}},"line":76},"8":{"name":"(anonymous_8)","decl":{"start":{"line":76,"column":53},"end":{"line":76,"column":54}},"loc":{"start":{"line":76,"column":64},"end":{"line":76,"column":83}},"line":76}},"branchMap":{"0":{"loc":{"start":{"line":9,"column":41},"end":{"line":9,"column":68}},"type":"default-arg","locations":[{"start":{"line":9,"column":66},"end":{"line":9,"column":68}}],"line":9},"1":{"loc":{"start":{"line":9,"column":43},"end":{"line":9,"column":50}},"type":"default-arg","locations":[{"start":{"line":9,"column":49},"end":{"line":9,"column":50}}],"line":9},"2":{"loc":{"start":{"line":9,"column":52},"end":{"line":9,"column":61}},"type":"default-arg","locations":[{"start":{"line":9,"column":58},"end":{"line":9,"column":61}}],"line":9},"3":{"loc":{"start":{"line":16,"column":49},"end":{"line":16,"column":68}},"type":"default-arg","locations":[{"start":{"line":16,"column":66},"end":{"line":16,"column":68}}],"line":16},"4":{"loc":{"start":{"line":16,"column":51},"end":{"line":16,"column":61}},"type":"default-arg","locations":[{"start":{"line":16,"column":57},"end":{"line":16,"column":61}}],"line":16},"5":{"loc":{"start":{"line":23,"column":49},"end":{"line":23,"column":68}},"type":"default-arg","locations":[{"start":{"line":23,"column":66},"end":{"line":23,"column":68}}],"line":23},"6":{"loc":{"start":{"line":23,"column":51},"end":{"line":23,"column":61}},"type":"default-arg","locations":[{"start":{"line":23,"column":57},"end":{"line":23,"column":61}}],"line":23},"7":{"loc":{"start":{"line":29,"column":27},"end":{"line":29,"column":54}},"type":"cond-expr","locations":[{"start":{"line":29,"column":42},"end":{"line":29,"column":46}},{"start":{"line":29,"column":49},"end":{"line":29,"column":54}}],"line":29},"8":{"loc":{"start":{"line":75,"column":40},"end":{"line":75,"column":82}},"type":"default-arg","locations":[{"start":{"line":75,"column":50},"end":{"line":75,"column":82}}],"line":75}},"s":{"0":13,"1":13,"2":13,"3":13,"4":144,"5":13,"6":0,"7":13,"8":48,"9":0,"10":13,"11":0,"12":13,"13":13,"14":13,"15":13,"16":13,"17":13,"18":13,"19":13,"20":13,"21":13,"22":13,"23":13,"24":48,"25":13,"26":36,"27":0,"28":0},"f":{"0":144,"1":0,"2":48,"3":0,"4":0,"5":48,"6":36,"7":0,"8":0},"b":{"0":[0],"1":[0],"2":[0],"3":[0],"4":[0],"5":[0],"6":[0],"7":[0,0],"8":[0]},"_coverageSchema":"1a1c01bbd47fc00a2c39e90264f33305004495a9","hash":"06b3f180d0ba2e6acf4fd4fa3ada2868518dde50"}
,"/home/viper/Projects/atrifex/forge_atrifex_backend/src/validators/github.validator.js": {"path":"/home/viper/Projects/atrifex/forge_atrifex_backend/src/validators/github.validator.js","statementMap":{"0":{"start":{"line":4,"column":26},"end":{"line":7,"column":1}},"1":{"start":{"line":9,"column":35},"end":{"line":12,"column":1}},"2":{"start":{"line":14,"column":36},"end":{"line":19,"column":1}},"3":{"start":{"line":21,"column":39},"end":{"line":27,"column":1}},"4":{"start":{"line":29,"column":35},"end":{"line":31,"column":1}}},"fnMap":{},"branchMap":{},"s":{"0":12,"1":12,"2":12,"3":12,"4":12},"f":{},"b":{},"_coverageSchema":"1a1c01bbd47fc00a2c39e90264f33305004495a9","hash":"0327650470bbf2fdcdb9c563e592b68872f5563f"}
,"/home/viper/Projects/atrifex/forge_atrifex_backend/src/validators/project.validator.js": {"path":"/home/viper/Projects/atrifex/forge_atrifex_backend/src/validators/project.validator.js","statementMap":{"0":{"start":{"line":15,"column":28},"end":{"line":21,"column":42}},"1":{"start":{"line":19,"column":21},"end":{"line":19,"column":74}},"2":{"start":{"line":21,"column":36},"end":{"line":21,"column":40}},"3":{"start":{"line":23,"column":33},"end":{"line":28,"column":1}},"4":{"start":{"line":30,"column":31},"end":{"line":32,"column":1}},"5":{"start":{"line":34,"column":34},"end":{"line":37,"column":1}},"6":{"start":{"line":39,"column":35},"end":{"line":47,"column":1}},"7":{"start":{"line":49,"column":35},"end":{"line":63,"column":1}},"8":{"start":{"line":65,"column":41},"end":{"line":71,"column":1}}},"fnMap":{"0":{"name":"(anonymous_0)","decl":{"start":{"line":19,"column":10},"end":{"line":19,"column":11}},"loc":{"start":{"line":19,"column":21},"end":{"line":19,"column":74}},"line":19},"1":{"name":"(anonymous_1)","decl":{"start":{"line":21,"column":30},"end":{"line":21,"column":31}},"loc":{"start":{"line":21,"column":36},"end":{"line":21,"column":40}},"line":21}},"branchMap":{},"s":{"0":12,"1":0,"2":0,"3":12,"4":12,"5":12,"6":12,"7":12,"8":12},"f":{"0":0,"1":0},"b":{},"_coverageSchema":"1a1c01bbd47fc00a2c39e90264f33305004495a9","hash":"f0b234660de3847c6d492ef011c50bf128bce407"}
,"/home/viper/Projects/atrifex/forge_atrifex_backend/src/validators/report.validator.js": {"path":"/home/viper/Projects/atrifex/forge_atrifex_backend/src/validators/report.validator.js","statementMap":{"0":{"start":{"line":12,"column":27},"end":{"line":12,"column":75}},"1":{"start":{"line":14,"column":33},"end":{"line":26,"column":4}},"2":{"start":{"line":23,"column":21},"end":{"line":23,"column":107}},"3":{"start":{"line":28,"column":35},"end":{"line":31,"column":1}},"4":{"start":{"line":33,"column":32},"end":{"line":36,"column":1}},"5":{"start":{"line":38,"column":34},"end":{"line":41,"column":1}},"6":{"start":{"line":43,"column":35},"end":{"line":45,"column":1}}},"fnMap":{"0":{"name":"(anonymous_0)","decl":{"start":{"line":23,"column":10},"end":{"line":23,"column":11}},"loc":{"start":{"line":23,"column":21},"end":{"line":23,"column":107}},"line":23}},"branchMap":{"0":{"loc":{"start":{"line":23,"column":21},"end":{"line":23,"column":107}},"type":"binary-expr","locations":[{"start":{"line":23,"column":21},"end":{"line":23,"column":36}},{"start":{"line":23,"column":40},"end":{"line":23,"column":53}},{"start":{"line":23,"column":57},"end":{"line":23,"column":107}}],"line":23}},"s":{"0":12,"1":12,"2":0,"3":12,"4":12,"5":12,"6":12},"f":{"0":0},"b":{"0":[0,0,0]},"_coverageSchema":"1a1c01bbd47fc00a2c39e90264f33305004495a9","hash":"f9d5361327eb548b970dbe24b1cc0cfc21f0a57c"}
,"/home/viper/Projects/atrifex/forge_atrifex_backend/src/validators/task.validator.js": {"path":"/home/viper/Projects/atrifex/forge_atrifex_backend/src/validators/task.validator.js","statementMap":{"0":{"start":{"line":16,"column":30},"end":{"line":24,"column":1}},"1":{"start":{"line":26,"column":28},"end":{"line":28,"column":1}},"2":{"start":{"line":30,"column":32},"end":{"line":39,"column":1}},"3":{"start":{"line":41,"column":32},"end":{"line":54,"column":1}},"4":{"start":{"line":56,"column":38},"end":{"line":61,"column":1}},"5":{"start":{"line":63,"column":40},"end":{"line":68,"column":1}},"6":{"start":{"line":70,"column":34},"end":{"line":75,"column":1}}},"fnMap":{},"branchMap":{},"s":{"0":12,"1":12,"2":12,"3":12,"4":12,"5":12,"6":12},"f":{},"b":{},"_coverageSchema":"1a1c01bbd47fc00a2c39e90264f33305004495a9","hash":"2188d161c789ecdf30e50e3fb951f3c2276706a4"}
,"/home/viper/Projects/atrifex/forge_atrifex_backend/src/validators/team.validator.js": {"path":"/home/viper/Projects/atrifex/forge_atrifex_backend/src/validators/team.validator.js","statementMap":{"0":{"start":{"line":12,"column":24},"end":{"line":12,"column":52}},"1":{"start":{"line":14,"column":30},"end":{"line":16,"column":1}},"2":{"start":{"line":18,"column":28},"end":{"line":20,"column":1}},"3":{"start":{"line":22,"column":38},"end":{"line":26,"column":1}},"4":{"start":{"line":28,"column":32},"end":{"line":35,"column":1}},"5":{"start":{"line":37,"column":32},"end":{"line":47,"column":1}},"6":{"start":{"line":49,"column":36},"end":{"line":54,"column":1}}},"fnMap":{},"branchMap":{},"s":{"0":12,"1":12,"2":12,"3":12,"4":12,"5":12,"6":12},"f":{},"b":{},"_coverageSchema":"1a1c01bbd47fc00a2c39e90264f33305004495a9","hash":"5cac9a172e541847fc345405702bef71966b47c6"}
}
