TN:
SF:src/app.js
FN:52,(anonymous_0)
FN:56,(anonymous_1)
FN:86,(anonymous_2)
FNF:3
FNH:0
FNDA:0,(anonymous_0)
FNDA:0,(anonymous_1)
FNDA:0,(anonymous_2)
DA:31,12
DA:32,12
DA:34,12
DA:36,12
DA:37,12
DA:38,12
DA:39,12
DA:40,12
DA:47,12
DA:48,12
DA:49,12
DA:51,12
DA:52,12
DA:53,0
DA:56,12
DA:57,0
DA:64,12
DA:66,12
DA:67,0
DA:68,0
DA:69,0
DA:70,0
DA:71,0
DA:74,12
DA:75,12
DA:76,12
DA:77,12
DA:78,12
DA:79,12
DA:80,12
DA:81,12
DA:82,12
DA:83,12
DA:84,12
DA:86,12
DA:87,0
DA:93,12
LF:37
LH:29
BRDA:42,0,0,12
BRDA:42,0,1,0
BRDA:66,1,0,0
BRDA:66,1,1,12
BRF:4
BRH:2
end_of_record
TN:
SF:src/db.js
FNF:0
FNH:0
DA:4,0
DA:6,0
DA:8,0
LF:3
LH:0
BRF:0
BRH:0
end_of_record
TN:
SF:src/server.js
FN:7,(anonymous_0)
FNF:1
FNH:0
FNDA:0,(anonymous_0)
DA:5,0
DA:7,0
DA:8,0
DA:11,0
LF:4
LH:0
BRDA:5,0,0,0
BRDA:5,0,1,0
BRF:2
BRH:0
end_of_record
TN:
SF:src/config/env.js
FN:14,(anonymous_0)
FN:15,(anonymous_1)
FNF:2
FNH:2
FNDA:12,(anonymous_0)
FNDA:96,(anonymous_1)
DA:3,12
DA:14,12
DA:15,96
DA:17,12
DA:18,0
LF:5
LH:4
BRDA:17,0,0,0
BRDA:17,0,1,12
BRF:2
BRH:1
end_of_record
TN:
SF:src/config/logger.js
FNF:0
FNH:0
DA:3,14
DA:17,14
LF:2
LH:2
BRDA:18,0,0,14
BRDA:18,0,1,14
BRDA:18,1,0,14
BRDA:18,1,1,0
BRDA:20,2,0,14
BRDA:20,2,1,0
BRF:6
BRH:4
end_of_record
TN:
SF:src/config/prisma.js
FN:29,(anonymous_0)
FN:43,(anonymous_1)
FN:47,(anonymous_2)
FNF:3
FNH:1
FNDA:0,(anonymous_0)
FNDA:81,(anonymous_1)
FNDA:0,(anonymous_2)
DA:7,12
DA:8,0
DA:11,12
DA:15,12
DA:18,12
DA:28,12
DA:29,12
DA:30,0
DA:32,0
DA:33,0
DA:43,12
DA:44,81
DA:47,12
DA:48,0
DA:52,12
DA:55,12
DA:56,12
LF:17
LH:12
BRDA:7,0,0,0
BRDA:7,0,1,12
BRDA:18,1,0,12
BRDA:18,1,1,12
BRDA:28,2,0,12
BRDA:28,2,1,0
BRDA:32,3,0,0
BRDA:32,3,1,0
BRDA:55,4,0,12
BRDA:55,4,1,0
BRF:10
BRH:5
end_of_record
TN:
SF:src/config/swagger.js
FN:10,(anonymous_0)
FN:18,(anonymous_1)
FN:45,(anonymous_2)
FN:59,(anonymous_3)
FNF:4
FNH:4
FNDA:442,(anonymous_0)
FNDA:858,(anonymous_1)
FNDA:780,(anonymous_2)
FNDA:195,(anonymous_3)
DA:3,13
DA:5,13
DA:10,442
DA:18,858
DA:37,13
DA:45,780
DA:59,195
DA:70,13
DA:1075,13
DA:1080,13
LF:10
LH:10
BRDA:18,0,0,780
BRDA:45,1,0,260
BRDA:45,2,0,728
BRDA:51,3,0,169
BRDA:51,3,1,611
BRDA:53,4,0,780
BRDA:53,4,1,0
BRDA:64,5,0,195
BRDA:64,5,1,0
BRF:9
BRH:7
end_of_record
TN:
SF:src/controllers/activity.controller.js
FN:47,(anonymous_0)
FN:49,(anonymous_1)
FN:60,(anonymous_2)
FN:74,(anonymous_3)
FN:88,(anonymous_4)
FN:108,(anonymous_5)
FN:120,(anonymous_6)
FN:135,(anonymous_7)
FN:151,(anonymous_8)
FN:163,(anonymous_9)
FN:179,(anonymous_10)
FN:183,(anonymous_11)
FN:234,(anonymous_12)
FN:280,(anonymous_13)
FN:292,(anonymous_14)
FN:322,(anonymous_15)
FN:360,(anonymous_16)
FN:369,(anonymous_17)
FN:380,(anonymous_18)
FN:412,(anonymous_19)
FN:421,(anonymous_20)
FN:444,(anonymous_21)
FN:475,(anonymous_22)
FN:495,(anonymous_23)
FN:531,(anonymous_24)
FNF:25
FNH:0
FNDA:0,(anonymous_0)
FNDA:0,(anonymous_1)
FNDA:0,(anonymous_2)
FNDA:0,(anonymous_3)
FNDA:0,(anonymous_4)
FNDA:0,(anonymous_5)
FNDA:0,(anonymous_6)
FNDA:0,(anonymous_7)
FNDA:0,(anonymous_8)
FNDA:0,(anonymous_9)
FNDA:0,(anonymous_10)
FNDA:0,(anonymous_11)
FNDA:0,(anonymous_12)
FNDA:0,(anonymous_13)
FNDA:0,(anonymous_14)
FNDA:0,(anonymous_15)
FNDA:0,(anonymous_16)
FNDA:0,(anonymous_17)
FNDA:0,(anonymous_18)
FNDA:0,(anonymous_19)
FNDA:0,(anonymous_20)
FNDA:0,(anonymous_21)
FNDA:0,(anonymous_22)
FNDA:0,(anonymous_23)
FNDA:0,(anonymous_24)
DA:6,12
DA:7,12
DA:20,12
DA:35,12
DA:47,12
DA:49,12
DA:50,0
DA:51,0
DA:53,0
DA:60,12
DA:61,0
DA:62,0
DA:65,0
DA:67,0
DA:68,0
DA:71,0
DA:74,12
DA:75,0
DA:76,0
DA:79,0
DA:81,0
DA:82,0
DA:85,0
DA:88,12
DA:89,0
DA:90,0
DA:97,0
DA:98,0
DA:108,0
DA:109,0
DA:120,0
DA:121,0
DA:132,0
DA:135,0
DA:139,0
DA:151,0
DA:152,0
DA:163,0
DA:164,0
DA:176,0
DA:179,0
DA:183,12
DA:184,0
DA:189,0
DA:190,0
DA:193,0
DA:194,0
DA:200,0
DA:201,0
DA:209,0
DA:210,0
DA:218,0
DA:219,0
DA:227,0
DA:234,12
DA:235,0
DA:236,0
DA:237,0
DA:239,0
DA:240,0
DA:243,0
DA:244,0
DA:245,0
DA:248,0
DA:251,0
DA:252,0
DA:253,0
DA:256,0
DA:257,0
DA:260,0
DA:261,0
DA:262,0
DA:265,0
DA:266,0
DA:269,0
DA:271,0
DA:277,0
DA:280,12
DA:292,12
DA:293,0
DA:294,0
DA:297,0
DA:317,0
DA:318,0
DA:322,12
DA:323,0
DA:324,0
DA:327,0
DA:355,0
DA:356,0
DA:360,12
DA:361,0
DA:369,0
DA:370,0
DA:380,0
DA:381,0
DA:388,0
DA:389,0
DA:397,0
DA:398,0
DA:406,0
DA:412,12
DA:413,0
DA:421,0
DA:422,0
DA:429,0
DA:430,0
DA:438,0
DA:444,12
DA:445,0
DA:446,0
DA:448,0
DA:461,0
DA:475,12
DA:476,0
DA:477,0
DA:480,0
DA:488,0
DA:489,0
DA:492,0
DA:495,12
DA:496,0
DA:498,0
DA:500,0
DA:504,0
DA:517,0
DA:531,12
DA:532,0
DA:534,0
DA:536,0
DA:540,0
DA:553,0
LF:132
LH:20
BRDA:47,0,0,0
BRDA:47,0,1,0
BRDA:50,1,0,0
BRDA:50,1,1,0
BRDA:51,2,0,0
BRDA:51,2,1,0
BRDA:61,3,0,0
BRDA:61,3,1,0
BRDA:67,4,0,0
BRDA:67,4,1,0
BRDA:75,5,0,0
BRDA:75,5,1,0
BRDA:81,6,0,0
BRDA:81,6,1,0
BRDA:89,7,0,0
BRDA:89,7,1,0
BRDA:97,8,0,0
BRDA:97,8,1,0
BRDA:189,9,0,0
BRDA:189,9,1,0
BRDA:200,10,0,0
BRDA:200,10,1,0
BRDA:209,11,0,0
BRDA:209,11,1,0
BRDA:218,12,0,0
BRDA:218,12,1,0
BRDA:236,13,0,0
BRDA:236,13,1,0
BRDA:237,14,0,0
BRDA:237,14,1,0
BRDA:239,15,0,0
BRDA:239,15,1,0
BRDA:243,16,0,0
BRDA:243,16,1,0
BRDA:244,17,0,0
BRDA:244,17,1,0
BRDA:251,18,0,0
BRDA:251,18,1,0
BRDA:252,19,0,0
BRDA:252,19,1,0
BRDA:260,20,0,0
BRDA:260,20,1,0
BRDA:261,21,0,0
BRDA:261,21,1,0
BRDA:269,22,0,0
BRDA:269,22,1,0
BRDA:269,23,0,0
BRDA:269,23,1,0
BRDA:272,24,0,0
BRDA:272,24,1,0
BRDA:273,25,0,0
BRDA:273,25,1,0
BRDA:293,26,0,0
BRDA:293,26,1,0
BRDA:301,27,0,0
BRDA:301,27,1,0
BRDA:302,28,0,0
BRDA:302,28,1,0
BRDA:317,29,0,0
BRDA:317,29,1,0
BRDA:323,30,0,0
BRDA:323,30,1,0
BRDA:331,31,0,0
BRDA:331,31,1,0
BRDA:338,32,0,0
BRDA:338,32,1,0
BRDA:355,33,0,0
BRDA:355,33,1,0
BRDA:388,34,0,0
BRDA:388,34,1,0
BRDA:397,35,0,0
BRDA:397,35,1,0
BRDA:429,36,0,0
BRDA:429,36,1,0
BRDA:476,37,0,0
BRDA:476,37,1,0
BRDA:488,38,0,0
BRDA:488,38,1,0
BRF:78
BRH:0
end_of_record
TN:
SF:src/controllers/ai.controller.js
FN:11,(anonymous_0)
FN:20,(anonymous_1)
FN:29,(anonymous_2)
FN:38,(anonymous_3)
FN:47,(anonymous_4)
FNF:5
FNH:0
FNDA:0,(anonymous_0)
FNDA:0,(anonymous_1)
FNDA:0,(anonymous_2)
FNDA:0,(anonymous_3)
FNDA:0,(anonymous_4)
DA:11,12
DA:12,0
DA:20,12
DA:21,0
DA:29,12
DA:30,0
DA:38,12
DA:39,0
DA:47,12
DA:48,0
LF:10
LH:5
BRF:0
BRH:0
end_of_record
TN:
SF:src/controllers/auth.controller.js
FN:9,(anonymous_0)
FN:74,(anonymous_1)
FN:124,(anonymous_2)
FN:192,(anonymous_3)
FN:210,(anonymous_4)
FNF:5
FNH:0
FNDA:0,(anonymous_0)
FNDA:0,(anonymous_1)
FNDA:0,(anonymous_2)
FNDA:0,(anonymous_3)
FNDA:0,(anonymous_4)
DA:7,12
DA:9,12
DA:10,0
DA:20,0
DA:22,0
DA:23,0
DA:29,0
DA:30,0
DA:36,0
DA:38,0
DA:42,0
DA:43,0
DA:49,0
DA:51,0
DA:53,0
DA:59,0
DA:63,0
DA:65,0
DA:71,0
DA:72,0
DA:74,0
DA:76,0
DA:81,0
DA:97,0
DA:98,0
DA:100,0
DA:113,0
DA:114,0
DA:120,0
DA:124,12
DA:125,0
DA:126,0
DA:128,0
DA:129,0
DA:135,0
DA:149,0
DA:150,0
DA:156,0
DA:157,0
DA:163,0
DA:165,0
DA:166,0
DA:172,0
DA:173,0
DA:175,0
DA:188,0
DA:192,12
DA:193,0
DA:199,0
DA:210,12
DA:211,0
LF:51
LH:5
BRDA:15,0,0,0
BRDA:22,1,0,0
BRDA:22,1,1,0
BRDA:22,2,0,0
BRDA:22,2,1,0
BRDA:22,2,2,0
BRDA:29,3,0,0
BRDA:29,3,1,0
BRDA:42,4,0,0
BRDA:42,4,1,0
BRDA:51,5,0,0
BRDA:51,5,1,0
BRDA:63,6,0,0
BRDA:63,6,1,0
BRDA:63,7,0,0
BRDA:63,7,1,0
BRDA:71,8,0,0
BRDA:71,8,1,0
BRDA:71,9,0,0
BRDA:71,9,1,0
BRDA:76,10,0,0
BRDA:76,10,1,0
BRDA:88,11,0,0
BRDA:88,11,1,0
BRDA:89,12,0,0
BRDA:89,12,1,0
BRDA:90,13,0,0
BRDA:90,13,1,0
BRDA:113,14,0,0
BRDA:113,14,1,0
BRDA:128,15,0,0
BRDA:128,15,1,0
BRDA:128,16,0,0
BRDA:128,16,1,0
BRDA:149,17,0,0
BRDA:149,17,1,0
BRDA:156,18,0,0
BRDA:156,18,1,0
BRDA:165,19,0,0
BRDA:165,19,1,0
BRF:40
BRH:0
end_of_record
TN:
SF:src/controllers/dashboard.controller.js
FN:15,(anonymous_0)
FN:19,(anonymous_1)
FN:23,(anonymous_2)
FN:32,(anonymous_3)
FN:41,(anonymous_4)
FN:45,(anonymous_5)
FN:49,(anonymous_6)
FN:53,(anonymous_7)
FN:57,(anonymous_8)
FNF:9
FNH:0
FNDA:0,(anonymous_0)
FNDA:0,(anonymous_1)
FNDA:0,(anonymous_2)
FNDA:0,(anonymous_3)
FNDA:0,(anonymous_4)
FNDA:0,(anonymous_5)
FNDA:0,(anonymous_6)
FNDA:0,(anonymous_7)
FNDA:0,(anonymous_8)
DA:15,12
DA:16,0
DA:19,12
DA:20,0
DA:23,12
DA:24,0
DA:32,12
DA:33,0
DA:41,12
DA:42,0
DA:45,12
DA:46,0
DA:49,12
DA:50,0
DA:53,12
DA:54,0
DA:57,12
DA:58,0
LF:18
LH:9
BRF:0
BRH:0
end_of_record
TN:
SF:src/controllers/github.controller.js
FN:15,(anonymous_0)
FN:21,(anonymous_1)
FN:33,(anonymous_2)
FN:37,(anonymous_3)
FN:46,(anonymous_4)
FN:55,(anonymous_5)
FN:64,(anonymous_6)
FN:73,(anonymous_7)
FN:82,(anonymous_8)
FNF:9
FNH:0
FNDA:0,(anonymous_0)
FNDA:0,(anonymous_1)
FNDA:0,(anonymous_2)
FNDA:0,(anonymous_3)
FNDA:0,(anonymous_4)
FNDA:0,(anonymous_5)
FNDA:0,(anonymous_6)
FNDA:0,(anonymous_7)
FNDA:0,(anonymous_8)
DA:15,12
DA:16,0
DA:18,0
DA:21,12
DA:22,0
DA:33,12
DA:34,0
DA:37,12
DA:38,0
DA:46,12
DA:47,0
DA:55,12
DA:56,0
DA:64,12
DA:65,0
DA:73,12
DA:74,0
DA:82,12
DA:83,0
LF:19
LH:9
BRF:0
BRH:0
end_of_record
TN:
SF:src/controllers/health.controller.js
FN:4,(anonymous_0)
FN:6,(anonymous_1)
FNF:2
FNH:0
FNDA:0,(anonymous_0)
FNDA:0,(anonymous_1)
DA:4,12
DA:6,12
DA:7,0
DA:8,0
LF:4
LH:2
BRF:0
BRH:0
end_of_record
TN:
SF:src/controllers/notification.controller.js
FN:8,(anonymous_0)
FN:10,(anonymous_1)
FN:21,(anonymous_2)
FN:37,(anonymous_3)
FN:46,(anonymous_4)
FN:102,(anonymous_5)
FN:114,(anonymous_6)
FN:143,(anonymous_7)
FNF:8
FNH:0
FNDA:0,(anonymous_0)
FNDA:0,(anonymous_1)
FNDA:0,(anonymous_2)
FNDA:0,(anonymous_3)
FNDA:0,(anonymous_4)
FNDA:0,(anonymous_5)
FNDA:0,(anonymous_6)
FNDA:0,(anonymous_7)
DA:6,12
DA:8,12
DA:10,12
DA:11,0
DA:12,0
DA:14,0
DA:21,12
DA:22,0
DA:23,0
DA:26,0
DA:27,0
DA:30,0
DA:31,0
DA:34,0
DA:37,12
DA:46,12
DA:47,0
DA:48,0
DA:49,0
DA:50,0
DA:55,0
DA:56,0
DA:59,0
DA:60,0
DA:76,0
DA:88,0
DA:102,12
DA:103,0
DA:111,0
DA:114,12
DA:115,0
DA:116,0
DA:119,0
DA:127,0
DA:128,0
DA:131,0
DA:140,0
DA:143,12
DA:144,0
DA:155,0
LF:40
LH:9
BRDA:8,0,0,0
BRDA:8,0,1,0
BRDA:11,1,0,0
BRDA:11,1,1,0
BRDA:12,2,0,0
BRDA:12,2,1,0
BRDA:22,3,0,0
BRDA:22,3,1,0
BRDA:26,4,0,0
BRDA:26,4,1,0
BRDA:26,5,0,0
BRDA:26,5,1,0
BRDA:30,6,0,0
BRDA:30,6,1,0
BRDA:30,7,0,0
BRDA:30,7,1,0
BRDA:55,8,0,0
BRDA:55,8,1,0
BRDA:59,9,0,0
BRDA:59,9,1,0
BRDA:115,10,0,0
BRDA:115,10,1,0
BRDA:127,11,0,0
BRDA:127,11,1,0
BRF:24
BRH:0
end_of_record
TN:
SF:src/controllers/project.controller.js
FN:80,(anonymous_0)
FN:82,(anonymous_1)
FN:93,(anonymous_2)
FN:108,(anonymous_3)
FN:126,(anonymous_4)
FN:145,(anonymous_5)
FN:172,(anonymous_6)
FN:203,(anonymous_7)
FN:229,(anonymous_8)
FN:260,(anonymous_9)
FN:275,(anonymous_10)
FN:301,(anonymous_11)
FN:314,(anonymous_12)
FN:328,(anonymous_13)
FN:335,(anonymous_14)
FN:384,(anonymous_15)
FN:404,(anonymous_16)
FN:425,(anonymous_17)
FN:489,(anonymous_18)
FN:567,(anonymous_19)
FN:600,(anonymous_20)
FN:629,(anonymous_21)
FN:653,(anonymous_22)
FN:673,(anonymous_23)
FN:719,(anonymous_24)
FNF:25
FNH:0
FNDA:0,(anonymous_0)
FNDA:0,(anonymous_1)
FNDA:0,(anonymous_2)
FNDA:0,(anonymous_3)
FNDA:0,(anonymous_4)
FNDA:0,(anonymous_5)
FNDA:0,(anonymous_6)
FNDA:0,(anonymous_7)
FNDA:0,(anonymous_8)
FNDA:0,(anonymous_9)
FNDA:0,(anonymous_10)
FNDA:0,(anonymous_11)
FNDA:0,(anonymous_12)
FNDA:0,(anonymous_13)
FNDA:0,(anonymous_14)
FNDA:0,(anonymous_15)
FNDA:0,(anonymous_16)
FNDA:0,(anonymous_17)
FNDA:0,(anonymous_18)
FNDA:0,(anonymous_19)
FNDA:0,(anonymous_20)
FNDA:0,(anonymous_21)
FNDA:0,(anonymous_22)
FNDA:0,(anonymous_23)
FNDA:0,(anonymous_24)
DA:8,12
DA:9,12
DA:10,12
DA:14,12
DA:16,12
DA:31,12
DA:44,12
DA:50,12
DA:72,12
DA:80,12
DA:82,12
DA:83,0
DA:84,0
DA:86,0
DA:93,12
DA:94,0
DA:95,0
DA:98,0
DA:99,0
DA:101,0
DA:102,0
DA:105,0
DA:108,12
DA:109,0
DA:110,0
DA:113,0
DA:114,0
DA:117,0
DA:119,0
DA:120,0
DA:123,0
DA:126,12
DA:127,0
DA:128,0
DA:131,0
DA:132,0
DA:134,0
DA:135,0
DA:138,0
DA:141,0
DA:145,12
DA:146,0
DA:151,0
DA:153,0
DA:158,0
DA:160,0
DA:169,0
DA:172,12
DA:173,0
DA:175,0
DA:176,0
DA:179,0
DA:203,12
DA:204,0
DA:205,0
DA:208,0
DA:209,0
DA:212,0
DA:221,0
DA:223,0
DA:226,0
DA:229,12
DA:230,0
DA:231,0
DA:234,0
DA:254,0
DA:256,0
DA:260,12
DA:261,0
DA:270,0
DA:271,0
DA:275,12
DA:280,0
DA:282,0
DA:285,0
DA:294,0
DA:295,0
DA:298,0
DA:301,12
DA:302,0
DA:303,0
DA:306,0
DA:308,0
DA:310,0
DA:314,12
DA:328,12
DA:335,12
DA:336,0
DA:337,0
DA:342,0
DA:344,0
DA:345,0
DA:348,0
DA:349,0
DA:350,0
DA:354,0
DA:357,0
DA:370,0
DA:384,12
DA:385,0
DA:386,0
DA:389,0
DA:397,0
DA:398,0
DA:401,0
DA:404,12
DA:405,0
DA:406,0
DA:407,0
DA:408,0
DA:409,0
DA:411,0
DA:412,0
DA:415,0
DA:416,0
DA:419,0
DA:423,0
DA:425,0
DA:426,0
DA:441,0
DA:454,0
DA:455,0
DA:470,0
DA:478,0
DA:481,0
DA:489,12
DA:490,0
DA:498,0
DA:499,0
DA:500,0
DA:502,0
DA:503,0
DA:505,0
DA:506,0
DA:509,0
DA:514,0
DA:517,0
DA:518,0
DA:520,0
DA:521,0
DA:524,0
DA:527,0
DA:528,0
DA:531,0
DA:532,0
DA:535,0
DA:536,0
DA:537,0
DA:538,0
DA:539,0
DA:540,0
DA:543,0
DA:544,0
DA:546,0
DA:547,0
DA:550,0
DA:553,0
DA:554,0
DA:556,0
DA:557,0
DA:560,0
DA:563,0
DA:564,0
DA:567,0
DA:568,0
DA:575,0
DA:589,0
DA:592,0
DA:600,12
DA:601,0
DA:610,0
DA:612,0
DA:615,0
DA:624,0
DA:626,0
DA:629,0
DA:630,0
DA:636,0
DA:650,0
DA:653,12
DA:654,0
DA:656,0
DA:657,0
DA:660,0
DA:671,0
DA:673,0
DA:674,0
DA:684,0
DA:701,0
DA:708,0
DA:711,0
DA:719,12
DA:720,0
DA:722,0
DA:724,0
DA:729,0
DA:742,0
LF:197
LH:30
BRDA:80,0,0,0
BRDA:80,0,1,0
BRDA:83,1,0,0
BRDA:83,1,1,0
BRDA:84,2,0,0
BRDA:84,2,1,0
BRDA:94,3,0,0
BRDA:94,3,1,0
BRDA:94,4,0,0
BRDA:94,4,1,0
BRDA:94,4,2,0
BRDA:99,5,0,0
BRDA:99,5,1,0
BRDA:101,6,0,0
BRDA:101,6,1,0
BRDA:108,7,0,0
BRDA:109,8,0,0
BRDA:109,8,1,0
BRDA:113,9,0,0
BRDA:113,9,1,0
BRDA:119,10,0,0
BRDA:119,10,1,0
BRDA:127,11,0,0
BRDA:127,11,1,0
BRDA:127,12,0,0
BRDA:127,12,1,0
BRDA:127,12,2,0
BRDA:134,13,0,0
BRDA:134,13,1,0
BRDA:151,14,0,0
BRDA:151,14,1,0
BRDA:158,15,0,0
BRDA:158,15,1,0
BRDA:175,16,0,0
BRDA:175,16,1,0
BRDA:204,17,0,0
BRDA:204,17,1,0
BRDA:204,18,0,0
BRDA:204,18,1,0
BRDA:204,18,2,0
BRDA:208,19,0,0
BRDA:208,19,1,0
BRDA:221,20,0,0
BRDA:221,20,1,0
BRDA:230,21,0,0
BRDA:230,21,1,0
BRDA:238,22,0,0
BRDA:238,22,1,0
BRDA:239,23,0,0
BRDA:239,23,1,0
BRDA:254,24,0,0
BRDA:254,24,1,0
BRDA:260,25,0,0
BRDA:266,26,0,0
BRDA:266,26,1,0
BRDA:270,27,0,0
BRDA:270,27,1,0
BRDA:278,28,0,0
BRDA:280,29,0,0
BRDA:280,29,1,0
BRDA:294,30,0,0
BRDA:294,30,1,0
BRDA:302,31,0,0
BRDA:302,31,1,0
BRDA:302,32,0,0
BRDA:302,32,1,0
BRDA:306,33,0,0
BRDA:306,33,1,0
BRDA:308,34,0,0
BRDA:308,34,1,0
BRDA:344,35,0,0
BRDA:344,35,1,0
BRDA:348,36,0,0
BRDA:348,36,1,0
BRDA:349,37,0,0
BRDA:349,37,1,0
BRDA:385,38,0,0
BRDA:385,38,1,0
BRDA:397,39,0,0
BRDA:397,39,1,0
BRDA:411,40,0,0
BRDA:411,40,1,0
BRDA:415,41,0,0
BRDA:415,41,1,0
BRDA:436,42,0,0
BRDA:436,42,1,0
BRDA:449,43,0,0
BRDA:449,43,1,0
BRDA:454,44,0,0
BRDA:454,44,1,0
BRDA:502,45,0,0
BRDA:502,45,1,0
BRDA:505,46,0,0
BRDA:505,46,1,0
BRDA:517,47,0,0
BRDA:517,47,1,0
BRDA:520,48,0,0
BRDA:520,48,1,0
BRDA:527,49,0,0
BRDA:527,49,1,0
BRDA:531,50,0,0
BRDA:531,50,1,0
BRDA:535,51,0,0
BRDA:535,51,1,0
BRDA:543,52,0,0
BRDA:543,52,1,0
BRDA:546,53,0,0
BRDA:546,53,1,0
BRDA:546,54,0,0
BRDA:546,54,1,0
BRDA:546,54,2,0
BRDA:553,55,0,0
BRDA:553,55,1,0
BRDA:556,56,0,0
BRDA:556,56,1,0
BRDA:556,57,0,0
BRDA:556,57,1,0
BRDA:556,57,2,0
BRDA:563,58,0,0
BRDA:563,58,1,0
BRDA:610,59,0,0
BRDA:610,59,1,0
BRDA:624,60,0,0
BRDA:624,60,1,0
BRDA:656,61,0,0
BRDA:656,61,1,0
BRDA:671,62,0,0
BRDA:671,62,1,0
BRDA:680,63,0,0
BRDA:680,63,1,0
BRF:130
BRH:0
end_of_record
TN:
SF:src/controllers/report.controller.js
FN:12,(anonymous_0)
FN:23,(anonymous_1)
FN:34,(anonymous_2)
FN:45,(anonymous_3)
FN:51,(anonymous_4)
FNF:5
FNH:0
FNDA:0,(anonymous_0)
FNDA:0,(anonymous_1)
FNDA:0,(anonymous_2)
FNDA:0,(anonymous_3)
FNDA:0,(anonymous_4)
DA:12,12
DA:13,0
DA:15,0
DA:23,12
DA:24,0
DA:26,0
DA:34,12
DA:35,0
DA:37,0
DA:45,12
DA:46,0
DA:48,0
DA:51,12
DA:52,0
DA:54,0
LF:15
LH:5
BRF:0
BRH:0
end_of_record
TN:
SF:src/controllers/task.controller.js
FN:79,(anonymous_0)
FN:81,(anonymous_1)
FN:92,(anonymous_2)
FN:106,(anonymous_3)
FN:121,(anonymous_4)
FN:139,(anonymous_5)
FN:149,(anonymous_6)
FN:166,(anonymous_7)
FN:189,(anonymous_8)
FN:214,(anonymous_9)
FN:230,(anonymous_10)
FN:254,(anonymous_11)
FN:275,(anonymous_12)
FN:308,(anonymous_13)
FN:336,(anonymous_14)
FN:351,(anonymous_15)
FN:421,(anonymous_16)
FN:427,(anonymous_17)
FN:453,(anonymous_18)
FN:514,(anonymous_19)
FN:576,(anonymous_20)
FN:611,(anonymous_21)
FN:626,(anonymous_22)
FN:661,(anonymous_23)
FN:674,(anonymous_24)
FN:708,(anonymous_25)
FN:722,(anonymous_26)
FN:764,(anonymous_27)
FN:767,(anonymous_28)
FNF:29
FNH:0
FNDA:0,(anonymous_0)
FNDA:0,(anonymous_1)
FNDA:0,(anonymous_2)
FNDA:0,(anonymous_3)
FNDA:0,(anonymous_4)
FNDA:0,(anonymous_5)
FNDA:0,(anonymous_6)
FNDA:0,(anonymous_7)
FNDA:0,(anonymous_8)
FNDA:0,(anonymous_9)
FNDA:0,(anonymous_10)
FNDA:0,(anonymous_11)
FNDA:0,(anonymous_12)
FNDA:0,(anonymous_13)
FNDA:0,(anonymous_14)
FNDA:0,(anonymous_15)
FNDA:0,(anonymous_16)
FNDA:0,(anonymous_17)
FNDA:0,(anonymous_18)
FNDA:0,(anonymous_19)
FNDA:0,(anonymous_20)
FNDA:0,(anonymous_21)
FNDA:0,(anonymous_22)
FNDA:0,(anonymous_23)
FNDA:0,(anonymous_24)
FNDA:0,(anonymous_25)
FNDA:0,(anonymous_26)
FNDA:0,(anonymous_27)
FNDA:0,(anonymous_28)
DA:8,12
DA:9,12
DA:10,12
DA:11,12
DA:15,12
DA:24,12
DA:39,12
DA:52,12
DA:67,12
DA:79,12
DA:81,12
DA:82,0
DA:83,0
DA:85,0
DA:92,12
DA:93,0
DA:94,0
DA:97,0
DA:99,0
DA:100,0
DA:103,0
DA:106,12
DA:107,0
DA:108,0
DA:111,0
DA:112,0
DA:114,0
DA:115,0
DA:118,0
DA:121,12
DA:122,0
DA:123,0
DA:126,0
DA:127,0
DA:130,0
DA:132,0
DA:133,0
DA:136,0
DA:139,12
DA:140,0
DA:142,0
DA:143,0
DA:146,0
DA:149,12
DA:150,0
DA:151,0
DA:154,0
DA:155,0
DA:158,0
DA:160,0
DA:162,0
DA:166,12
DA:167,0
DA:174,0
DA:176,0
DA:181,0
DA:183,0
DA:186,0
DA:189,12
DA:190,0
DA:192,0
DA:193,0
DA:196,0
DA:214,12
DA:230,12
DA:231,0
DA:239,0
DA:242,0
DA:251,0
DA:254,12
DA:255,0
DA:257,0
DA:260,0
DA:268,0
DA:269,0
DA:272,0
DA:275,12
DA:276,0
DA:277,0
DA:280,0
DA:296,0
DA:297,0
DA:300,0
DA:302,0
DA:305,0
DA:308,12
DA:309,0
DA:310,0
DA:313,0
DA:328,0
DA:330,0
DA:333,0
DA:336,12
DA:337,0
DA:346,0
DA:347,0
DA:351,12
DA:352,0
DA:353,0
DA:358,0
DA:359,0
DA:361,0
DA:362,0
DA:365,0
DA:366,0
DA:369,0
DA:370,0
DA:371,0
DA:374,0
DA:377,0
DA:378,0
DA:379,0
DA:383,0
DA:386,0
DA:387,0
DA:388,0
DA:391,0
DA:394,0
DA:407,0
DA:421,12
DA:422,0
DA:424,0
DA:427,12
DA:428,0
DA:429,0
DA:430,0
DA:431,0
DA:432,0
DA:434,0
DA:435,0
DA:438,0
DA:439,0
DA:442,0
DA:443,0
DA:446,0
DA:447,0
DA:448,0
DA:453,0
DA:454,0
DA:468,0
DA:470,0
DA:484,0
DA:499,0
DA:506,0
DA:509,0
DA:511,0
DA:514,12
DA:515,0
DA:516,0
DA:517,0
DA:518,0
DA:520,0
DA:521,0
DA:523,0
DA:524,0
DA:527,0
DA:532,0
DA:535,0
DA:536,0
DA:539,0
DA:540,0
DA:543,0
DA:544,0
DA:547,0
DA:548,0
DA:549,0
DA:550,0
DA:551,0
DA:552,0
DA:554,0
DA:555,0
DA:559,0
DA:560,0
DA:561,0
DA:562,0
DA:563,0
DA:565,0
DA:566,0
DA:568,0
DA:572,0
DA:573,0
DA:576,0
DA:577,0
DA:584,0
DA:585,0
DA:588,0
DA:603,0
DA:606,0
DA:608,0
DA:611,12
DA:612,0
DA:613,0
DA:615,0
DA:616,0
DA:619,0
DA:621,0
DA:626,0
DA:627,0
DA:634,0
DA:635,0
DA:638,0
DA:653,0
DA:656,0
DA:658,0
DA:661,12
DA:662,0
DA:663,0
DA:665,0
DA:666,0
DA:669,0
DA:674,0
DA:675,0
DA:682,0
DA:684,0
DA:700,0
DA:703,0
DA:705,0
DA:708,12
DA:709,0
DA:710,0
DA:712,0
DA:713,0
DA:716,0
DA:722,0
DA:723,0
DA:733,0
DA:749,0
DA:756,0
DA:759,0
DA:761,0
DA:764,12
DA:765,0
DA:767,0
DA:768,0
DA:774,0
DA:776,0
DA:791,0
LF:237
LH:32
BRDA:79,0,0,0
BRDA:79,0,1,0
BRDA:82,1,0,0
BRDA:82,1,1,0
BRDA:83,2,0,0
BRDA:83,2,1,0
BRDA:93,3,0,0
BRDA:93,3,1,0
BRDA:93,4,0,0
BRDA:93,4,1,0
BRDA:93,4,2,0
BRDA:99,5,0,0
BRDA:99,5,1,0
BRDA:107,6,0,0
BRDA:107,6,1,0
BRDA:107,7,0,0
BRDA:107,7,1,0
BRDA:107,7,2,0
BRDA:112,8,0,0
BRDA:112,8,1,0
BRDA:114,9,0,0
BRDA:114,9,1,0
BRDA:122,10,0,0
BRDA:122,10,1,0
BRDA:126,11,0,0
BRDA:126,11,1,0
BRDA:132,12,0,0
BRDA:132,12,1,0
BRDA:142,13,0,0
BRDA:142,13,1,0
BRDA:142,14,0,0
BRDA:142,14,1,0
BRDA:142,14,2,0
BRDA:150,15,0,0
BRDA:150,15,1,0
BRDA:150,16,0,0
BRDA:150,16,1,0
BRDA:154,17,0,0
BRDA:154,17,1,0
BRDA:158,18,0,0
BRDA:158,18,1,0
BRDA:160,19,0,0
BRDA:160,19,1,0
BRDA:174,20,0,0
BRDA:174,20,1,0
BRDA:181,21,0,0
BRDA:181,21,1,0
BRDA:192,22,0,0
BRDA:192,22,1,0
BRDA:239,23,0,0
BRDA:239,23,1,0
BRDA:254,24,0,0
BRDA:255,25,0,0
BRDA:255,25,1,0
BRDA:268,26,0,0
BRDA:268,26,1,0
BRDA:276,27,0,0
BRDA:276,27,1,0
BRDA:285,28,0,0
BRDA:285,28,1,0
BRDA:296,29,0,0
BRDA:296,29,1,0
BRDA:300,30,0,0
BRDA:300,30,1,0
BRDA:309,31,0,0
BRDA:309,31,1,0
BRDA:328,32,0,0
BRDA:328,32,1,0
BRDA:336,33,0,0
BRDA:342,34,0,0
BRDA:342,34,1,0
BRDA:346,35,0,0
BRDA:346,35,1,0
BRDA:361,36,0,0
BRDA:361,36,1,0
BRDA:365,37,0,0
BRDA:365,37,1,0
BRDA:369,38,0,0
BRDA:369,38,1,0
BRDA:370,39,0,0
BRDA:370,39,1,0
BRDA:377,40,0,0
BRDA:377,40,1,0
BRDA:378,41,0,0
BRDA:378,41,1,0
BRDA:386,42,0,0
BRDA:386,42,1,0
BRDA:387,43,0,0
BRDA:387,43,1,0
BRDA:430,44,0,0
BRDA:430,44,1,0
BRDA:432,45,0,0
BRDA:432,45,1,0
BRDA:434,46,0,0
BRDA:434,46,1,0
BRDA:438,47,0,0
BRDA:438,47,1,0
BRDA:442,48,0,0
BRDA:442,48,1,0
BRDA:520,49,0,0
BRDA:520,49,1,0
BRDA:523,50,0,0
BRDA:523,50,1,0
BRDA:535,51,0,0
BRDA:535,51,1,0
BRDA:536,52,0,0
BRDA:536,52,1,0
BRDA:539,53,0,0
BRDA:539,53,1,0
BRDA:543,54,0,0
BRDA:543,54,1,0
BRDA:547,55,0,0
BRDA:547,55,1,0
BRDA:554,56,0,0
BRDA:554,56,1,0
BRDA:559,57,0,0
BRDA:559,57,1,0
BRDA:565,58,0,0
BRDA:565,58,1,0
BRDA:572,59,0,0
BRDA:572,59,1,0
BRDA:584,60,0,0
BRDA:584,60,1,0
BRDA:615,61,0,0
BRDA:615,61,1,0
BRDA:623,62,0,0
BRDA:623,62,1,0
BRDA:634,63,0,0
BRDA:634,63,1,0
BRDA:665,64,0,0
BRDA:665,64,1,0
BRDA:671,65,0,0
BRDA:671,65,1,0
BRDA:712,66,0,0
BRDA:712,66,1,0
BRF:135
BRH:0
end_of_record
TN:
SF:src/controllers/team.controller.js
FN:66,(anonymous_0)
FN:68,(anonymous_1)
FN:70,(anonymous_2)
FN:93,(anonymous_3)
FN:118,(anonymous_4)
FN:129,(anonymous_5)
FN:139,(anonymous_6)
FN:154,(anonymous_7)
FN:166,(anonymous_8)
FN:188,(anonymous_9)
FN:203,(anonymous_10)
FN:226,(anonymous_11)
FN:265,(anonymous_12)
FN:276,(anonymous_13)
FN:313,(anonymous_14)
FN:333,(anonymous_15)
FN:354,(anonymous_16)
FN:367,(anonymous_17)
FN:376,(anonymous_18)
FN:385,(anonymous_19)
FN:422,(anonymous_20)
FN:464,(anonymous_21)
FN:490,(anonymous_22)
FN:515,(anonymous_23)
FN:545,(anonymous_24)
FN:572,(anonymous_25)
FN:573,(anonymous_26)
FN:580,(anonymous_27)
FN:582,(anonymous_28)
FN:591,(anonymous_29)
FN:613,(anonymous_30)
FN:633,(anonymous_31)
FN:666,(anonymous_32)
FNF:33
FNH:0
FNDA:0,(anonymous_0)
FNDA:0,(anonymous_1)
FNDA:0,(anonymous_2)
FNDA:0,(anonymous_3)
FNDA:0,(anonymous_4)
FNDA:0,(anonymous_5)
FNDA:0,(anonymous_6)
FNDA:0,(anonymous_7)
FNDA:0,(anonymous_8)
FNDA:0,(anonymous_9)
FNDA:0,(anonymous_10)
FNDA:0,(anonymous_11)
FNDA:0,(anonymous_12)
FNDA:0,(anonymous_13)
FNDA:0,(anonymous_14)
FNDA:0,(anonymous_15)
FNDA:0,(anonymous_16)
FNDA:0,(anonymous_17)
FNDA:0,(anonymous_18)
FNDA:0,(anonymous_19)
FNDA:0,(anonymous_20)
FNDA:0,(anonymous_21)
FNDA:0,(anonymous_22)
FNDA:0,(anonymous_23)
FNDA:0,(anonymous_24)
FNDA:0,(anonymous_25)
FNDA:0,(anonymous_26)
FNDA:0,(anonymous_27)
FNDA:0,(anonymous_28)
FNDA:0,(anonymous_29)
FNDA:0,(anonymous_30)
FNDA:0,(anonymous_31)
FNDA:0,(anonymous_32)
DA:8,12
DA:9,12
DA:11,12
DA:26,12
DA:37,12
DA:66,12
DA:68,12
DA:70,12
DA:71,0
DA:76,0
DA:78,0
DA:81,0
DA:83,0
DA:90,0
DA:93,12
DA:94,0
DA:96,0
DA:97,0
DA:100,0
DA:118,12
DA:119,0
DA:120,0
DA:122,0
DA:129,12
DA:139,12
DA:140,0
DA:148,0
DA:154,0
DA:166,12
DA:167,0
DA:169,0
DA:172,0
DA:181,0
DA:182,0
DA:185,0
DA:188,12
DA:189,0
DA:198,0
DA:199,0
DA:203,12
DA:204,0
DA:205,0
DA:208,0
DA:218,0
DA:220,0
DA:223,0
DA:226,12
DA:227,0
DA:228,0
DA:231,0
DA:232,0
DA:235,0
DA:236,0
DA:239,0
DA:241,0
DA:242,0
DA:245,0
DA:257,0
DA:259,0
DA:262,0
DA:265,12
DA:266,0
DA:273,0
DA:276,12
DA:277,0
DA:278,0
DA:279,0
DA:281,0
DA:286,0
DA:299,0
DA:313,12
DA:314,0
DA:315,0
DA:318,0
DA:326,0
DA:327,0
DA:330,0
DA:333,12
DA:334,0
DA:335,0
DA:336,0
DA:338,0
DA:340,0
DA:343,0
DA:344,0
DA:347,0
DA:351,0
DA:352,0
DA:354,0
DA:355,0
DA:364,0
DA:366,0
DA:367,0
DA:375,0
DA:376,0
DA:384,0
DA:386,0
DA:402,0
DA:416,0
DA:419,0
DA:422,12
DA:423,0
DA:424,0
DA:426,0
DA:436,0
DA:437,0
DA:439,0
DA:440,0
DA:443,0
DA:448,0
DA:451,0
DA:452,0
DA:455,0
DA:456,0
DA:457,0
DA:460,0
DA:461,0
DA:464,0
DA:465,0
DA:472,0
DA:484,0
DA:487,0
DA:490,12
DA:491,0
DA:501,0
DA:510,0
DA:512,0
DA:515,0
DA:517,0
DA:523,0
DA:529,0
DA:542,0
DA:545,12
DA:546,0
DA:548,0
DA:549,0
DA:552,0
DA:559,0
DA:561,0
DA:572,0
DA:573,0
DA:575,0
DA:577,0
DA:580,0
DA:581,0
DA:582,0
DA:590,0
DA:591,0
DA:599,0
DA:612,0
DA:614,0
DA:630,0
DA:633,12
DA:634,0
DA:635,0
DA:644,0
DA:645,0
DA:648,0
DA:650,0
DA:653,0
DA:662,0
DA:663,0
DA:666,0
DA:667,0
DA:673,0
DA:685,0
DA:699,0
LF:167
LH:24
BRDA:66,0,0,0
BRDA:66,0,1,0
BRDA:76,1,0,0
BRDA:76,1,1,0
BRDA:81,2,0,0
BRDA:81,2,1,0
BRDA:96,3,0,0
BRDA:96,3,1,0
BRDA:119,4,0,0
BRDA:119,4,1,0
BRDA:120,5,0,0
BRDA:120,5,1,0
BRDA:166,6,0,0
BRDA:167,7,0,0
BRDA:167,7,1,0
BRDA:181,8,0,0
BRDA:181,8,1,0
BRDA:188,9,0,0
BRDA:194,10,0,0
BRDA:194,10,1,0
BRDA:198,11,0,0
BRDA:198,11,1,0
BRDA:204,12,0,0
BRDA:204,12,1,0
BRDA:218,13,0,0
BRDA:218,13,1,0
BRDA:227,14,0,0
BRDA:227,14,1,0
BRDA:231,15,0,0
BRDA:231,15,1,0
BRDA:235,16,0,0
BRDA:235,16,1,0
BRDA:241,17,0,0
BRDA:241,17,1,0
BRDA:257,18,0,0
BRDA:257,18,1,0
BRDA:314,19,0,0
BRDA:314,19,1,0
BRDA:326,20,0,0
BRDA:326,20,1,0
BRDA:336,21,0,0
BRDA:336,21,1,0
BRDA:338,22,0,0
BRDA:338,22,1,0
BRDA:343,23,0,0
BRDA:343,23,1,0
BRDA:364,24,0,0
BRDA:364,24,1,0
BRDA:436,25,0,0
BRDA:436,25,1,0
BRDA:439,26,0,0
BRDA:439,26,1,0
BRDA:451,27,0,0
BRDA:451,27,1,0
BRDA:452,28,0,0
BRDA:452,28,1,0
BRDA:455,29,0,0
BRDA:455,29,1,0
BRDA:460,30,0,0
BRDA:460,30,1,0
BRDA:510,31,0,0
BRDA:510,31,1,0
BRDA:548,32,0,0
BRDA:548,32,1,0
BRDA:548,33,0,0
BRDA:548,33,1,0
BRDA:575,34,0,0
BRDA:575,34,1,0
BRDA:644,35,0,0
BRDA:644,35,1,0
BRDA:648,36,0,0
BRDA:648,36,1,0
BRDA:662,37,0,0
BRDA:662,37,1,0
BRF:74
BRH:0
end_of_record
TN:
SF:src/controllers/user.controller.js
FN:10,(anonymous_0)
FN:12,(anonymous_1)
FN:31,(anonymous_2)
FNF:3
FNH:0
FNDA:0,(anonymous_0)
FNDA:0,(anonymous_1)
FNDA:0,(anonymous_2)
DA:7,12
DA:8,12
DA:10,12
DA:12,12
DA:13,0
DA:14,0
DA:17,0
DA:25,0
DA:27,0
DA:31,12
DA:32,0
DA:33,0
DA:36,0
DA:38,0
DA:39,0
DA:43,0
DA:51,0
DA:52,0
DA:55,0
DA:56,0
DA:59,0
DA:61,0
DA:71,0
LF:23
LH:5
BRDA:10,0,0,0
BRDA:10,0,1,0
BRDA:13,1,0,0
BRDA:13,1,1,0
BRDA:25,2,0,0
BRDA:25,2,1,0
BRDA:32,3,0,0
BRDA:32,3,1,0
BRDA:36,4,0,0
BRDA:36,4,1,0
BRDA:38,5,0,0
BRDA:38,5,1,0
BRDA:51,6,0,0
BRDA:51,6,1,0
BRDA:55,7,0,0
BRDA:55,7,1,0
BRF:16
BRH:0
end_of_record
TN:
SF:src/middleware/auth.middleware.js
FN:5,(anonymous_0)
FNF:1
FNH:0
FNDA:0,(anonymous_0)
DA:5,12
DA:6,0
DA:7,0
DA:9,0
DA:10,0
DA:13,0
DA:14,0
DA:17,0
DA:18,0
DA:20,0
DA:44,0
DA:45,0
DA:48,0
DA:49,0
DA:51,0
DA:52,0
DA:55,0
LF:17
LH:1
BRDA:9,0,0,0
BRDA:9,0,1,0
BRDA:9,1,0,0
BRDA:9,1,1,0
BRDA:13,2,0,0
BRDA:13,2,1,0
BRDA:44,3,0,0
BRDA:44,3,1,0
BRDA:44,4,0,0
BRDA:44,4,1,0
BRDA:51,5,0,0
BRDA:51,5,1,0
BRF:12
BRH:0
end_of_record
TN:
SF:src/middleware/error.middleware.js
FN:9,(anonymous_0)
FN:17,(anonymous_1)
FNF:2
FNH:0
FNDA:0,(anonymous_0)
FNDA:0,(anonymous_1)
DA:4,12
DA:9,12
DA:10,0
DA:11,0
DA:14,0
DA:17,12
DA:18,0
DA:19,0
DA:20,0
DA:21,0
DA:23,0
DA:24,0
DA:31,0
DA:36,0
DA:37,0
DA:38,0
DA:41,0
DA:42,0
DA:45,0
LF:19
LH:3
BRDA:10,0,0,0
BRDA:10,0,1,0
BRDA:10,1,0,0
BRDA:10,1,1,0
BRDA:18,2,0,0
BRDA:18,2,1,0
BRDA:18,2,2,0
BRDA:20,3,0,0
BRDA:20,3,1,0
BRDA:21,4,0,0
BRDA:21,4,1,0
BRDA:21,5,0,0
BRDA:21,5,1,0
BRDA:23,6,0,0
BRDA:23,6,1,0
BRDA:33,7,0,0
BRDA:33,7,1,0
BRDA:37,8,0,0
BRDA:37,8,1,0
BRDA:41,9,0,0
BRDA:41,9,1,0
BRDA:41,10,0,0
BRDA:41,10,1,0
BRF:23
BRH:0
end_of_record
TN:
SF:src/middleware/rateLimit.middleware.js
FN:14,(anonymous_0)
FNF:1
FNH:1
FNDA:48,(anonymous_0)
DA:3,12
DA:14,12
DA:15,48
DA:23,12
DA:28,12
DA:33,12
DA:38,12
LF:7
LH:7
BRF:0
BRH:0
end_of_record
TN:
SF:src/middleware/requestId.middleware.js
FN:4,(anonymous_0)
FNF:1
FNH:1
FNDA:1,(anonymous_0)
DA:4,13
DA:5,1
DA:6,1
DA:8,1
DA:9,1
DA:11,1
LF:6
LH:6
BRDA:6,0,0,1
BRDA:6,0,1,0
BRF:2
BRH:1
end_of_record
TN:
SF:src/middleware/requestLogger.middleware.js
FN:8,(anonymous_0)
FN:9,(anonymous_1)
FN:12,(anonymous_2)
FN:18,(anonymous_3)
FN:26,(anonymous_4)
FN:34,(anonymous_5)
FN:37,(anonymous_6)
FNF:7
FNH:0
FNDA:0,(anonymous_0)
FNDA:0,(anonymous_1)
FNDA:0,(anonymous_2)
FNDA:0,(anonymous_3)
FNDA:0,(anonymous_4)
FNDA:0,(anonymous_5)
FNDA:0,(anonymous_6)
DA:5,12
DA:8,0
DA:9,0
DA:13,0
DA:14,0
DA:15,0
DA:19,0
DA:27,0
DA:34,12
DA:35,0
DA:37,0
DA:38,0
DA:39,0
DA:41,0
DA:42,0
DA:55,0
LF:16
LH:2
BRDA:13,0,0,0
BRDA:13,0,1,0
BRDA:13,1,0,0
BRDA:13,1,1,0
BRDA:14,2,0,0
BRDA:14,2,1,0
BRDA:41,3,0,0
BRDA:41,3,1,0
BRF:8
BRH:0
end_of_record
TN:
SF:src/middleware/role.middleware.js
FN:3,(anonymous_0)
FN:4,(anonymous_1)
FNF:2
FNH:1
FNDA:456,(anonymous_0)
FNDA:0,(anonymous_1)
DA:3,12
DA:4,456
DA:5,0
DA:6,0
DA:9,0
DA:10,0
DA:13,0
LF:7
LH:2
BRDA:5,0,0,0
BRDA:5,0,1,0
BRDA:9,1,0,0
BRDA:9,1,1,0
BRF:4
BRH:0
end_of_record
TN:
SF:src/middleware/validate.middleware.js
FN:4,(anonymous_0)
FN:6,(anonymous_1)
FN:7,(anonymous_2)
FN:12,(anonymous_3)
FN:28,(anonymous_4)
FN:28,(anonymous_5)
FNF:6
FNH:1
FNDA:0,(anonymous_0)
FNDA:0,(anonymous_1)
FNDA:0,(anonymous_2)
FNDA:0,(anonymous_3)
FNDA:576,(anonymous_4)
FNDA:0,(anonymous_5)
DA:4,12
DA:6,12
DA:7,0
DA:12,12
DA:13,0
DA:14,0
DA:17,0
DA:18,0
DA:20,0
DA:21,0
DA:24,0
DA:28,576
DA:29,0
DA:30,0
DA:31,0
DA:32,0
DA:33,0
DA:35,0
DA:36,0
DA:40,0
DA:41,0
DA:42,0
DA:44,0
DA:46,0
LF:24
LH:4
BRDA:13,0,0,0
BRDA:13,0,1,0
BRDA:20,1,0,0
BRDA:20,1,1,0
BRDA:35,2,0,0
BRDA:35,2,1,0
BRF:6
BRH:0
end_of_record
TN:
SF:src/routes/activity.routes.js
FNF:0
FNH:0
DA:20,12
DA:22,12
DA:24,12
DA:48,12
DA:49,12
DA:50,12
DA:55,12
LF:7
LH:7
BRF:0
BRH:0
end_of_record
TN:
SF:src/routes/ai.routes.js
FNF:0
FNH:0
DA:14,12
DA:16,12
DA:18,12
DA:19,12
DA:20,12
DA:21,12
DA:22,12
LF:7
LH:7
BRF:0
BRH:0
end_of_record
TN:
SF:src/routes/auth.routes.js
FNF:0
FNH:0
DA:7,12
DA:9,12
DA:10,12
DA:11,12
DA:12,12
LF:5
LH:5
BRF:0
BRH:0
end_of_record
TN:
SF:src/routes/dashboard.routes.js
FNF:0
FNH:0
DA:16,12
DA:18,12
DA:20,12
DA:21,12
DA:22,12
DA:24,12
DA:25,12
DA:26,12
DA:28,12
DA:29,12
DA:30,12
LF:11
LH:11
BRF:0
BRH:0
end_of_record
TN:
SF:src/routes/github.routes.js
FNF:0
FNH:0
DA:22,12
DA:24,12
DA:26,12
DA:28,12
DA:29,12
DA:30,12
DA:31,12
DA:32,12
DA:33,12
DA:39,12
DA:40,12
LF:11
LH:11
BRF:0
BRH:0
end_of_record
TN:
SF:src/routes/health.routes.js
FNF:0
FNH:0
DA:4,12
DA:6,12
DA:7,12
LF:3
LH:3
BRF:0
BRH:0
end_of_record
TN:
SF:src/routes/notification.routes.js
FNF:0
FNH:0
DA:13,12
DA:15,12
DA:17,12
DA:21,12
DA:22,12
DA:23,12
DA:24,12
LF:7
LH:7
BRF:0
BRH:0
end_of_record
TN:
SF:src/routes/project.routes.js
FNF:0
FNH:0
DA:23,12
DA:25,12
DA:27,12
DA:28,12
DA:29,12
DA:30,12
DA:31,12
DA:32,12
DA:33,12
LF:9
LH:9
BRF:0
BRH:0
end_of_record
TN:
SF:src/routes/report.routes.js
FNF:0
FNH:0
DA:19,12
DA:21,12
DA:23,12
DA:24,12
DA:25,12
DA:26,12
DA:27,12
LF:7
LH:7
BRF:0
BRH:0
end_of_record
TN:
SF:src/routes/task.routes.js
FNF:0
FNH:0
DA:25,12
DA:27,12
DA:29,12
DA:30,12
DA:31,12
DA:32,12
DA:33,12
DA:34,12
DA:35,12
DA:36,12
LF:10
LH:10
BRF:0
BRH:0
end_of_record
TN:
SF:src/routes/team.routes.js
FNF:0
FNH:0
DA:23,12
DA:25,12
DA:27,12
DA:28,12
DA:29,12
DA:30,12
DA:31,12
DA:32,12
DA:33,12
LF:9
LH:9
BRF:0
BRH:0
end_of_record
TN:
SF:src/routes/user.routes.js
FNF:0
FNH:0
DA:9,12
DA:11,12
DA:13,12
LF:3
LH:3
BRF:0
BRH:0
end_of_record
TN:
SF:src/services/ai.service.js
FN:18,(anonymous_0)
FN:60,(anonymous_1)
FN:156,(anonymous_2)
FN:164,(anonymous_3)
FN:172,(anonymous_4)
FN:180,(anonymous_5)
FN:188,(anonymous_6)
FNF:7
FNH:0
FNDA:0,(anonymous_0)
FNDA:0,(anonymous_1)
FNDA:0,(anonymous_2)
FNDA:0,(anonymous_3)
FNDA:0,(anonymous_4)
FNDA:0,(anonymous_5)
FNDA:0,(anonymous_6)
DA:15,12
DA:16,12
DA:18,12
DA:19,0
DA:20,0
DA:23,0
DA:48,0
DA:49,0
DA:52,0
DA:53,0
DA:56,12
DA:60,12
DA:61,0
DA:62,0
DA:63,0
DA:66,0
DA:77,0
DA:80,0
DA:81,0
DA:83,0
DA:84,0
DA:85,0
DA:86,0
DA:87,0
DA:97,0
DA:100,0
DA:101,0
DA:102,0
DA:103,0
DA:105,0
DA:116,0
DA:117,0
DA:130,0
DA:132,0
DA:133,0
DA:134,0
DA:136,0
DA:152,0
DA:156,12
DA:157,0
DA:164,12
DA:165,0
DA:172,12
DA:173,0
DA:180,12
DA:181,0
DA:188,12
DA:189,0
LF:48
LH:10
BRDA:19,0,0,0
BRDA:19,0,1,0
BRDA:30,1,0,0
BRDA:30,1,1,0
BRDA:48,2,0,0
BRDA:48,2,1,0
BRDA:53,3,0,0
BRDA:53,3,1,0
BRDA:62,4,0,0
BRDA:62,4,1,0
BRDA:63,5,0,0
BRDA:63,5,1,0
BRDA:77,6,0,0
BRDA:77,6,1,0
BRDA:83,7,0,0
BRDA:83,7,1,0
BRDA:116,8,0,0
BRDA:116,8,1,0
BRF:18
BRH:0
end_of_record
TN:
SF:src/services/cache.service.js
FN:17,(anonymous_0)
FN:28,(anonymous_1)
FN:32,(anonymous_2)
FN:34,(anonymous_3)
FN:35,(anonymous_4)
FN:38,(anonymous_5)
FN:54,(anonymous_6)
FN:55,(anonymous_7)
FN:64,(anonymous_8)
FN:66,(anonymous_9)
FNF:10
FNH:5
FNDA:0,(anonymous_0)
FNDA:0,(anonymous_1)
FNDA:1,(anonymous_2)
FNDA:2,(anonymous_3)
FNDA:2,(anonymous_4)
FNDA:2,(anonymous_5)
FNDA:0,(anonymous_6)
FNDA:0,(anonymous_7)
FNDA:1,(anonymous_8)
FNDA:0,(anonymous_9)
DA:4,13
DA:11,13
DA:17,13
DA:18,0
DA:19,0
DA:22,0
DA:23,0
DA:26,0
DA:28,0
DA:32,13
DA:33,1
DA:34,2
DA:35,2
DA:38,13
DA:39,2
DA:41,2
DA:42,1
DA:43,1
DA:46,1
DA:47,1
DA:48,1
DA:49,1
DA:51,1
DA:54,13
DA:55,0
DA:57,0
DA:58,0
DA:61,0
DA:64,13
DA:66,13
LF:30
LH:20
BRDA:18,0,0,0
BRDA:18,0,1,0
BRDA:18,1,0,0
BRDA:18,1,1,0
BRDA:22,2,0,0
BRDA:22,2,1,0
BRDA:34,3,0,2
BRDA:34,3,1,2
BRDA:34,3,2,2
BRDA:35,4,0,0
BRDA:35,4,1,2
BRDA:41,5,0,1
BRDA:41,5,1,1
BRDA:57,6,0,0
BRDA:57,6,1,0
BRF:15
BRH:6
end_of_record
TN:
SF:src/services/contextBuilder.service.js
FN:88,(anonymous_0)
FN:95,(anonymous_1)
FN:101,(anonymous_2)
FN:112,(anonymous_3)
FN:117,(anonymous_4)
FN:118,(anonymous_5)
FN:123,(anonymous_6)
FN:125,(anonymous_7)
FN:126,(anonymous_8)
FN:127,(anonymous_9)
FN:133,(anonymous_10)
FN:143,(anonymous_11)
FN:182,(anonymous_12)
FN:193,(anonymous_13)
FN:219,(anonymous_14)
FN:237,(anonymous_15)
FN:242,(anonymous_16)
FN:270,(anonymous_17)
FN:291,(anonymous_18)
FN:293,(anonymous_19)
FN:296,(anonymous_20)
FN:297,(anonymous_21)
FN:303,(anonymous_22)
FN:304,(anonymous_23)
FN:312,(anonymous_24)
FN:313,(anonymous_25)
FN:346,(anonymous_26)
FN:348,(anonymous_27)
FN:354,(anonymous_28)
FN:355,(anonymous_29)
FN:384,(anonymous_30)
FN:392,(anonymous_31)
FN:393,(anonymous_32)
FN:400,(anonymous_33)
FN:401,(anonymous_34)
FN:416,(anonymous_35)
FN:417,(anonymous_36)
FN:441,(anonymous_37)
FN:442,(anonymous_38)
FN:511,(anonymous_39)
FN:527,(anonymous_40)
FNF:41
FNH:0
FNDA:0,(anonymous_0)
FNDA:0,(anonymous_1)
FNDA:0,(anonymous_2)
FNDA:0,(anonymous_3)
FNDA:0,(anonymous_4)
FNDA:0,(anonymous_5)
FNDA:0,(anonymous_6)
FNDA:0,(anonymous_7)
FNDA:0,(anonymous_8)
FNDA:0,(anonymous_9)
FNDA:0,(anonymous_10)
FNDA:0,(anonymous_11)
FNDA:0,(anonymous_12)
FNDA:0,(anonymous_13)
FNDA:0,(anonymous_14)
FNDA:0,(anonymous_15)
FNDA:0,(anonymous_16)
FNDA:0,(anonymous_17)
FNDA:0,(anonymous_18)
FNDA:0,(anonymous_19)
FNDA:0,(anonymous_20)
FNDA:0,(anonymous_21)
FNDA:0,(anonymous_22)
FNDA:0,(anonymous_23)
FNDA:0,(anonymous_24)
FNDA:0,(anonymous_25)
FNDA:0,(anonymous_26)
FNDA:0,(anonymous_27)
FNDA:0,(anonymous_28)
FNDA:0,(anonymous_29)
FNDA:0,(anonymous_30)
FNDA:0,(anonymous_31)
FNDA:0,(anonymous_32)
FNDA:0,(anonymous_33)
FNDA:0,(anonymous_34)
FNDA:0,(anonymous_35)
FNDA:0,(anonymous_36)
FNDA:0,(anonymous_37)
FNDA:0,(anonymous_38)
FNDA:0,(anonymous_39)
FNDA:0,(anonymous_40)
DA:20,12
DA:21,12
DA:22,12
DA:23,12
DA:25,12
DA:33,12
DA:51,12
DA:88,12
DA:89,0
DA:95,12
DA:96,0
DA:97,0
DA:101,12
DA:112,12
DA:117,12
DA:118,0
DA:119,0
DA:120,0
DA:123,12
DA:124,0
DA:125,0
DA:126,0
DA:127,0
DA:128,0
DA:130,0
DA:133,0
DA:143,12
DA:144,0
DA:145,0
DA:152,0
DA:161,0
DA:170,0
DA:182,12
DA:193,12
DA:194,0
DA:219,12
DA:220,0
DA:222,0
DA:230,0
DA:231,0
DA:234,0
DA:237,12
DA:238,0
DA:239,0
DA:240,0
DA:242,0
DA:245,0
DA:270,0
DA:277,0
DA:288,0
DA:291,12
DA:293,0
DA:296,12
DA:297,0
DA:299,0
DA:303,0
DA:304,0
DA:312,12
DA:313,0
DA:314,0
DA:316,0
DA:342,0
DA:343,0
DA:346,0
DA:347,0
DA:348,0
DA:354,0
DA:355,0
DA:356,0
DA:358,0
DA:369,0
DA:371,0
DA:384,0
DA:392,12
DA:393,0
DA:394,0
DA:396,0
DA:397,0
DA:400,0
DA:401,0
DA:402,0
DA:416,0
DA:417,0
DA:418,0
DA:420,0
DA:431,0
DA:441,12
DA:442,0
DA:443,0
DA:444,0
DA:447,0
DA:511,0
DA:520,0
DA:527,0
LF:94
LH:23
BRDA:96,0,0,0
BRDA:96,0,1,0
BRDA:103,1,0,0
BRDA:103,1,1,0
BRDA:114,2,0,0
BRDA:114,2,1,0
BRDA:119,3,0,0
BRDA:119,3,1,0
BRDA:123,4,0,0
BRDA:143,5,0,0
BRDA:189,6,0,0
BRDA:189,6,1,0
BRDA:230,7,0,0
BRDA:230,7,1,0
BRDA:252,8,0,0
BRDA:252,8,1,0
BRDA:270,9,0,0
BRDA:270,9,1,0
BRDA:283,10,0,0
BRDA:283,10,1,0
BRDA:303,11,0,0
BRDA:303,11,1,0
BRDA:342,12,0,0
BRDA:342,12,1,0
BRDA:396,13,0,0
BRDA:396,13,1,0
BRDA:443,14,0,0
BRDA:443,14,1,0
BRDA:515,15,0,0
BRDA:515,15,1,0
BRF:30
BRH:0
end_of_record
TN:
SF:src/services/dashboard.service.js
FN:11,(anonymous_0)
FN:54,(anonymous_1)
FN:61,(anonymous_2)
FN:65,(anonymous_3)
FN:67,(anonymous_4)
FN:68,(anonymous_5)
FN:80,(anonymous_6)
FN:96,(anonymous_7)
FN:103,(anonymous_8)
FN:115,(anonymous_9)
FN:118,(anonymous_10)
FN:131,(anonymous_11)
FN:134,(anonymous_12)
FN:139,(anonymous_13)
FN:142,(anonymous_14)
FN:143,(anonymous_15)
FN:149,(anonymous_16)
FN:157,(anonymous_17)
FN:194,(anonymous_18)
FN:209,(anonymous_19)
FN:209,(anonymous_20)
FN:211,(anonymous_21)
FN:257,(anonymous_22)
FN:258,(anonymous_23)
FN:276,(anonymous_24)
FN:281,(anonymous_25)
FN:282,(anonymous_26)
FN:284,(anonymous_27)
FN:308,(anonymous_28)
FN:309,(anonymous_29)
FN:310,(anonymous_30)
FN:312,(anonymous_31)
FN:317,(anonymous_32)
FN:331,(anonymous_33)
FN:332,(anonymous_34)
FN:334,(anonymous_35)
FN:389,(anonymous_36)
FN:393,(anonymous_37)
FN:394,(anonymous_38)
FN:396,(anonymous_39)
FN:416,(anonymous_40)
FN:417,(anonymous_41)
FN:418,(anonymous_42)
FN:428,(anonymous_43)
FN:429,(anonymous_44)
FN:430,(anonymous_45)
FN:431,(anonymous_46)
FN:437,(anonymous_47)
FN:438,(anonymous_48)
FN:440,(anonymous_49)
FN:494,(anonymous_50)
FN:498,(anonymous_51)
FN:499,(anonymous_52)
FN:501,(anonymous_53)
FN:539,(anonymous_54)
FN:539,(anonymous_55)
FN:541,(anonymous_56)
FN:594,(anonymous_57)
FN:595,(anonymous_58)
FN:597,(anonymous_59)
FN:607,(anonymous_60)
FN:609,(anonymous_61)
FN:627,(anonymous_62)
FN:628,(anonymous_63)
FNF:64
FNH:0
FNDA:0,(anonymous_0)
FNDA:0,(anonymous_1)
FNDA:0,(anonymous_2)
FNDA:0,(anonymous_3)
FNDA:0,(anonymous_4)
FNDA:0,(anonymous_5)
FNDA:0,(anonymous_6)
FNDA:0,(anonymous_7)
FNDA:0,(anonymous_8)
FNDA:0,(anonymous_9)
FNDA:0,(anonymous_10)
FNDA:0,(anonymous_11)
FNDA:0,(anonymous_12)
FNDA:0,(anonymous_13)
FNDA:0,(anonymous_14)
FNDA:0,(anonymous_15)
FNDA:0,(anonymous_16)
FNDA:0,(anonymous_17)
FNDA:0,(anonymous_18)
FNDA:0,(anonymous_19)
FNDA:0,(anonymous_20)
FNDA:0,(anonymous_21)
FNDA:0,(anonymous_22)
FNDA:0,(anonymous_23)
FNDA:0,(anonymous_24)
FNDA:0,(anonymous_25)
FNDA:0,(anonymous_26)
FNDA:0,(anonymous_27)
FNDA:0,(anonymous_28)
FNDA:0,(anonymous_29)
FNDA:0,(anonymous_30)
FNDA:0,(anonymous_31)
FNDA:0,(anonymous_32)
FNDA:0,(anonymous_33)
FNDA:0,(anonymous_34)
FNDA:0,(anonymous_35)
FNDA:0,(anonymous_36)
FNDA:0,(anonymous_37)
FNDA:0,(anonymous_38)
FNDA:0,(anonymous_39)
FNDA:0,(anonymous_40)
FNDA:0,(anonymous_41)
FNDA:0,(anonymous_42)
FNDA:0,(anonymous_43)
FNDA:0,(anonymous_44)
FNDA:0,(anonymous_45)
FNDA:0,(anonymous_46)
FNDA:0,(anonymous_47)
FNDA:0,(anonymous_48)
FNDA:0,(anonymous_49)
FNDA:0,(anonymous_50)
FNDA:0,(anonymous_51)
FNDA:0,(anonymous_52)
FNDA:0,(anonymous_53)
FNDA:0,(anonymous_54)
FNDA:0,(anonymous_55)
FNDA:0,(anonymous_56)
FNDA:0,(anonymous_57)
FNDA:0,(anonymous_58)
FNDA:0,(anonymous_59)
FNDA:0,(anonymous_60)
FNDA:0,(anonymous_61)
FNDA:0,(anonymous_62)
FNDA:0,(anonymous_63)
DA:9,12
DA:10,12
DA:11,12
DA:13,12
DA:23,12
DA:37,12
DA:54,12
DA:55,0
DA:61,12
DA:62,0
DA:65,12
DA:66,0
DA:67,0
DA:68,0
DA:69,0
DA:71,0
DA:80,12
DA:81,0
DA:82,0
DA:84,0
DA:96,12
DA:103,12
DA:104,0
DA:115,0
DA:118,12
DA:119,0
DA:131,0
DA:134,12
DA:135,0
DA:136,0
DA:139,0
DA:142,12
DA:143,0
DA:145,0
DA:146,0
DA:149,0
DA:150,0
DA:154,0
DA:157,12
DA:158,0
DA:159,0
DA:170,0
DA:194,0
DA:196,0
DA:209,12
DA:211,12
DA:212,0
DA:213,0
DA:256,0
DA:257,0
DA:258,0
DA:260,0
DA:268,0
DA:276,0
DA:281,12
DA:282,0
DA:284,12
DA:285,0
DA:308,0
DA:309,0
DA:310,0
DA:311,0
DA:312,0
DA:314,0
DA:317,0
DA:331,12
DA:332,0
DA:334,12
DA:335,0
DA:336,0
DA:344,0
DA:383,0
DA:389,0
DA:393,12
DA:394,0
DA:396,12
DA:397,0
DA:398,0
DA:408,0
DA:409,0
DA:416,0
DA:417,0
DA:418,0
DA:420,0
DA:428,0
DA:429,0
DA:430,0
DA:431,0
DA:437,12
DA:438,0
DA:440,12
DA:441,0
DA:442,0
DA:443,0
DA:491,0
DA:494,0
DA:498,12
DA:499,0
DA:501,12
DA:502,0
DA:508,0
DA:530,0
DA:539,12
DA:541,12
DA:542,0
DA:587,0
DA:594,12
DA:595,0
DA:597,12
DA:598,0
DA:607,0
DA:608,0
DA:609,0
DA:611,0
DA:627,12
DA:628,0
LF:116
LH:33
BRDA:54,0,0,0
BRDA:62,1,0,0
BRDA:62,1,1,0
BRDA:62,1,2,0
BRDA:135,2,0,0
BRDA:135,2,1,0
BRDA:145,3,0,0
BRDA:145,3,1,0
BRDA:425,4,0,0
BRDA:425,4,1,0
BRDA:614,5,0,0
BRDA:614,5,1,0
BRF:12
BRH:0
end_of_record
TN:
SF:src/services/github.service.js
FN:25,(anonymous_0)
FN:31,(anonymous_1)
FN:37,(anonymous_2)
FN:59,(anonymous_3)
FN:76,(anonymous_4)
FN:107,(anonymous_5)
FN:121,(anonymous_6)
FN:135,(anonymous_7)
FN:155,(anonymous_8)
FN:238,(anonymous_9)
FN:251,(anonymous_10)
FN:259,(anonymous_11)
FN:296,(anonymous_12)
FN:358,(anonymous_13)
FN:363,(anonymous_14)
FN:368,(anonymous_15)
FN:373,(anonymous_16)
FN:378,(anonymous_17)
FNF:18
FNH:0
FNDA:0,(anonymous_0)
FNDA:0,(anonymous_1)
FNDA:0,(anonymous_2)
FNDA:0,(anonymous_3)
FNDA:0,(anonymous_4)
FNDA:0,(anonymous_5)
FNDA:0,(anonymous_6)
FNDA:0,(anonymous_7)
FNDA:0,(anonymous_8)
FNDA:0,(anonymous_9)
FNDA:0,(anonymous_10)
FNDA:0,(anonymous_11)
FNDA:0,(anonymous_12)
FNDA:0,(anonymous_13)
FNDA:0,(anonymous_14)
FNDA:0,(anonymous_15)
FNDA:0,(anonymous_16)
FNDA:0,(anonymous_17)
DA:23,12
DA:25,12
DA:26,0
DA:27,0
DA:31,12
DA:32,0
DA:33,0
DA:37,12
DA:59,12
DA:60,0
DA:69,0
DA:70,0
DA:73,0
DA:76,12
DA:77,0
DA:79,0
DA:96,0
DA:97,0
DA:100,0
DA:101,0
DA:104,0
DA:107,12
DA:108,0
DA:109,0
DA:111,0
DA:112,0
DA:115,0
DA:121,12
DA:122,0
DA:127,0
DA:135,12
DA:136,0
DA:138,0
DA:150,0
DA:155,12
DA:156,0
DA:158,0
DA:159,0
DA:162,0
DA:166,0
DA:167,0
DA:169,0
DA:170,0
DA:173,0
DA:174,0
DA:175,0
DA:179,0
DA:180,0
DA:184,0
DA:196,0
DA:197,0
DA:200,0
DA:217,0
DA:227,0
DA:238,12
DA:239,0
DA:240,0
DA:251,0
DA:259,12
DA:260,0
DA:261,0
DA:263,0
DA:264,0
DA:275,0
DA:276,0
DA:280,0
DA:282,0
DA:283,0
DA:293,0
DA:296,0
DA:298,0
DA:320,0
DA:334,0
DA:337,0
DA:344,0
DA:355,0
DA:358,12
DA:359,0
DA:360,0
DA:363,12
DA:364,0
DA:365,0
DA:368,12
DA:369,0
DA:370,0
DA:373,12
DA:374,0
DA:375,0
DA:378,12
DA:379,0
DA:380,0
LF:91
LH:17
BRDA:26,0,0,0
BRDA:26,0,1,0
BRDA:32,1,0,0
BRDA:32,1,1,0
BRDA:39,2,0,0
BRDA:39,2,1,0
BRDA:46,3,0,0
BRDA:46,3,1,0
BRDA:69,4,0,0
BRDA:69,4,1,0
BRDA:76,5,0,0
BRDA:76,6,0,0
BRDA:96,7,0,0
BRDA:96,7,1,0
BRDA:100,8,0,0
BRDA:100,8,1,0
BRDA:100,9,0,0
BRDA:100,9,1,0
BRDA:100,9,2,0
BRDA:111,10,0,0
BRDA:111,10,1,0
BRDA:111,11,0,0
BRDA:111,11,1,0
BRDA:158,12,0,0
BRDA:158,12,1,0
BRDA:158,13,0,0
BRDA:158,13,1,0
BRDA:173,14,0,0
BRDA:173,14,1,0
BRDA:196,15,0,0
BRDA:196,15,1,0
BRDA:282,16,0,0
BRDA:282,16,1,0
BRF:33
BRH:0
end_of_record
TN:
SF:src/services/githubAnalytics.service.js
FN:6,(anonymous_0)
FN:10,(anonymous_1)
FN:16,(anonymous_2)
FN:32,(anonymous_3)
FN:33,(anonymous_4)
FN:59,(anonymous_5)
FN:66,(anonymous_6)
FN:67,(anonymous_7)
FN:73,(anonymous_8)
FN:77,(anonymous_9)
FN:88,(anonymous_10)
FN:92,(anonymous_11)
FN:98,(anonymous_12)
FN:99,(anonymous_13)
FN:109,(anonymous_14)
FN:110,(anonymous_15)
FN:112,(anonymous_16)
FN:125,(anonymous_17)
FN:126,(anonymous_18)
FN:145,(anonymous_19)
FN:146,(anonymous_20)
FN:157,(anonymous_21)
FN:158,(anonymous_22)
FN:184,(anonymous_23)
FN:188,(anonymous_24)
FN:193,(anonymous_25)
FN:194,(anonymous_26)
FN:201,(anonymous_27)
FNF:28
FNH:0
FNDA:0,(anonymous_0)
FNDA:0,(anonymous_1)
FNDA:0,(anonymous_2)
FNDA:0,(anonymous_3)
FNDA:0,(anonymous_4)
FNDA:0,(anonymous_5)
FNDA:0,(anonymous_6)
FNDA:0,(anonymous_7)
FNDA:0,(anonymous_8)
FNDA:0,(anonymous_9)
FNDA:0,(anonymous_10)
FNDA:0,(anonymous_11)
FNDA:0,(anonymous_12)
FNDA:0,(anonymous_13)
FNDA:0,(anonymous_14)
FNDA:0,(anonymous_15)
FNDA:0,(anonymous_16)
FNDA:0,(anonymous_17)
FNDA:0,(anonymous_18)
FNDA:0,(anonymous_19)
FNDA:0,(anonymous_20)
FNDA:0,(anonymous_21)
FNDA:0,(anonymous_22)
FNDA:0,(anonymous_23)
FNDA:0,(anonymous_24)
FNDA:0,(anonymous_25)
FNDA:0,(anonymous_26)
FNDA:0,(anonymous_27)
DA:4,12
DA:6,12
DA:8,0
DA:10,12
DA:11,0
DA:12,0
DA:13,0
DA:16,12
DA:17,0
DA:18,0
DA:21,0
DA:28,0
DA:29,0
DA:32,12
DA:33,0
DA:34,0
DA:53,0
DA:55,0
DA:59,0
DA:66,12
DA:67,0
DA:68,0
DA:73,0
DA:74,0
DA:75,0
DA:77,0
DA:78,0
DA:79,0
DA:80,0
DA:83,0
DA:88,0
DA:92,0
DA:98,12
DA:99,0
DA:100,0
DA:109,0
DA:110,0
DA:111,0
DA:112,0
DA:115,0
DA:125,12
DA:126,0
DA:127,0
DA:145,0
DA:146,0
DA:147,0
DA:149,0
DA:157,12
DA:158,0
DA:159,0
DA:182,0
DA:184,0
DA:185,0
DA:188,0
DA:189,0
DA:192,0
DA:193,0
DA:195,0
DA:198,0
DA:202,0
LF:60
LH:9
BRDA:16,0,0,0
BRDA:17,1,0,0
BRDA:17,1,1,0
BRDA:21,2,0,0
BRDA:21,2,1,0
BRDA:75,3,0,0
BRDA:75,3,1,0
BRDA:78,4,0,0
BRDA:78,4,1,0
BRDA:78,4,2,0
BRDA:79,5,0,0
BRDA:79,5,1,0
BRDA:112,6,0,0
BRDA:112,6,1,0
BRDA:152,7,0,0
BRDA:152,7,1,0
BRDA:185,8,0,0
BRDA:185,8,1,0
BRDA:195,9,0,0
BRDA:195,9,1,0
BRF:20
BRH:0
end_of_record
TN:
SF:src/services/health.service.js
FN:8,(anonymous_0)
FN:24,(anonymous_1)
FN:29,(anonymous_2)
FN:36,(anonymous_3)
FN:41,(anonymous_4)
FN:50,(anonymous_5)
FNF:6
FNH:6
FNDA:2,(anonymous_0)
FNDA:2,(anonymous_1)
FNDA:2,(anonymous_2)
FNDA:1,(anonymous_3)
FNDA:2,(anonymous_4)
FNDA:4,(anonymous_5)
DA:5,13
DA:6,13
DA:8,13
DA:9,2
DA:11,2
DA:12,2
DA:13,1
DA:14,1
DA:15,1
DA:17,1
DA:18,1
DA:19,1
DA:20,1
DA:24,13
DA:25,2
DA:26,2
DA:29,13
DA:30,2
DA:33,2
DA:36,13
DA:41,13
DA:42,2
DA:43,2
DA:44,2
DA:45,2
DA:50,4
DA:52,2
LF:27
LH:27
BRDA:25,0,0,2
BRDA:25,0,1,2
BRDA:26,1,0,2
BRDA:26,1,1,0
BRDA:31,2,0,2
BRDA:31,2,1,2
BRDA:31,2,2,2
BRDA:33,3,0,2
BRDA:33,3,1,0
BRDA:53,4,0,1
BRDA:53,4,1,1
BRDA:56,5,0,1
BRDA:56,5,1,1
BRF:13
BRH:11
end_of_record
TN:
SF:src/services/report.service.js
FN:72,(anonymous_0)
FN:79,(anonymous_1)
FN:93,(anonymous_2)
FN:99,(anonymous_3)
FN:113,(anonymous_4)
FN:121,(anonymous_5)
FN:137,(anonymous_6)
FN:150,(anonymous_7)
FN:156,(anonymous_8)
FN:163,(anonymous_9)
FN:188,(anonymous_10)
FN:193,(anonymous_11)
FN:199,(anonymous_12)
FN:201,(anonymous_13)
FN:211,(anonymous_14)
FN:213,(anonymous_15)
FN:214,(anonymous_16)
FN:215,(anonymous_17)
FN:222,(anonymous_18)
FN:230,(anonymous_19)
FN:278,(anonymous_20)
FN:296,(anonymous_21)
FN:305,(anonymous_22)
FN:306,(anonymous_23)
FN:308,(anonymous_24)
FN:331,(anonymous_25)
FN:333,(anonymous_26)
FN:334,(anonymous_27)
FN:343,(anonymous_28)
FN:367,(anonymous_29)
FN:368,(anonymous_30)
FN:370,(anonymous_31)
FN:409,(anonymous_32)
FN:475,(anonymous_33)
FN:476,(anonymous_34)
FN:478,(anonymous_35)
FN:489,(anonymous_36)
FN:490,(anonymous_37)
FN:491,(anonymous_38)
FN:492,(anonymous_39)
FN:494,(anonymous_40)
FN:509,(anonymous_41)
FN:514,(anonymous_42)
FN:515,(anonymous_43)
FN:517,(anonymous_44)
FN:543,(anonymous_45)
FN:544,(anonymous_46)
FN:547,(anonymous_47)
FN:553,(anonymous_48)
FN:568,(anonymous_49)
FN:583,(anonymous_50)
FN:584,(anonymous_51)
FN:585,(anonymous_52)
FN:591,(anonymous_53)
FN:598,(anonymous_54)
FN:608,(anonymous_55)
FN:609,(anonymous_56)
FNF:57
FNH:0
FNDA:0,(anonymous_0)
FNDA:0,(anonymous_1)
FNDA:0,(anonymous_2)
FNDA:0,(anonymous_3)
FNDA:0,(anonymous_4)
FNDA:0,(anonymous_5)
FNDA:0,(anonymous_6)
FNDA:0,(anonymous_7)
FNDA:0,(anonymous_8)
FNDA:0,(anonymous_9)
FNDA:0,(anonymous_10)
FNDA:0,(anonymous_11)
FNDA:0,(anonymous_12)
FNDA:0,(anonymous_13)
FNDA:0,(anonymous_14)
FNDA:0,(anonymous_15)
FNDA:0,(anonymous_16)
FNDA:0,(anonymous_17)
FNDA:0,(anonymous_18)
FNDA:0,(anonymous_19)
FNDA:0,(anonymous_20)
FNDA:0,(anonymous_21)
FNDA:0,(anonymous_22)
FNDA:0,(anonymous_23)
FNDA:0,(anonymous_24)
FNDA:0,(anonymous_25)
FNDA:0,(anonymous_26)
FNDA:0,(anonymous_27)
FNDA:0,(anonymous_28)
FNDA:0,(anonymous_29)
FNDA:0,(anonymous_30)
FNDA:0,(anonymous_31)
FNDA:0,(anonymous_32)
FNDA:0,(anonymous_33)
FNDA:0,(anonymous_34)
FNDA:0,(anonymous_35)
FNDA:0,(anonymous_36)
FNDA:0,(anonymous_37)
FNDA:0,(anonymous_38)
FNDA:0,(anonymous_39)
FNDA:0,(anonymous_40)
FNDA:0,(anonymous_41)
FNDA:0,(anonymous_42)
FNDA:0,(anonymous_43)
FNDA:0,(anonymous_44)
FNDA:0,(anonymous_45)
FNDA:0,(anonymous_46)
FNDA:0,(anonymous_47)
FNDA:0,(anonymous_48)
FNDA:0,(anonymous_49)
FNDA:0,(anonymous_50)
FNDA:0,(anonymous_51)
FNDA:0,(anonymous_52)
FNDA:0,(anonymous_53)
FNDA:0,(anonymous_54)
FNDA:0,(anonymous_55)
FNDA:0,(anonymous_56)
DA:25,12
DA:27,12
DA:37,12
DA:52,12
DA:72,12
DA:73,0
DA:79,12
DA:80,0
DA:81,0
DA:84,0
DA:86,0
DA:87,0
DA:90,0
DA:93,12
DA:94,0
DA:95,0
DA:99,12
DA:100,0
DA:101,0
DA:104,0
DA:106,0
DA:107,0
DA:110,0
DA:113,12
DA:114,0
DA:115,0
DA:117,0
DA:118,0
DA:121,0
DA:122,0
DA:123,0
DA:127,0
DA:137,12
DA:138,0
DA:139,0
DA:142,0
DA:150,12
DA:156,12
DA:163,12
DA:164,0
DA:169,0
DA:170,0
DA:175,0
DA:176,0
DA:185,0
DA:188,12
DA:193,12
DA:194,0
DA:195,0
DA:199,12
DA:201,0
DA:202,0
DA:203,0
DA:204,0
DA:205,0
DA:207,0
DA:211,12
DA:212,0
DA:213,0
DA:214,0
DA:215,0
DA:216,0
DA:218,0
DA:222,0
DA:230,12
DA:231,0
DA:232,0
DA:233,0
DA:240,0
DA:249,0
DA:264,0
DA:278,12
DA:279,0
DA:281,0
DA:289,0
DA:290,0
DA:293,0
DA:296,12
DA:297,0
DA:298,0
DA:299,0
DA:302,0
DA:305,12
DA:306,0
DA:308,12
DA:309,0
DA:310,0
DA:311,0
DA:313,0
DA:327,0
DA:328,0
DA:331,0
DA:332,0
DA:333,0
DA:334,0
DA:335,0
DA:342,0
DA:343,0
DA:345,0
DA:367,12
DA:368,0
DA:370,12
DA:371,0
DA:373,0
DA:374,0
DA:377,0
DA:378,0
DA:384,0
DA:385,0
DA:398,0
DA:399,0
DA:403,0
DA:409,12
DA:410,0
DA:411,0
DA:412,0
DA:414,0
DA:423,0
DA:424,0
DA:427,0
DA:446,0
DA:447,0
DA:455,0
DA:475,12
DA:476,0
DA:478,12
DA:479,0
DA:480,0
DA:482,0
DA:489,0
DA:490,0
DA:491,0
DA:492,0
DA:493,0
DA:494,0
DA:496,0
DA:509,0
DA:514,12
DA:515,0
DA:517,12
DA:518,0
DA:519,0
DA:521,0
DA:543,0
DA:544,0
DA:545,0
DA:546,0
DA:547,0
DA:548,0
DA:553,0
DA:554,0
DA:555,0
DA:558,0
DA:562,0
DA:563,0
DA:565,0
DA:567,0
DA:569,0
DA:570,0
DA:578,0
DA:583,0
DA:584,0
DA:585,0
DA:587,0
DA:591,0
DA:598,0
DA:608,12
DA:609,0
DA:611,12
LF:169
LH:31
BRDA:72,0,0,0
BRDA:74,1,0,0
BRDA:74,1,1,0
BRDA:80,2,0,0
BRDA:80,2,1,0
BRDA:86,3,0,0
BRDA:86,3,1,0
BRDA:94,4,0,0
BRDA:94,4,1,0
BRDA:100,5,0,0
BRDA:100,5,1,0
BRDA:106,6,0,0
BRDA:106,6,1,0
BRDA:113,7,0,0
BRDA:117,8,0,0
BRDA:117,8,1,0
BRDA:117,9,0,0
BRDA:117,9,1,0
BRDA:117,9,2,0
BRDA:122,10,0,0
BRDA:122,10,1,0
BRDA:130,11,0,0
BRDA:130,11,1,0
BRDA:131,12,0,0
BRDA:131,12,1,0
BRDA:132,13,0,0
BRDA:132,13,1,0
BRDA:138,14,0,0
BRDA:138,14,1,0
BRDA:138,15,0,0
BRDA:138,15,1,0
BRDA:144,16,0,0
BRDA:144,16,1,0
BRDA:145,17,0,0
BRDA:145,17,1,0
BRDA:152,18,0,0
BRDA:152,18,1,0
BRDA:152,19,0,0
BRDA:152,19,1,0
BRDA:153,20,0,0
BRDA:153,20,1,0
BRDA:158,21,0,0
BRDA:158,21,1,0
BRDA:159,22,0,0
BRDA:159,22,1,0
BRDA:160,23,0,0
BRDA:160,23,1,0
BRDA:160,24,0,0
BRDA:160,24,1,0
BRDA:169,25,0,0
BRDA:169,25,1,0
BRDA:175,26,0,0
BRDA:175,26,1,0
BRDA:190,27,0,0
BRDA:190,27,1,0
BRDA:194,28,0,0
BRDA:194,28,1,0
BRDA:202,29,0,0
BRDA:202,29,1,0
BRDA:202,30,0,0
BRDA:202,30,1,0
BRDA:203,31,0,0
BRDA:203,31,1,0
BRDA:203,32,0,0
BRDA:203,32,1,0
BRDA:204,33,0,0
BRDA:204,33,1,0
BRDA:204,34,0,0
BRDA:204,34,1,0
BRDA:205,35,0,0
BRDA:205,35,1,0
BRDA:205,36,0,0
BRDA:205,36,1,0
BRDA:205,36,2,0
BRDA:211,37,0,0
BRDA:230,38,0,0
BRDA:289,39,0,0
BRDA:289,39,1,0
BRDA:327,40,0,0
BRDA:327,40,1,0
BRDA:373,41,0,0
BRDA:373,41,1,0
BRDA:373,42,0,0
BRDA:373,42,1,0
BRDA:377,43,0,0
BRDA:377,43,1,0
BRDA:384,44,0,0
BRDA:384,44,1,0
BRDA:398,45,0,0
BRDA:398,45,1,0
BRDA:423,46,0,0
BRDA:423,46,1,0
BRDA:433,47,0,0
BRDA:433,47,1,0
BRDA:434,48,0,0
BRDA:434,48,1,0
BRDA:435,49,0,0
BRDA:435,49,1,0
BRDA:470,50,0,0
BRDA:470,50,1,0
BRDA:525,51,0,0
BRDA:525,51,1,0
BRDA:532,52,0,0
BRDA:532,52,1,0
BRDA:554,53,0,0
BRDA:554,53,1,0
BRDA:558,54,0,0
BRDA:558,54,1,0
BRDA:583,55,0,0
BRDA:583,55,1,0
BRF:110
BRH:0
end_of_record
TN:
SF:src/utils/activityLogger.js
FN:3,(anonymous_0)
FNF:1
FNH:0
FNDA:0,(anonymous_0)
DA:3,12
DA:13,0
LF:2
LH:1
BRDA:9,0,0,0
BRDA:10,1,0,0
BRF:2
BRH:0
end_of_record
TN:
SF:src/utils/aiPrompts.js
FN:1,(anonymous_0)
FN:10,(anonymous_1)
FN:27,(anonymous_2)
FN:42,(anonymous_3)
FN:58,(anonymous_4)
FN:77,(anonymous_5)
FN:94,(anonymous_6)
FNF:7
FNH:0
FNDA:0,(anonymous_0)
FNDA:0,(anonymous_1)
FNDA:0,(anonymous_2)
FNDA:0,(anonymous_3)
FNDA:0,(anonymous_4)
FNDA:0,(anonymous_5)
FNDA:0,(anonymous_6)
DA:1,12
DA:3,12
DA:9,12
DA:10,0
DA:27,0
DA:42,0
DA:58,0
DA:77,0
DA:94,12
DA:95,0
DA:97,0
DA:98,0
DA:102,0
LF:13
LH:4
BRDA:97,0,0,0
BRDA:97,0,1,0
BRF:2
BRH:0
end_of_record
TN:
SF:src/utils/aiResponseValidator.js
FN:61,(anonymous_0)
FN:84,(anonymous_1)
FN:92,(anonymous_2)
FN:94,(anonymous_3)
FN:95,(anonymous_4)
FN:101,(anonymous_5)
FN:104,(anonymous_6)
FN:106,(anonymous_7)
FNF:8
FNH:0
FNDA:0,(anonymous_0)
FNDA:0,(anonymous_1)
FNDA:0,(anonymous_2)
FNDA:0,(anonymous_3)
FNDA:0,(anonymous_4)
FNDA:0,(anonymous_5)
FNDA:0,(anonymous_6)
FNDA:0,(anonymous_7)
DA:1,12
DA:31,12
DA:61,12
DA:62,0
DA:63,0
DA:66,0
DA:67,0
DA:69,0
DA:70,0
DA:72,0
DA:73,0
DA:76,0
DA:77,0
DA:79,0
DA:84,12
DA:85,0
DA:86,0
DA:89,0
DA:92,12
DA:93,0
DA:94,0
DA:95,0
DA:101,0
DA:104,12
DA:106,12
DA:107,0
DA:108,0
DA:110,0
DA:111,0
DA:114,0
DA:116,0
DA:118,0
DA:121,0
DA:123,0
DA:124,0
DA:126,0
DA:127,0
DA:130,0
DA:133,0
DA:134,0
DA:137,0
DA:138,0
DA:141,0
LF:43
LH:7
BRDA:62,0,0,0
BRDA:62,0,1,0
BRDA:62,1,0,0
BRDA:62,1,1,0
BRDA:72,2,0,0
BRDA:72,2,1,0
BRDA:72,3,0,0
BRDA:72,3,1,0
BRDA:72,3,2,0
BRDA:85,4,0,0
BRDA:85,4,1,0
BRDA:94,5,0,0
BRDA:94,5,1,0
BRDA:96,6,0,0
BRDA:96,6,1,0
BRDA:98,7,0,0
BRDA:98,7,1,0
BRDA:99,8,0,0
BRDA:99,8,1,0
BRDA:101,9,0,0
BRDA:101,9,1,0
BRDA:101,9,2,0
BRDA:104,10,0,0
BRDA:104,10,1,0
BRDA:110,11,0,0
BRDA:110,11,1,0
BRDA:116,12,0,0
BRDA:116,12,1,0
BRDA:116,13,0,0
BRDA:116,13,1,0
BRDA:116,13,2,0
BRDA:124,14,0,0
BRDA:124,14,1,0
BRDA:133,15,0,0
BRDA:133,15,1,0
BRDA:133,16,0,0
BRDA:133,16,1,0
BRDA:137,17,0,0
BRDA:137,17,1,0
BRF:39
BRH:0
end_of_record
TN:
SF:src/utils/apiError.js
FN:4,(anonymous_0)
FNF:1
FNH:0
FNDA:0,(anonymous_0)
DA:5,0
DA:6,0
DA:7,0
DA:8,0
DA:9,0
DA:10,0
LF:6
LH:0
BRF:0
BRH:0
end_of_record
TN:
SF:src/utils/apiResponse.js
FN:1,(anonymous_0)
FNF:1
FNH:0
FNDA:0,(anonymous_0)
DA:1,12
DA:2,0
DA:8,0
DA:9,0
DA:12,0
LF:5
LH:1
BRDA:1,0,0,0
BRDA:1,1,0,0
BRDA:5,2,0,0
BRDA:5,2,1,0
BRDA:8,3,0,0
BRDA:8,3,1,0
BRF:6
BRH:0
end_of_record
TN:
SF:src/utils/asyncHandler.js
FN:1,(anonymous_0)
FN:2,(anonymous_1)
FNF:2
FNH:1
FNDA:720,(anonymous_0)
FNDA:0,(anonymous_1)
DA:1,12
DA:2,720
DA:3,0
LF:3
LH:2
BRF:0
BRH:0
end_of_record
TN:
SF:src/utils/dashboardPath.js
FN:7,(anonymous_0)
FNF:1
FNH:0
FNDA:0,(anonymous_0)
DA:1,12
DA:7,12
LF:2
LH:2
BRDA:7,0,0,0
BRDA:7,0,1,0
BRF:2
BRH:0
end_of_record
TN:
SF:src/utils/errorReporter.js
FN:4,(anonymous_0)
FN:12,(anonymous_1)
FNF:2
FNH:0
FNDA:0,(anonymous_0)
FNDA:0,(anonymous_1)
DA:4,12
DA:12,12
DA:13,0
DA:19,0
DA:21,0
LF:5
LH:2
BRDA:5,0,0,0
BRDA:5,0,1,0
BRDA:6,1,0,0
BRDA:6,1,1,0
BRDA:9,2,0,0
BRDA:9,2,1,0
BRDA:12,3,0,0
BRF:7
BRH:0
end_of_record
TN:
SF:src/utils/errors.js
FN:2,(anonymous_0)
FN:13,(anonymous_1)
FN:19,(anonymous_2)
FN:25,(anonymous_3)
FN:31,(anonymous_4)
FN:37,(anonymous_5)
FN:43,(anonymous_6)
FN:49,(anonymous_7)
FN:54,(anonymous_8)
FNF:9
FNH:0
FNDA:0,(anonymous_0)
FNDA:0,(anonymous_1)
FNDA:0,(anonymous_2)
FNDA:0,(anonymous_3)
FNDA:0,(anonymous_4)
FNDA:0,(anonymous_5)
FNDA:0,(anonymous_6)
FNDA:0,(anonymous_7)
FNDA:0,(anonymous_8)
DA:3,0
DA:4,0
DA:5,0
DA:6,0
DA:7,0
DA:8,0
DA:14,0
DA:20,0
DA:26,0
DA:32,0
DA:38,0
DA:44,0
DA:50,0
DA:54,12
DA:55,0
DA:56,0
DA:57,0
DA:58,0
DA:59,0
DA:60,0
DA:61,0
LF:21
LH:1
BRDA:2,0,0,0
BRDA:2,1,0,0
BRDA:2,2,0,0
BRDA:13,3,0,0
BRDA:13,4,0,0
BRDA:19,5,0,0
BRDA:25,6,0,0
BRDA:31,7,0,0
BRDA:37,8,0,0
BRDA:43,9,0,0
BRDA:49,10,0,0
BRDA:55,11,0,0
BRDA:55,11,1,0
BRDA:56,12,0,0
BRDA:56,12,1,0
BRDA:57,13,0,0
BRDA:57,13,1,0
BRDA:58,14,0,0
BRDA:58,14,1,0
BRDA:59,15,0,0
BRDA:59,15,1,0
BRDA:60,16,0,0
BRDA:60,16,1,0
BRDA:61,17,0,0
BRDA:61,17,1,0
BRDA:61,18,0,0
BRDA:61,18,1,0
BRF:27
BRH:0
end_of_record
TN:
SF:src/utils/generateToken.js
FN:3,(anonymous_0)
FNF:1
FNH:0
FNDA:0,(anonymous_0)
DA:3,12
DA:4,0
DA:5,0
DA:8,0
LF:4
LH:1
BRDA:4,0,0,0
BRDA:4,0,1,0
BRDA:16,1,0,0
BRDA:16,1,1,0
BRF:4
BRH:0
end_of_record
TN:
SF:src/utils/githubClient.js
FN:11,(anonymous_0)
FN:13,(anonymous_1)
FN:19,(anonymous_2)
FN:27,(anonymous_3)
FN:36,(anonymous_4)
FN:56,(anonymous_5)
FN:72,(anonymous_6)
FN:138,(anonymous_7)
FN:143,(anonymous_8)
FN:153,(anonymous_9)
FN:256,(anonymous_10)
FNF:11
FNH:0
FNDA:0,(anonymous_0)
FNDA:0,(anonymous_1)
FNDA:0,(anonymous_2)
FNDA:0,(anonymous_3)
FNDA:0,(anonymous_4)
FNDA:0,(anonymous_5)
FNDA:0,(anonymous_6)
FNDA:0,(anonymous_7)
FNDA:0,(anonymous_8)
FNDA:0,(anonymous_9)
FNDA:0,(anonymous_10)
DA:7,12
DA:8,12
DA:9,12
DA:11,12
DA:13,12
DA:14,0
DA:15,0
DA:19,12
DA:20,0
DA:21,0
DA:24,0
DA:27,12
DA:28,0
DA:29,0
DA:30,0
DA:31,0
DA:33,0
DA:36,12
DA:37,0
DA:38,0
DA:41,0
DA:43,0
DA:44,0
DA:47,0
DA:48,0
DA:50,0
DA:56,12
DA:57,0
DA:59,0
DA:69,0
DA:72,12
DA:73,0
DA:74,0
DA:75,0
DA:77,0
DA:78,0
DA:91,0
DA:92,0
DA:93,0
DA:95,0
DA:96,0
DA:99,0
DA:100,0
DA:101,0
DA:104,0
DA:106,0
DA:107,0
DA:108,0
DA:111,0
DA:116,0
DA:117,0
DA:118,0
DA:120,0
DA:121,0
DA:134,0
DA:138,12
DA:139,0
DA:140,0
DA:143,0
DA:145,0
DA:146,0
DA:149,0
DA:150,0
DA:153,12
DA:154,0
DA:155,0
DA:156,0
DA:158,0
DA:159,0
DA:160,0
DA:161,0
DA:166,0
DA:168,0
DA:178,0
DA:179,0
DA:181,0
DA:182,0
DA:194,0
DA:196,0
DA:197,0
DA:198,0
DA:199,0
DA:210,0
DA:213,0
DA:214,0
DA:215,0
DA:218,0
DA:219,0
DA:220,0
DA:223,0
DA:225,0
DA:230,0
DA:232,0
DA:233,0
DA:234,0
DA:237,0
DA:252,0
DA:256,12
DA:257,0
DA:258,0
DA:259,0
DA:261,0
DA:262,0
DA:273,0
DA:274,0
DA:277,0
DA:278,0
DA:281,0
LF:108
LH:13
BRDA:11,0,0,0
BRDA:11,0,1,0
BRDA:14,1,0,0
BRDA:14,1,1,0
BRDA:14,2,0,0
BRDA:14,2,1,0
BRDA:14,2,2,0
BRDA:20,3,0,0
BRDA:20,3,1,0
BRDA:37,4,0,0
BRDA:37,4,1,0
BRDA:43,5,0,0
BRDA:43,5,1,0
BRDA:43,6,0,0
BRDA:43,6,1,0
BRDA:43,6,2,0
BRDA:95,7,0,0
BRDA:95,7,1,0
BRDA:99,8,0,0
BRDA:99,8,1,0
BRDA:106,9,0,0
BRDA:106,9,1,0
BRDA:108,10,0,0
BRDA:108,10,1,0
BRDA:113,11,0,0
BRDA:113,11,1,0
BRDA:117,12,0,0
BRDA:117,12,1,0
BRDA:139,13,0,0
BRDA:139,13,1,0
BRDA:145,14,0,0
BRDA:145,14,1,0
BRDA:150,15,0,0
BRDA:150,15,1,0
BRDA:153,16,0,0
BRDA:153,17,0,0
BRDA:153,18,0,0
BRDA:153,19,0,0
BRDA:155,20,0,0
BRDA:155,20,1,0
BRDA:158,21,0,0
BRDA:158,21,1,0
BRDA:160,22,0,0
BRDA:160,22,1,0
BRDA:160,23,0,0
BRDA:160,23,1,0
BRDA:174,24,0,0
BRDA:174,24,1,0
BRDA:176,25,0,0
BRDA:176,25,1,0
BRDA:181,26,0,0
BRDA:181,26,1,0
BRDA:196,27,0,0
BRDA:196,27,1,0
BRDA:196,28,0,0
BRDA:196,28,1,0
BRDA:196,28,2,0
BRDA:213,29,0,0
BRDA:213,29,1,0
BRDA:218,30,0,0
BRDA:218,30,1,0
BRDA:226,31,0,0
BRDA:226,31,1,0
BRDA:232,32,0,0
BRDA:232,32,1,0
BRDA:256,33,0,0
BRDA:256,34,0,0
BRDA:273,35,0,0
BRDA:273,35,1,0
BRDA:279,36,0,0
BRDA:279,36,1,0
BRF:71
BRH:0
end_of_record
TN:
SF:src/utils/gracefulShutdown.js
FN:6,(anonymous_0)
FN:10,(anonymous_1)
FN:15,(anonymous_2)
FN:23,(anonymous_3)
FN:31,(anonymous_4)
FN:33,(anonymous_5)
FN:51,(anonymous_6)
FN:52,(anonymous_7)
FN:53,(anonymous_8)
FNF:9
FNH:4
FNDA:1,(anonymous_0)
FNDA:0,(anonymous_1)
FNDA:1,(anonymous_2)
FNDA:0,(anonymous_3)
FNDA:1,(anonymous_4)
FNDA:1,(anonymous_5)
FNDA:0,(anonymous_6)
FNDA:0,(anonymous_7)
FNDA:0,(anonymous_8)
DA:4,1
DA:6,1
DA:10,0
DA:13,1
DA:15,1
DA:16,1
DA:17,0
DA:20,1
DA:21,1
DA:23,1
DA:24,0
DA:25,0
DA:27,1
DA:29,1
DA:31,1
DA:32,1
DA:33,1
DA:37,1
DA:38,1
DA:39,1
DA:40,1
DA:41,1
DA:43,0
DA:44,0
DA:45,0
DA:46,0
DA:51,1
DA:52,0
DA:53,0
LF:29
LH:19
BRDA:6,0,0,0
BRDA:8,1,0,0
BRDA:9,2,0,0
BRDA:10,3,0,0
BRDA:11,4,0,0
BRDA:16,5,0,0
BRDA:16,5,1,1
BRDA:32,6,0,0
BRDA:32,6,1,1
BRDA:33,7,0,0
BRDA:33,7,1,1
BRF:11
BRH:3
end_of_record
TN:
SF:src/utils/healthCalculator.js
FN:1,(anonymous_0)
FN:3,(anonymous_1)
FN:20,(anonymous_2)
FN:25,(anonymous_3)
FN:31,(anonymous_4)
FNF:5
FNH:0
FNDA:0,(anonymous_0)
FNDA:0,(anonymous_1)
FNDA:0,(anonymous_2)
FNDA:0,(anonymous_3)
FNDA:0,(anonymous_4)
DA:1,12
DA:3,12
DA:10,0
DA:11,0
DA:12,0
DA:13,0
DA:14,0
DA:17,0
DA:20,12
DA:21,0
DA:22,0
DA:25,0
DA:28,0
DA:31,12
DA:38,0
DA:39,0
DA:42,0
DA:43,0
DA:46,0
LF:19
LH:4
BRDA:1,0,0,0
BRDA:1,1,0,0
BRDA:4,2,0,0
BRDA:5,3,0,0
BRDA:6,4,0,0
BRDA:7,5,0,0
BRDA:8,6,0,0
BRDA:10,7,0,0
BRDA:10,7,1,0
BRDA:21,8,0,0
BRDA:21,8,1,0
BRDA:32,9,0,0
BRDA:33,10,0,0
BRDA:34,11,0,0
BRDA:35,12,0,0
BRDA:36,13,0,0
BRDA:38,14,0,0
BRDA:38,14,1,0
BRF:18
BRH:0
end_of_record
TN:
SF:src/utils/metrics.js
FN:1,(anonymous_0)
FN:25,(anonymous_1)
FN:33,(anonymous_2)
FN:44,(anonymous_3)
FN:49,(anonymous_4)
FN:54,(anonymous_5)
FN:58,(anonymous_6)
FN:66,(anonymous_7)
FN:70,(anonymous_8)
FNF:9
FNH:3
FNDA:52,(anonymous_0)
FNDA:2,(anonymous_1)
FNDA:0,(anonymous_2)
FNDA:0,(anonymous_3)
FNDA:0,(anonymous_4)
FNDA:0,(anonymous_5)
FNDA:2,(anonymous_6)
FNDA:0,(anonymous_7)
FNDA:0,(anonymous_8)
DA:1,52
DA:8,13
DA:25,13
DA:26,2
DA:27,2
DA:28,2
DA:29,2
DA:32,13
DA:34,0
DA:35,0
DA:37,0
DA:38,0
DA:41,0
DA:45,0
DA:46,0
DA:50,0
DA:51,0
DA:55,0
DA:59,2
DA:61,2
DA:62,1
DA:67,0
DA:71,0
DA:72,0
DA:73,0
DA:74,0
DA:75,0
DA:76,0
DA:77,0
DA:78,0
LF:30
LH:11
BRDA:35,0,0,0
BRDA:35,0,1,0
BRDA:37,1,0,0
BRDA:37,1,1,0
BRDA:45,2,0,0
BRDA:45,2,1,0
BRDA:50,3,0,0
BRDA:50,3,1,0
BRDA:58,4,0,1
BRDA:61,5,0,1
BRDA:61,5,1,1
BRF:11
BRH:3
end_of_record
TN:
SF:src/utils/notificationSender.js
FN:3,(anonymous_0)
FN:14,(anonymous_1)
FNF:2
FNH:0
FNDA:0,(anonymous_0)
FNDA:0,(anonymous_1)
DA:3,12
DA:5,0
DA:14,12
DA:15,0
DA:16,0
DA:20,0
LF:6
LH:2
BRDA:3,0,0,0
BRDA:14,1,0,0
BRDA:15,2,0,0
BRDA:15,2,1,0
BRF:4
BRH:0
end_of_record
TN:
SF:src/utils/reportCalculations.js
FN:1,(anonymous_0)
FN:8,(anonymous_1)
FN:12,(anonymous_2)
FN:16,(anonymous_3)
FN:24,(anonymous_4)
FN:30,(anonymous_5)
FN:33,(anonymous_6)
FN:34,(anonymous_7)
FN:40,(anonymous_8)
FN:41,(anonymous_9)
FN:47,(anonymous_10)
FN:48,(anonymous_11)
FN:49,(anonymous_12)
FN:56,(anonymous_13)
FN:57,(anonymous_14)
FN:63,(anonymous_15)
FN:64,(anonymous_16)
FN:70,(anonymous_17)
FN:87,(anonymous_18)
FN:99,(anonymous_19)
FN:117,(anonymous_20)
FN:123,(anonymous_21)
FN:126,(anonymous_22)
FN:146,(anonymous_23)
FN:151,(anonymous_24)
FNF:25
FNH:0
FNDA:0,(anonymous_0)
FNDA:0,(anonymous_1)
FNDA:0,(anonymous_2)
FNDA:0,(anonymous_3)
FNDA:0,(anonymous_4)
FNDA:0,(anonymous_5)
FNDA:0,(anonymous_6)
FNDA:0,(anonymous_7)
FNDA:0,(anonymous_8)
FNDA:0,(anonymous_9)
FNDA:0,(anonymous_10)
FNDA:0,(anonymous_11)
FNDA:0,(anonymous_12)
FNDA:0,(anonymous_13)
FNDA:0,(anonymous_14)
FNDA:0,(anonymous_15)
FNDA:0,(anonymous_16)
FNDA:0,(anonymous_17)
FNDA:0,(anonymous_18)
FNDA:0,(anonymous_19)
FNDA:0,(anonymous_20)
FNDA:0,(anonymous_21)
FNDA:0,(anonymous_22)
FNDA:0,(anonymous_23)
FNDA:0,(anonymous_24)
DA:1,12
DA:3,12
DA:4,12
DA:5,12
DA:6,12
DA:8,12
DA:9,0
DA:12,12
DA:13,0
DA:16,12
DA:17,0
DA:18,0
DA:21,0
DA:24,12
DA:25,0
DA:26,0
DA:30,0
DA:33,12
DA:34,0
DA:37,0
DA:40,12
DA:41,0
DA:44,0
DA:47,12
DA:48,0
DA:49,0
DA:50,0
DA:53,0
DA:56,12
DA:57,0
DA:60,0
DA:63,12
DA:64,0
DA:67,0
DA:70,12
DA:77,0
DA:78,0
DA:79,0
DA:80,0
DA:81,0
DA:84,0
DA:87,12
DA:88,0
DA:89,0
DA:92,0
DA:93,0
DA:96,0
DA:99,12
DA:106,0
DA:107,0
DA:110,0
DA:111,0
DA:114,0
DA:117,12
DA:118,0
DA:119,0
DA:123,0
DA:126,12
DA:127,0
DA:128,0
DA:130,0
DA:131,0
DA:134,0
DA:135,0
DA:138,0
DA:139,0
DA:143,0
DA:146,12
DA:148,0
DA:151,12
DA:152,0
DA:154,0
DA:155,0
DA:158,0
DA:159,0
DA:162,0
DA:163,0
DA:166,0
DA:167,0
DA:170,0
LF:80
LH:21
BRDA:1,0,0,0
BRDA:1,1,0,0
BRDA:8,2,0,0
BRDA:9,3,0,0
BRDA:9,3,1,0
BRDA:9,3,2,0
BRDA:12,4,0,0
BRDA:13,5,0,0
BRDA:13,5,1,0
BRDA:13,5,2,0
BRDA:17,6,0,0
BRDA:17,6,1,0
BRDA:25,7,0,0
BRDA:25,7,1,0
BRDA:47,8,0,0
BRDA:56,9,0,0
BRDA:71,10,0,0
BRDA:72,11,0,0
BRDA:73,12,0,0
BRDA:74,13,0,0
BRDA:75,14,0,0
BRDA:77,15,0,0
BRDA:77,15,1,0
BRDA:88,16,0,0
BRDA:88,16,1,0
BRDA:106,17,0,0
BRDA:106,17,1,0
BRDA:118,18,0,0
BRDA:118,18,1,0
BRDA:130,19,0,0
BRDA:130,19,1,0
BRDA:130,20,0,0
BRDA:130,20,1,0
BRDA:130,20,2,0
BRDA:130,20,3,0
BRDA:130,20,4,0
BRDA:134,21,0,0
BRDA:134,21,1,0
BRDA:134,22,0,0
BRDA:134,22,1,0
BRDA:134,22,2,0
BRDA:134,22,3,0
BRDA:134,22,4,0
BRDA:138,23,0,0
BRDA:138,23,1,0
BRDA:138,24,0,0
BRDA:138,24,1,0
BRDA:138,24,2,0
BRDA:138,24,3,0
BRDA:154,25,0,0
BRDA:154,25,1,0
BRDA:158,26,0,0
BRDA:158,26,1,0
BRDA:162,27,0,0
BRDA:162,27,1,0
BRDA:162,28,0,0
BRDA:162,28,1,0
BRDA:166,29,0,0
BRDA:166,29,1,0
BRDA:166,30,0,0
BRDA:166,30,1,0
BRF:61
BRH:0
end_of_record
TN:
SF:src/utils/requestContext.js
FN:5,(anonymous_0)
FN:7,(anonymous_1)
FN:9,(anonymous_2)
FN:11,(anonymous_3)
FNF:4
FNH:3
FNDA:1,(anonymous_0)
FNDA:1,(anonymous_1)
FNDA:1,(anonymous_2)
FNDA:0,(anonymous_3)
DA:3,13
DA:5,13
DA:7,13
DA:9,13
DA:11,13
DA:12,0
DA:13,0
LF:7
LH:5
BRDA:7,0,0,1
BRDA:7,0,1,0
BRDA:13,1,0,0
BRDA:13,1,1,0
BRF:4
BRH:1
end_of_record
TN:
SF:src/utils/safeUser.js
FN:22,(anonymous_0)
FNF:1
FNH:0
FNDA:0,(anonymous_0)
DA:1,12
DA:22,12
LF:2
LH:2
BRDA:35,0,0,0
BRDA:35,0,1,0
BRF:2
BRH:0
end_of_record
TN:
SF:src/validators/ai.validator.js
FNF:0
FNH:0
DA:3,12
DA:7,12
DA:11,12
LF:3
LH:3
BRF:0
BRH:0
end_of_record
TN:
SF:src/validators/auth.validator.js
FNF:0
FNH:0
DA:4,12
DA:17,12
LF:2
LH:2
BRF:0
BRH:0
end_of_record
TN:
SF:src/validators/common.validator.js
FN:9,(anonymous_0)
FN:16,(anonymous_1)
FN:23,(anonymous_2)
FN:29,(anonymous_3)
FN:35,(anonymous_4)
FN:72,(anonymous_5)
FN:75,(anonymous_6)
FN:76,(anonymous_7)
FN:76,(anonymous_8)
FNF:9
FNH:4
FNDA:144,(anonymous_0)
FNDA:0,(anonymous_1)
FNDA:48,(anonymous_2)
FNDA:0,(anonymous_3)
FNDA:0,(anonymous_4)
FNDA:48,(anonymous_5)
FNDA:36,(anonymous_6)
FNDA:0,(anonymous_7)
FNDA:0,(anonymous_8)
DA:3,13
DA:5,13
DA:7,13
DA:9,13
DA:10,144
DA:16,13
DA:17,0
DA:23,13
DA:24,48
DA:29,0
DA:31,13
DA:35,0
DA:37,13
DA:39,13
DA:44,13
DA:48,13
DA:52,13
DA:56,13
DA:60,13
DA:64,13
DA:66,13
DA:68,13
DA:70,13
DA:72,13
DA:73,48
DA:75,13
DA:76,36
LF:27
LH:24
BRDA:9,0,0,0
BRDA:9,1,0,0
BRDA:9,2,0,0
BRDA:16,3,0,0
BRDA:16,4,0,0
BRDA:23,5,0,0
BRDA:23,6,0,0
BRDA:29,7,0,0
BRDA:29,7,1,0
BRDA:75,8,0,0
BRF:10
BRH:0
end_of_record
TN:
SF:src/validators/github.validator.js
FNF:0
FNH:0
DA:4,12
DA:9,12
DA:14,12
DA:21,12
DA:29,12
LF:5
LH:5
BRF:0
BRH:0
end_of_record
TN:
SF:src/validators/project.validator.js
FN:19,(anonymous_0)
FN:21,(anonymous_1)
FNF:2
FNH:0
FNDA:0,(anonymous_0)
FNDA:0,(anonymous_1)
DA:15,12
DA:19,0
DA:21,0
DA:23,12
DA:30,12
DA:34,12
DA:39,12
DA:49,12
DA:65,12
LF:9
LH:7
BRF:0
BRH:0
end_of_record
TN:
SF:src/validators/report.validator.js
FN:23,(anonymous_0)
FNF:1
FNH:0
FNDA:0,(anonymous_0)
DA:12,12
DA:14,12
DA:23,0
DA:28,12
DA:33,12
DA:38,12
DA:43,12
LF:7
LH:6
BRDA:23,0,0,0
BRDA:23,0,1,0
BRDA:23,0,2,0
BRF:3
BRH:0
end_of_record
TN:
SF:src/validators/task.validator.js
FNF:0
FNH:0
DA:16,12
DA:26,12
DA:30,12
DA:41,12
DA:56,12
DA:63,12
DA:70,12
LF:7
LH:7
BRF:0
BRH:0
end_of_record
TN:
SF:src/validators/team.validator.js
FNF:0
FNH:0
DA:12,12
DA:14,12
DA:18,12
DA:22,12
DA:28,12
DA:37,12
DA:49,12
LF:7
LH:7
BRF:0
BRH:0
end_of_record
